{"C:\\finalproject\\disasteraid-v2\\backend\\src\\server.ts": {"path":"C:\\finalproject\\disasteraid-v2\\backend\\src\\server.ts","statementMap":{"0":{"start":{"line":1,"column":0},"end":{"line":1,"column":30}},"1":{"start":{"line":2,"column":0},"end":{"line":2,"column":24}},"2":{"start":{"line":3,"column":0},"end":{"line":3,"column":28}},"3":{"start":{"line":4,"column":0},"end":{"line":4,"column":36}},"4":{"start":{"line":5,"column":0},"end":{"line":5,"column":53}},"5":{"start":{"line":7,"column":0},"end":{"line":7,"column":38}},"6":{"start":{"line":8,"column":0},"end":{"line":8,"column":65}},"7":{"start":{"line":9,"column":0},"end":{"line":9,"column":58}},"8":{"start":{"line":10,"column":0},"end":{"line":10,"column":60}},"9":{"start":{"line":11,"column":0},"end":{"line":11,"column":71}},"10":{"start":{"line":14,"column":0},"end":{"line":14,"column":55}},"11":{"start":{"line":15,"column":0},"end":{"line":15,"column":58}},"12":{"start":{"line":16,"column":0},"end":{"line":16,"column":70}},"13":{"start":{"line":17,"column":0},"end":{"line":17,"column":55}},"14":{"start":{"line":18,"column":0},"end":{"line":18,"column":70}},"15":{"start":{"line":19,"column":0},"end":{"line":19,"column":73}},"16":{"start":{"line":22,"column":12},"end":{"line":22,"column":21}},"17":{"start":{"line":124,"column":9},"end":{"line":124,"column":12}},"18":{"start":{"line":23,"column":19},"end":{"line":23,"column":36}},"19":{"start":{"line":124,"column":14},"end":{"line":124,"column":24}},"20":{"start":{"line":25,"column":0},"end":{"line":25,"column":26}},"21":{"start":{"line":28,"column":0},"end":{"line":28,"column":18}},"22":{"start":{"line":31,"column":23},"end":{"line":31,"column":71}},"23":{"start":{"line":31,"column":62},"end":{"line":31,"column":70}},"24":{"start":{"line":32,"column":0},"end":{"line":32,"column":73}},"25":{"start":{"line":34,"column":20},"end":{"line":52,"column":2}},"26":{"start":{"line":39,"column":4},"end":{"line":41,"column":5}},"27":{"start":{"line":40,"column":6},"end":{"line":40,"column":34}},"28":{"start":{"line":42,"column":4},"end":{"line":44,"column":5}},"29":{"start":{"line":43,"column":6},"end":{"line":43,"column":34}},"30":{"start":{"line":45,"column":4},"end":{"line":45,"column":54}},"31":{"start":{"line":46,"column":4},"end":{"line":46,"column":62}},"32":{"start":{"line":54,"column":0},"end":{"line":54,"column":27}},"33":{"start":{"line":57,"column":0},"end":{"line":57,"column":36}},"34":{"start":{"line":60,"column":0},"end":{"line":60,"column":21}},"35":{"start":{"line":63,"column":0},"end":{"line":63,"column":41}},"36":{"start":{"line":64,"column":0},"end":{"line":64,"column":63}},"37":{"start":{"line":67,"column":0},"end":{"line":75,"column":3}},"38":{"start":{"line":68,"column":20},"end":{"line":68,"column":47}},"39":{"start":{"line":69,"column":2},"end":{"line":74,"column":5}},"40":{"start":{"line":78,"column":0},"end":{"line":78,"column":33}},"41":{"start":{"line":79,"column":0},"end":{"line":79,"column":35}},"42":{"start":{"line":80,"column":0},"end":{"line":80,"column":43}},"43":{"start":{"line":81,"column":0},"end":{"line":81,"column":33}},"44":{"start":{"line":82,"column":0},"end":{"line":82,"column":43}},"45":{"start":{"line":83,"column":0},"end":{"line":83,"column":45}},"46":{"start":{"line":86,"column":0},"end":{"line":88,"column":3}},"47":{"start":{"line":87,"column":2},"end":{"line":87,"column":53}},"48":{"start":{"line":91,"column":0},"end":{"line":91,"column":22}},"49":{"start":{"line":94,"column":11},"end":{"line":99,"column":2}},"50":{"start":{"line":96,"column":57},"end":{"line":96,"column":65}},"51":{"start":{"line":101,"column":0},"end":{"line":101,"column":26}},"52":{"start":{"line":104,"column":25},"end":{"line":119,"column":1}},"53":{"start":{"line":105,"column":2},"end":{"line":105,"column":67}},"54":{"start":{"line":107,"column":2},"end":{"line":112,"column":5}},"55":{"start":{"line":108,"column":4},"end":{"line":108,"column":38}},"56":{"start":{"line":109,"column":4},"end":{"line":109,"column":21}},"57":{"start":{"line":110,"column":4},"end":{"line":110,"column":40}},"58":{"start":{"line":111,"column":4},"end":{"line":111,"column":20}},"59":{"start":{"line":115,"column":2},"end":{"line":118,"column":12}},"60":{"start":{"line":116,"column":4},"end":{"line":116,"column":51}},"61":{"start":{"line":117,"column":4},"end":{"line":117,"column":20}},"62":{"start":{"line":121,"column":0},"end":{"line":121,"column":57}},"63":{"start":{"line":121,"column":28},"end":{"line":121,"column":55}},"64":{"start":{"line":122,"column":0},"end":{"line":122,"column":55}},"65":{"start":{"line":122,"column":27},"end":{"line":122,"column":53}}},"fnMap":{"0":{"name":"(anonymous_1)","decl":{"start":{"line":31,"column":55},"end":{"line":31,"column":56}},"loc":{"start":{"line":31,"column":62},"end":{"line":31,"column":70}}},"1":{"name":"(anonymous_2)","decl":{"start":{"line":38,"column":6},"end":{"line":38,"column":7}},"loc":{"start":{"line":38,"column":93},"end":{"line":47,"column":3}}},"2":{"name":"(anonymous_3)","decl":{"start":{"line":67,"column":23},"end":{"line":67,"column":28}},"loc":{"start":{"line":67,"column":43},"end":{"line":75,"column":1}}},"3":{"name":"(anonymous_4)","decl":{"start":{"line":86,"column":8},"end":{"line":86,"column":9}},"loc":{"start":{"line":86,"column":22},"end":{"line":88,"column":1}}},"4":{"name":"(anonymous_5)","decl":{"start":{"line":96,"column":50},"end":{"line":96,"column":51}},"loc":{"start":{"line":96,"column":57},"end":{"line":96,"column":65}}},"5":{"name":"(anonymous_6)","decl":{"start":{"line":104,"column":25},"end":{"line":104,"column":30}},"loc":{"start":{"line":104,"column":50},"end":{"line":119,"column":1}}},"6":{"name":"(anonymous_7)","decl":{"start":{"line":107,"column":19},"end":{"line":107,"column":24}},"loc":{"start":{"line":107,"column":30},"end":{"line":112,"column":3}}},"7":{"name":"(anonymous_8)","decl":{"start":{"line":115,"column":13},"end":{"line":115,"column":16}},"loc":{"start":{"line":115,"column":18},"end":{"line":118,"column":3}}},"8":{"name":"(anonymous_9)","decl":{"start":{"line":121,"column":22},"end":{"line":121,"column":25}},"loc":{"start":{"line":121,"column":28},"end":{"line":121,"column":55}}},"9":{"name":"(anonymous_10)","decl":{"start":{"line":122,"column":21},"end":{"line":122,"column":24}},"loc":{"start":{"line":122,"column":27},"end":{"line":122,"column":53}}}},"branchMap":{"0":{"loc":{"start":{"line":35,"column":10},"end":{"line":47,"column":3}},"type":"cond-expr","locations":[{"start":{"line":36,"column":6},"end":{"line":36,"column":10}},{"start":{"line":38,"column":6},"end":{"line":47,"column":3}}]},"1":{"loc":{"start":{"line":39,"column":4},"end":{"line":41,"column":5}},"type":"if","locations":[{"start":{"line":39,"column":4},"end":{"line":41,"column":5}}]},"2":{"loc":{"start":{"line":42,"column":4},"end":{"line":44,"column":5}},"type":"if","locations":[{"start":{"line":42,"column":4},"end":{"line":44,"column":5}}]},"3":{"loc":{"start":{"line":69,"column":13},"end":{"line":69,"column":34}},"type":"cond-expr","locations":[{"start":{"line":69,"column":25},"end":{"line":69,"column":28}},{"start":{"line":69,"column":31},"end":{"line":69,"column":34}}]},"4":{"loc":{"start":{"line":70,"column":12},"end":{"line":70,"column":47}},"type":"cond-expr","locations":[{"start":{"line":70,"column":24},"end":{"line":70,"column":33}},{"start":{"line":70,"column":36},"end":{"line":70,"column":47}}]},"5":{"loc":{"start":{"line":73,"column":14},"end":{"line":73,"column":54}},"type":"cond-expr","locations":[{"start":{"line":73,"column":26},"end":{"line":73,"column":37}},{"start":{"line":73,"column":40},"end":{"line":73,"column":54}}]}},"s":{"0":1,"1":1,"2":1,"3":1,"4":1,"5":1,"6":1,"7":1,"8":1,"9":1,"10":1,"11":1,"12":1,"13":1,"14":1,"15":1,"16":1,"17":1,"18":1,"19":1,"20":1,"21":1,"22":1,"23":4,"24":1,"25":1,"26":0,"27":0,"28":0,"29":0,"30":0,"31":0,"32":1,"33":1,"34":1,"35":1,"36":1,"37":1,"38":0,"39":0,"40":1,"41":1,"42":1,"43":1,"44":1,"45":1,"46":1,"47":0,"48":1,"49":1,"50":1,"51":1,"52":1,"53":0,"54":0,"55":0,"56":0,"57":0,"58":0,"59":0,"60":0,"61":0,"62":1,"63":0,"64":1,"65":0},"f":{"0":4,"1":0,"2":0,"3":0,"4":1,"5":0,"6":0,"7":0,"8":0,"9":0},"b":{"0":[1,0],"1":[0],"2":[0],"3":[0,0],"4":[0,0],"5":[0,0]}}
,"C:\\finalproject\\disasteraid-v2\\backend\\src\\config\\database.ts": {"path":"C:\\finalproject\\disasteraid-v2\\backend\\src\\config\\database.ts","statementMap":{"0":{"start":{"line":26,"column":0},"end":{"line":26,"column":7}},"1":{"start":{"line":1,"column":0},"end":{"line":1,"column":38}},"2":{"start":{"line":2,"column":0},"end":{"line":2,"column":31}},"3":{"start":{"line":4,"column":31},"end":{"line":13,"column":2}},"4":{"start":{"line":15,"column":13},"end":{"line":15,"column":41}},"5":{"start":{"line":18,"column":0},"end":{"line":21,"column":3}},"6":{"start":{"line":19,"column":2},"end":{"line":19,"column":58}},"7":{"start":{"line":20,"column":2},"end":{"line":20,"column":19}},"8":{"start":{"line":27,"column":2},"end":{"line":33,"column":3}},"9":{"start":{"line":28,"column":19},"end":{"line":28,"column":53}},"10":{"start":{"line":29,"column":4},"end":{"line":29,"column":36}},"11":{"start":{"line":31,"column":4},"end":{"line":31,"column":56}},"12":{"start":{"line":32,"column":4},"end":{"line":32,"column":17}}},"fnMap":{"0":{"name":"(anonymous_0)","decl":{"start":{"line":18,"column":17},"end":{"line":18,"column":18}},"loc":{"start":{"line":18,"column":25},"end":{"line":21,"column":1}}},"1":{"name":"checkDatabaseHealth","decl":{"start":{"line":26,"column":22},"end":{"line":26,"column":41}},"loc":{"start":{"line":26,"column":41},"end":{"line":34,"column":1}}}},"branchMap":{},"s":{"0":1,"1":1,"2":1,"3":1,"4":1,"5":1,"6":0,"7":0,"8":0,"9":0,"10":0,"11":0,"12":0},"f":{"0":0,"1":0},"b":{}}
,"C:\\finalproject\\disasteraid-v2\\backend\\src\\config\\env.ts": {"path":"C:\\finalproject\\disasteraid-v2\\backend\\src\\config\\env.ts","statementMap":{"0":{"start":{"line":1,"column":0},"end":{"line":1,"column":24}},"1":{"start":{"line":2,"column":0},"end":{"line":2,"column":28}},"2":{"start":{"line":4,"column":0},"end":{"line":4,"column":16}},"3":{"start":{"line":6,"column":18},"end":{"line":42,"column":2}},"4":{"start":{"line":44,"column":15},"end":{"line":44,"column":47}},"5":{"start":{"line":46,"column":0},"end":{"line":50,"column":1}},"6":{"start":{"line":47,"column":2},"end":{"line":47,"column":52}},"7":{"start":{"line":48,"column":2},"end":{"line":48,"column":52}},"8":{"start":{"line":49,"column":2},"end":{"line":49,"column":18}},"9":{"start":{"line":52,"column":13},"end":{"line":52,"column":31}}},"fnMap":{},"branchMap":{"0":{"loc":{"start":{"line":46,"column":0},"end":{"line":50,"column":1}},"type":"if","locations":[{"start":{"line":46,"column":0},"end":{"line":50,"column":1}}]}},"s":{"0":1,"1":1,"2":1,"3":1,"4":1,"5":1,"6":0,"7":0,"8":0,"9":1},"f":{},"b":{"0":[0]}}
,"C:\\finalproject\\disasteraid-v2\\backend\\src\\middleware\\auth.ts": {"path":"C:\\finalproject\\disasteraid-v2\\backend\\src\\middleware\\auth.ts","statementMap":{"0":{"start":{"line":23,"column":0},"end":{"line":23,"column":7}},"1":{"start":{"line":2,"column":0},"end":{"line":2,"column":31}},"2":{"start":{"line":3,"column":0},"end":{"line":3,"column":45}},"3":{"start":{"line":4,"column":0},"end":{"line":4,"column":39}},"4":{"start":{"line":28,"column":2},"end":{"line":69,"column":3}},"5":{"start":{"line":29,"column":23},"end":{"line":29,"column":48}},"6":{"start":{"line":30,"column":4},"end":{"line":33,"column":5}},"7":{"start":{"line":31,"column":6},"end":{"line":31,"column":65}},"8":{"start":{"line":32,"column":6},"end":{"line":32,"column":13}},"9":{"start":{"line":35,"column":18},"end":{"line":35,"column":42}},"10":{"start":{"line":36,"column":4},"end":{"line":39,"column":5}},"11":{"start":{"line":37,"column":6},"end":{"line":37,"column":62}},"12":{"start":{"line":38,"column":6},"end":{"line":38,"column":13}},"13":{"start":{"line":41,"column":20},"end":{"line":41,"column":75}},"14":{"start":{"line":44,"column":19},"end":{"line":49,"column":null}},"15":{"start":{"line":52,"column":4},"end":{"line":55,"column":5}},"16":{"start":{"line":53,"column":6},"end":{"line":53,"column":56}},"17":{"start":{"line":54,"column":6},"end":{"line":54,"column":13}},"18":{"start":{"line":57,"column":4},"end":{"line":57,"column":42}},"19":{"start":{"line":58,"column":4},"end":{"line":58,"column":11}},"20":{"start":{"line":60,"column":4},"end":{"line":63,"column":5}},"21":{"start":{"line":61,"column":6},"end":{"line":61,"column":55}},"22":{"start":{"line":62,"column":6},"end":{"line":62,"column":13}},"23":{"start":{"line":64,"column":4},"end":{"line":67,"column":5}},"24":{"start":{"line":65,"column":6},"end":{"line":65,"column":55}},"25":{"start":{"line":66,"column":6},"end":{"line":66,"column":13}},"26":{"start":{"line":68,"column":4},"end":{"line":68,"column":14}}},"fnMap":{"0":{"name":"authenticate","decl":{"start":{"line":23,"column":22},"end":{"line":23,"column":34}},"loc":{"start":{"line":26,"column":20},"end":{"line":70,"column":1}}}},"branchMap":{"0":{"loc":{"start":{"line":30,"column":4},"end":{"line":33,"column":5}},"type":"if","locations":[{"start":{"line":30,"column":4},"end":{"line":33,"column":5}}]},"1":{"loc":{"start":{"line":30,"column":8},"end":{"line":30,"column":56}},"type":"binary-expr","locations":[{"start":{"line":30,"column":8},"end":{"line":30,"column":19}},{"start":{"line":30,"column":23},"end":{"line":30,"column":56}}]},"2":{"loc":{"start":{"line":36,"column":4},"end":{"line":39,"column":5}},"type":"if","locations":[{"start":{"line":36,"column":4},"end":{"line":39,"column":5}}]},"3":{"loc":{"start":{"line":52,"column":4},"end":{"line":55,"column":5}},"type":"if","locations":[{"start":{"line":52,"column":4},"end":{"line":55,"column":5}}]},"4":{"loc":{"start":{"line":60,"column":4},"end":{"line":63,"column":5}},"type":"if","locations":[{"start":{"line":60,"column":4},"end":{"line":63,"column":5}}]},"5":{"loc":{"start":{"line":64,"column":4},"end":{"line":67,"column":5}},"type":"if","locations":[{"start":{"line":64,"column":4},"end":{"line":67,"column":5}}]}},"s":{"0":1,"1":1,"2":1,"3":1,"4":2,"5":2,"6":2,"7":2,"8":2,"9":0,"10":0,"11":0,"12":0,"13":0,"14":0,"15":0,"16":0,"17":0,"18":0,"19":0,"20":0,"21":0,"22":0,"23":0,"24":0,"25":0,"26":0},"f":{"0":2},"b":{"0":[2],"1":[2,0],"2":[0],"3":[0],"4":[0],"5":[0]}}
,"C:\\finalproject\\disasteraid-v2\\backend\\src\\middleware\\authorize.ts": {"path":"C:\\finalproject\\disasteraid-v2\\backend\\src\\middleware\\authorize.ts","statementMap":{"0":{"start":{"line":8,"column":0},"end":{"line":8,"column":16}},"1":{"start":{"line":9,"column":2},"end":{"line":25,"column":4}},"2":{"start":{"line":10,"column":4},"end":{"line":13,"column":5}},"3":{"start":{"line":11,"column":6},"end":{"line":11,"column":65}},"4":{"start":{"line":12,"column":6},"end":{"line":12,"column":13}},"5":{"start":{"line":15,"column":4},"end":{"line":22,"column":5}},"6":{"start":{"line":16,"column":6},"end":{"line":20,"column":9}},"7":{"start":{"line":21,"column":6},"end":{"line":21,"column":13}},"8":{"start":{"line":24,"column":4},"end":{"line":24,"column":11}}},"fnMap":{"0":{"name":"authorize","decl":{"start":{"line":8,"column":16},"end":{"line":8,"column":25}},"loc":{"start":{"line":8,"column":51},"end":{"line":26,"column":1}}},"1":{"name":"(anonymous_1)","decl":{"start":{"line":9,"column":9},"end":{"line":9,"column":10}},"loc":{"start":{"line":9,"column":71},"end":{"line":25,"column":3}}}},"branchMap":{"0":{"loc":{"start":{"line":10,"column":4},"end":{"line":13,"column":5}},"type":"if","locations":[{"start":{"line":10,"column":4},"end":{"line":13,"column":5}}]},"1":{"loc":{"start":{"line":15,"column":4},"end":{"line":22,"column":5}},"type":"if","locations":[{"start":{"line":15,"column":4},"end":{"line":22,"column":5}}]}},"s":{"0":1,"1":8,"2":0,"3":0,"4":0,"5":0,"6":0,"7":0,"8":0},"f":{"0":8,"1":0},"b":{"0":[0],"1":[0]}}
,"C:\\finalproject\\disasteraid-v2\\backend\\src\\middleware\\errorHandler.ts": {"path":"C:\\finalproject\\disasteraid-v2\\backend\\src\\middleware\\errorHandler.ts","statementMap":{"0":{"start":{"line":12,"column":0},"end":{"line":12,"column":16}},"1":{"start":{"line":38,"column":0},"end":{"line":38,"column":16}},"2":{"start":{"line":2,"column":0},"end":{"line":2,"column":39}},"3":{"start":{"line":18,"column":21},"end":{"line":18,"column":42}},"4":{"start":{"line":19,"column":23},"end":{"line":19,"column":52}},"5":{"start":{"line":21,"column":2},"end":{"line":25,"column":5}},"6":{"start":{"line":27,"column":2},"end":{"line":32,"column":5}},"7":{"start":{"line":39,"column":26},"end":{"line":39,"column":44}},"8":{"start":{"line":40,"column":2},"end":{"line":40,"column":32}},"9":{"start":{"line":41,"column":2},"end":{"line":41,"column":29}},"10":{"start":{"line":42,"column":2},"end":{"line":42,"column":15}}},"fnMap":{"0":{"name":"errorHandler","decl":{"start":{"line":12,"column":16},"end":{"line":12,"column":28}},"loc":{"start":{"line":16,"column":21},"end":{"line":33,"column":1}}},"1":{"name":"createError","decl":{"start":{"line":38,"column":16},"end":{"line":38,"column":27}},"loc":{"start":{"line":38,"column":63},"end":{"line":43,"column":1}}}},"branchMap":{"0":{"loc":{"start":{"line":18,"column":21},"end":{"line":18,"column":42}},"type":"binary-expr","locations":[{"start":{"line":18,"column":21},"end":{"line":18,"column":35}},{"start":{"line":18,"column":39},"end":{"line":18,"column":42}}]},"1":{"loc":{"start":{"line":28,"column":11},"end":{"line":30,"column":19}},"type":"cond-expr","locations":[{"start":{"line":29,"column":8},"end":{"line":29,"column":31}},{"start":{"line":30,"column":8},"end":{"line":30,"column":19}}]},"2":{"loc":{"start":{"line":28,"column":11},"end":{"line":28,"column":45}},"type":"binary-expr","locations":[{"start":{"line":28,"column":11},"end":{"line":28,"column":23}},{"start":{"line":28,"column":27},"end":{"line":28,"column":45}}]},"3":{"loc":{"start":{"line":31,"column":8},"end":{"line":31,"column":48}},"type":"cond-expr","locations":[{"start":{"line":31,"column":23},"end":{"line":31,"column":25}},{"start":{"line":31,"column":28},"end":{"line":31,"column":48}}]}},"s":{"0":1,"1":1,"2":1,"3":0,"4":0,"5":0,"6":0,"7":0,"8":0,"9":0,"10":0},"f":{"0":0,"1":0},"b":{"0":[0,0],"1":[0,0],"2":[0,0],"3":[0,0]}}
,"C:\\finalproject\\disasteraid-v2\\backend\\src\\middleware\\rateLimiter.ts": {"path":"C:\\finalproject\\disasteraid-v2\\backend\\src\\middleware\\rateLimiter.ts","statementMap":{"0":{"start":{"line":1,"column":0},"end":{"line":1,"column":43}},"1":{"start":{"line":2,"column":0},"end":{"line":2,"column":39}},"2":{"start":{"line":8,"column":13},"end":{"line":20,"column":3}},"3":{"start":{"line":18,"column":4},"end":{"line":18,"column":59}}},"fnMap":{"0":{"name":"(anonymous_1)","decl":{"start":{"line":17,"column":16},"end":{"line":17,"column":17}},"loc":{"start":{"line":17,"column":24},"end":{"line":19,"column":3}}}},"branchMap":{"0":{"loc":{"start":{"line":18,"column":11},"end":{"line":18,"column":58}},"type":"binary-expr","locations":[{"start":{"line":18,"column":11},"end":{"line":18,"column":17}},{"start":{"line":18,"column":21},"end":{"line":18,"column":45}},{"start":{"line":18,"column":49},"end":{"line":18,"column":58}}]}},"s":{"0":1,"1":1,"2":1,"3":3},"f":{"0":3},"b":{"0":[3,0,0]}}
,"C:\\finalproject\\disasteraid-v2\\backend\\src\\middleware\\validate.ts": {"path":"C:\\finalproject\\disasteraid-v2\\backend\\src\\middleware\\validate.ts","statementMap":{"0":{"start":{"line":8,"column":0},"end":{"line":8,"column":16}},"1":{"start":{"line":2,"column":0},"end":{"line":2,"column":42}},"2":{"start":{"line":13,"column":2},"end":{"line":38,"column":4}},"3":{"start":{"line":14,"column":4},"end":{"line":37,"column":5}},"4":{"start":{"line":15,"column":6},"end":{"line":17,"column":7}},"5":{"start":{"line":16,"column":8},"end":{"line":16,"column":47}},"6":{"start":{"line":18,"column":6},"end":{"line":20,"column":7}},"7":{"start":{"line":19,"column":8},"end":{"line":19,"column":76}},"8":{"start":{"line":21,"column":6},"end":{"line":23,"column":7}},"9":{"start":{"line":22,"column":8},"end":{"line":22,"column":53}},"10":{"start":{"line":24,"column":6},"end":{"line":24,"column":13}},"11":{"start":{"line":26,"column":6},"end":{"line":35,"column":7}},"12":{"start":{"line":27,"column":8},"end":{"line":33,"column":11}},"13":{"start":{"line":29,"column":42},"end":{"line":32,"column":12}},"14":{"start":{"line":34,"column":8},"end":{"line":34,"column":15}},"15":{"start":{"line":36,"column":6},"end":{"line":36,"column":16}}},"fnMap":{"0":{"name":"validate","decl":{"start":{"line":8,"column":16},"end":{"line":8,"column":24}},"loc":{"start":{"line":12,"column":1},"end":{"line":39,"column":1}}},"1":{"name":"(anonymous_1)","decl":{"start":{"line":13,"column":9},"end":{"line":13,"column":10}},"loc":{"start":{"line":13,"column":67},"end":{"line":38,"column":3}}},"2":{"name":"(anonymous_2)","decl":{"start":{"line":29,"column":34},"end":{"line":29,"column":35}},"loc":{"start":{"line":29,"column":42},"end":{"line":32,"column":12}}}},"branchMap":{"0":{"loc":{"start":{"line":15,"column":6},"end":{"line":17,"column":7}},"type":"if","locations":[{"start":{"line":15,"column":6},"end":{"line":17,"column":7}}]},"1":{"loc":{"start":{"line":18,"column":6},"end":{"line":20,"column":7}},"type":"if","locations":[{"start":{"line":18,"column":6},"end":{"line":20,"column":7}}]},"2":{"loc":{"start":{"line":21,"column":6},"end":{"line":23,"column":7}},"type":"if","locations":[{"start":{"line":21,"column":6},"end":{"line":23,"column":7}}]},"3":{"loc":{"start":{"line":26,"column":6},"end":{"line":35,"column":7}},"type":"if","locations":[{"start":{"line":26,"column":6},"end":{"line":35,"column":7}}]}},"s":{"0":1,"1":1,"2":14,"3":1,"4":1,"5":1,"6":0,"7":0,"8":0,"9":0,"10":0,"11":1,"12":1,"13":1,"14":1,"15":0},"f":{"0":14,"1":1,"2":1},"b":{"0":[1],"1":[0],"2":[0],"3":[1]}}
,"C:\\finalproject\\disasteraid-v2\\backend\\src\\modules\\auth\\auth.controller.ts": {"path":"C:\\finalproject\\disasteraid-v2\\backend\\src\\modules\\auth\\auth.controller.ts","statementMap":{"0":{"start":{"line":3,"column":0},"end":{"line":3,"column":48}},"1":{"start":{"line":8,"column":4},"end":{"line":14,"column":5}},"2":{"start":{"line":9,"column":20},"end":{"line":9,"column":45}},"3":{"start":{"line":10,"column":21},"end":{"line":10,"column":54}},"4":{"start":{"line":11,"column":6},"end":{"line":11,"column":35}},"5":{"start":{"line":13,"column":6},"end":{"line":13,"column":16}},"6":{"start":{"line":18,"column":4},"end":{"line":24,"column":5}},"7":{"start":{"line":19,"column":20},"end":{"line":19,"column":42}},"8":{"start":{"line":20,"column":21},"end":{"line":20,"column":51}},"9":{"start":{"line":21,"column":6},"end":{"line":21,"column":23}},"10":{"start":{"line":23,"column":6},"end":{"line":23,"column":16}},"11":{"start":{"line":28,"column":4},"end":{"line":37,"column":5}},"12":{"start":{"line":29,"column":6},"end":{"line":32,"column":7}},"13":{"start":{"line":30,"column":8},"end":{"line":30,"column":67}},"14":{"start":{"line":31,"column":8},"end":{"line":31,"column":15}},"15":{"start":{"line":33,"column":22},"end":{"line":33,"column":63}},"16":{"start":{"line":34,"column":6},"end":{"line":34,"column":24}},"17":{"start":{"line":36,"column":6},"end":{"line":36,"column":16}},"18":{"start":{"line":6,"column":0},"end":{"line":6,"column":13}},"19":{"start":{"line":41,"column":13},"end":{"line":41,"column":51}}},"fnMap":{"0":{"name":"(anonymous_0)","decl":{"start":{"line":7,"column":2},"end":{"line":7,"column":7}},"loc":{"start":{"line":7,"column":68},"end":{"line":15,"column":3}}},"1":{"name":"(anonymous_1)","decl":{"start":{"line":17,"column":2},"end":{"line":17,"column":7}},"loc":{"start":{"line":17,"column":65},"end":{"line":25,"column":3}}},"2":{"name":"(anonymous_2)","decl":{"start":{"line":27,"column":2},"end":{"line":27,"column":7}},"loc":{"start":{"line":27,"column":70},"end":{"line":38,"column":3}}}},"branchMap":{"0":{"loc":{"start":{"line":29,"column":6},"end":{"line":32,"column":7}},"type":"if","locations":[{"start":{"line":29,"column":6},"end":{"line":32,"column":7}}]}},"s":{"0":1,"1":0,"2":0,"3":0,"4":0,"5":0,"6":0,"7":0,"8":0,"9":0,"10":0,"11":0,"12":0,"13":0,"14":0,"15":0,"16":0,"17":0,"18":1,"19":1},"f":{"0":0,"1":0,"2":0},"b":{"0":[0]}}
,"C:\\finalproject\\disasteraid-v2\\backend\\src\\modules\\auth\\auth.routes.ts": {"path":"C:\\finalproject\\disasteraid-v2\\backend\\src\\modules\\auth\\auth.routes.ts","statementMap":{"0":{"start":{"line":1,"column":0},"end":{"line":1,"column":33}},"1":{"start":{"line":2,"column":0},"end":{"line":2,"column":54}},"2":{"start":{"line":3,"column":0},"end":{"line":3,"column":56}},"3":{"start":{"line":4,"column":0},"end":{"line":4,"column":56}},"4":{"start":{"line":5,"column":0},"end":{"line":5,"column":63}},"5":{"start":{"line":7,"column":15},"end":{"line":7,"column":23}},"6":{"start":{"line":13,"column":0},"end":{"line":17,"column":2}},"7":{"start":{"line":16,"column":22},"end":{"line":16,"column":61}},"8":{"start":{"line":22,"column":0},"end":{"line":26,"column":2}},"9":{"start":{"line":25,"column":22},"end":{"line":25,"column":58}},"10":{"start":{"line":32,"column":0},"end":{"line":36,"column":2}},"11":{"start":{"line":35,"column":22},"end":{"line":35,"column":63}},"12":{"start":{"line":38,"column":0},"end":{"line":38,"column":22}}},"fnMap":{"0":{"name":"(anonymous_0)","decl":{"start":{"line":16,"column":2},"end":{"line":16,"column":3}},"loc":{"start":{"line":16,"column":22},"end":{"line":16,"column":61}}},"1":{"name":"(anonymous_1)","decl":{"start":{"line":25,"column":2},"end":{"line":25,"column":3}},"loc":{"start":{"line":25,"column":22},"end":{"line":25,"column":58}}},"2":{"name":"(anonymous_2)","decl":{"start":{"line":35,"column":2},"end":{"line":35,"column":3}},"loc":{"start":{"line":35,"column":22},"end":{"line":35,"column":63}}}},"branchMap":{},"s":{"0":1,"1":1,"2":1,"3":1,"4":1,"5":1,"6":1,"7":0,"8":1,"9":0,"10":1,"11":0,"12":1},"f":{"0":0,"1":0,"2":0},"b":{}}
,"C:\\finalproject\\disasteraid-v2\\backend\\src\\modules\\auth\\auth.schema.ts": {"path":"C:\\finalproject\\disasteraid-v2\\backend\\src\\modules\\auth\\auth.schema.ts","statementMap":{"0":{"start":{"line":1,"column":0},"end":{"line":1,"column":24}},"1":{"start":{"line":3,"column":13},"end":{"line":13,"column":3}},"2":{"start":{"line":11,"column":20},"end":{"line":11,"column":44}},"3":{"start":{"line":15,"column":13},"end":{"line":21,"column":3}},"4":{"start":{"line":19,"column":20},"end":{"line":19,"column":44}}},"fnMap":{"0":{"name":"(anonymous_0)","decl":{"start":{"line":11,"column":10},"end":{"line":11,"column":11}},"loc":{"start":{"line":11,"column":20},"end":{"line":11,"column":44}}},"1":{"name":"(anonymous_1)","decl":{"start":{"line":19,"column":10},"end":{"line":19,"column":11}},"loc":{"start":{"line":19,"column":20},"end":{"line":19,"column":44}}}},"branchMap":{"0":{"loc":{"start":{"line":11,"column":20},"end":{"line":11,"column":44}},"type":"binary-expr","locations":[{"start":{"line":11,"column":20},"end":{"line":11,"column":30}},{"start":{"line":11,"column":34},"end":{"line":11,"column":44}}]},"1":{"loc":{"start":{"line":19,"column":20},"end":{"line":19,"column":44}},"type":"binary-expr","locations":[{"start":{"line":19,"column":20},"end":{"line":19,"column":30}},{"start":{"line":19,"column":34},"end":{"line":19,"column":44}}]}},"s":{"0":1,"1":1,"2":1,"3":1,"4":0},"f":{"0":1,"1":0},"b":{"0":[1,0],"1":[0,0]}}
,"C:\\finalproject\\disasteraid-v2\\backend\\src\\modules\\auth\\auth.service.ts": {"path":"C:\\finalproject\\disasteraid-v2\\backend\\src\\modules\\auth\\auth.service.ts","statementMap":{"0":{"start":{"line":1,"column":0},"end":{"line":1,"column":28}},"1":{"start":{"line":2,"column":0},"end":{"line":2,"column":31}},"2":{"start":{"line":3,"column":0},"end":{"line":3,"column":48}},"3":{"start":{"line":4,"column":0},"end":{"line":4,"column":42}},"4":{"start":{"line":5,"column":0},"end":{"line":5,"column":63}},"5":{"start":{"line":14,"column":4},"end":{"line":16,"column":5}},"6":{"start":{"line":15,"column":6},"end":{"line":15,"column":66}},"7":{"start":{"line":19,"column":4},"end":{"line":27,"column":5}},"8":{"start":{"line":20,"column":23},"end":{"line":22,"column":null}},"9":{"start":{"line":24,"column":6},"end":{"line":26,"column":7}},"10":{"start":{"line":25,"column":8},"end":{"line":25,"column":59}},"11":{"start":{"line":28,"column":4},"end":{"line":36,"column":5}},"12":{"start":{"line":29,"column":23},"end":{"line":31,"column":null}},"13":{"start":{"line":33,"column":6},"end":{"line":35,"column":7}},"14":{"start":{"line":34,"column":8},"end":{"line":34,"column":59}},"15":{"start":{"line":39,"column":23},"end":{"line":41,"column":null}},"16":{"start":{"line":43,"column":4},"end":{"line":45,"column":5}},"17":{"start":{"line":44,"column":6},"end":{"line":44,"column":45}},"18":{"start":{"line":46,"column":19},"end":{"line":46,"column":40}},"19":{"start":{"line":49,"column":25},"end":{"line":49,"column":77}},"20":{"start":{"line":52,"column":19},"end":{"line":64,"column":null}},"21":{"start":{"line":67,"column":17},"end":{"line":67,"column":31}},"22":{"start":{"line":70,"column":4},"end":{"line":80,"column":5}},"23":{"start":{"line":71,"column":6},"end":{"line":74,"column":8}},"24":{"start":{"line":75,"column":11},"end":{"line":80,"column":5}},"25":{"start":{"line":76,"column":6},"end":{"line":79,"column":8}},"26":{"start":{"line":82,"column":18},"end":{"line":82,"column":45}},"27":{"start":{"line":84,"column":4},"end":{"line":87,"column":6}},"28":{"start":{"line":94,"column":23},"end":{"line":94,"column":49}},"29":{"start":{"line":95,"column":18},"end":{"line":95,"column":49}},"30":{"start":{"line":97,"column":19},"end":{"line":102,"column":null}},"31":{"start":{"line":105,"column":4},"end":{"line":107,"column":5}},"32":{"start":{"line":106,"column":6},"end":{"line":106,"column":52}},"33":{"start":{"line":109,"column":17},"end":{"line":109,"column":31}},"34":{"start":{"line":110,"column":28},"end":{"line":110,"column":84}},"35":{"start":{"line":112,"column":4},"end":{"line":114,"column":5}},"36":{"start":{"line":113,"column":6},"end":{"line":113,"column":52}},"37":{"start":{"line":116,"column":18},"end":{"line":116,"column":45}},"38":{"start":{"line":118,"column":4},"end":{"line":127,"column":6}},"39":{"start":{"line":134,"column":19},"end":{"line":140,"column":null}},"40":{"start":{"line":143,"column":4},"end":{"line":145,"column":5}},"41":{"start":{"line":144,"column":6},"end":{"line":144,"column":47}},"42":{"start":{"line":147,"column":4},"end":{"line":147,"column":26}},"43":{"start":{"line":154,"column":2},"end":{"line":160,"column":4}},"44":{"start":{"line":8,"column":0},"end":{"line":8,"column":13}},"45":{"start":{"line":164,"column":13},"end":{"line":164,"column":45}}},"fnMap":{"0":{"name":"(anonymous_1)","decl":{"start":{"line":12,"column":2},"end":{"line":12,"column":7}},"loc":{"start":{"line":12,"column":37},"end":{"line":88,"column":3}}},"1":{"name":"(anonymous_2)","decl":{"start":{"line":93,"column":2},"end":{"line":93,"column":7}},"loc":{"start":{"line":93,"column":31},"end":{"line":128,"column":3}}},"2":{"name":"(anonymous_3)","decl":{"start":{"line":133,"column":2},"end":{"line":133,"column":7}},"loc":{"start":{"line":133,"column":33},"end":{"line":148,"column":3}}},"3":{"name":"(anonymous_4)","decl":{"start":{"line":153,"column":10},"end":{"line":153,"column":23}},"loc":{"start":{"line":153,"column":38},"end":{"line":161,"column":1}}}},"branchMap":{"0":{"loc":{"start":{"line":14,"column":4},"end":{"line":16,"column":5}},"type":"if","locations":[{"start":{"line":14,"column":4},"end":{"line":16,"column":5}}]},"1":{"loc":{"start":{"line":19,"column":4},"end":{"line":27,"column":5}},"type":"if","locations":[{"start":{"line":19,"column":4},"end":{"line":27,"column":5}}]},"2":{"loc":{"start":{"line":24,"column":6},"end":{"line":26,"column":7}},"type":"if","locations":[{"start":{"line":24,"column":6},"end":{"line":26,"column":7}}]},"3":{"loc":{"start":{"line":28,"column":4},"end":{"line":36,"column":5}},"type":"if","locations":[{"start":{"line":28,"column":4},"end":{"line":36,"column":5}}]},"4":{"loc":{"start":{"line":33,"column":6},"end":{"line":35,"column":7}},"type":"if","locations":[{"start":{"line":33,"column":6},"end":{"line":35,"column":7}}]},"5":{"loc":{"start":{"line":43,"column":4},"end":{"line":45,"column":5}},"type":"if","locations":[{"start":{"line":43,"column":4},"end":{"line":45,"column":5}}]},"6":{"loc":{"start":{"line":57,"column":8},"end":{"line":57,"column":27}},"type":"binary-expr","locations":[{"start":{"line":57,"column":8},"end":{"line":57,"column":19}},{"start":{"line":57,"column":23},"end":{"line":57,"column":27}}]},"7":{"loc":{"start":{"line":58,"column":8},"end":{"line":58,"column":27}},"type":"binary-expr","locations":[{"start":{"line":58,"column":8},"end":{"line":58,"column":19}},{"start":{"line":58,"column":23},"end":{"line":58,"column":27}}]},"8":{"loc":{"start":{"line":62,"column":8},"end":{"line":62,"column":26}},"type":"binary-expr","locations":[{"start":{"line":62,"column":8},"end":{"line":62,"column":18}},{"start":{"line":62,"column":22},"end":{"line":62,"column":26}}]},"9":{"loc":{"start":{"line":70,"column":4},"end":{"line":80,"column":5}},"type":"if","locations":[{"start":{"line":70,"column":4},"end":{"line":80,"column":5}},{"start":{"line":75,"column":11},"end":{"line":80,"column":5}}]},"10":{"loc":{"start":{"line":75,"column":11},"end":{"line":80,"column":5}},"type":"if","locations":[{"start":{"line":75,"column":11},"end":{"line":80,"column":5}}]},"11":{"loc":{"start":{"line":94,"column":23},"end":{"line":94,"column":49}},"type":"binary-expr","locations":[{"start":{"line":94,"column":23},"end":{"line":94,"column":34}},{"start":{"line":94,"column":38},"end":{"line":94,"column":49}}]},"12":{"loc":{"start":{"line":95,"column":18},"end":{"line":95,"column":49}},"type":"cond-expr","locations":[{"start":{"line":95,"column":32},"end":{"line":95,"column":39}},{"start":{"line":95,"column":42},"end":{"line":95,"column":49}}]},"13":{"loc":{"start":{"line":105,"column":4},"end":{"line":107,"column":5}},"type":"if","locations":[{"start":{"line":105,"column":4},"end":{"line":107,"column":5}}]},"14":{"loc":{"start":{"line":112,"column":4},"end":{"line":114,"column":5}},"type":"if","locations":[{"start":{"line":112,"column":4},"end":{"line":114,"column":5}}]},"15":{"loc":{"start":{"line":143,"column":4},"end":{"line":145,"column":5}},"type":"if","locations":[{"start":{"line":143,"column":4},"end":{"line":145,"column":5}}]}},"s":{"0":1,"1":1,"2":1,"3":1,"4":1,"5":0,"6":0,"7":0,"8":0,"9":0,"10":0,"11":0,"12":0,"13":0,"14":0,"15":0,"16":0,"17":0,"18":0,"19":0,"20":0,"21":0,"22":0,"23":0,"24":0,"25":0,"26":0,"27":0,"28":0,"29":0,"30":0,"31":0,"32":0,"33":0,"34":0,"35":0,"36":0,"37":0,"38":0,"39":0,"40":0,"41":0,"42":0,"43":0,"44":1,"45":1},"f":{"0":0,"1":0,"2":0,"3":0},"b":{"0":[0],"1":[0],"2":[0],"3":[0],"4":[0],"5":[0],"6":[0,0],"7":[0,0],"8":[0,0],"9":[0,0],"10":[0],"11":[0,0],"12":[0,0],"13":[0],"14":[0],"15":[0]}}
,"C:\\finalproject\\disasteraid-v2\\backend\\src\\modules\\campaigns\\campaigns.controller.ts": {"path":"C:\\finalproject\\disasteraid-v2\\backend\\src\\modules\\campaigns\\campaigns.controller.ts","statementMap":{"0":{"start":{"line":3,"column":0},"end":{"line":3,"column":58}},"1":{"start":{"line":10,"column":4},"end":{"line":26,"column":32}},"2":{"start":{"line":11,"column":6},"end":{"line":11,"column":82}},"3":{"start":{"line":11,"column":23},"end":{"line":11,"column":72}},"4":{"start":{"line":11,"column":73},"end":{"line":11,"column":80}},"5":{"start":{"line":15,"column":6},"end":{"line":18,"column":7}},"6":{"start":{"line":16,"column":19},"end":{"line":16,"column":71}},"7":{"start":{"line":17,"column":8},"end":{"line":17,"column":32}},"8":{"start":{"line":20,"column":23},"end":{"line":23,"column":null}},"9":{"start":{"line":25,"column":6},"end":{"line":25,"column":37}},"10":{"start":{"line":26,"column":20},"end":{"line":26,"column":30}},"11":{"start":{"line":30,"column":4},"end":{"line":34,"column":32}},"12":{"start":{"line":31,"column":21},"end":{"line":31,"column":59}},"13":{"start":{"line":32,"column":24},"end":{"line":32,"column":61}},"14":{"start":{"line":33,"column":6},"end":{"line":33,"column":30}},"15":{"start":{"line":34,"column":20},"end":{"line":34,"column":30}},"16":{"start":{"line":38,"column":4},"end":{"line":42,"column":32}},"17":{"start":{"line":39,"column":17},"end":{"line":39,"column":54}},"18":{"start":{"line":40,"column":23},"end":{"line":40,"column":57}},"19":{"start":{"line":41,"column":6},"end":{"line":41,"column":25}},"20":{"start":{"line":42,"column":20},"end":{"line":42,"column":30}},"21":{"start":{"line":46,"column":4},"end":{"line":50,"column":32}},"22":{"start":{"line":47,"column":17},"end":{"line":47,"column":54}},"23":{"start":{"line":48,"column":23},"end":{"line":48,"column":89}},"24":{"start":{"line":49,"column":6},"end":{"line":49,"column":25}},"25":{"start":{"line":50,"column":20},"end":{"line":50,"column":30}},"26":{"start":{"line":8,"column":0},"end":{"line":8,"column":13}},"27":{"start":{"line":54,"column":13},"end":{"line":54,"column":61}}},"fnMap":{"0":{"name":"(anonymous_0)","decl":{"start":{"line":9,"column":2},"end":{"line":9,"column":7}},"loc":{"start":{"line":9,"column":66},"end":{"line":27,"column":3}}},"1":{"name":"(anonymous_1)","decl":{"start":{"line":29,"column":2},"end":{"line":29,"column":7}},"loc":{"start":{"line":29,"column":66},"end":{"line":35,"column":3}}},"2":{"name":"(anonymous_2)","decl":{"start":{"line":37,"column":2},"end":{"line":37,"column":7}},"loc":{"start":{"line":37,"column":67},"end":{"line":43,"column":3}}},"3":{"name":"(anonymous_3)","decl":{"start":{"line":45,"column":2},"end":{"line":45,"column":7}},"loc":{"start":{"line":45,"column":66},"end":{"line":51,"column":3}}}},"branchMap":{"0":{"loc":{"start":{"line":11,"column":6},"end":{"line":11,"column":82}},"type":"if","locations":[{"start":{"line":11,"column":6},"end":{"line":11,"column":82}}]},"1":{"loc":{"start":{"line":15,"column":6},"end":{"line":18,"column":7}},"type":"if","locations":[{"start":{"line":15,"column":6},"end":{"line":18,"column":7}}]},"2":{"loc":{"start":{"line":17,"column":16},"end":{"line":17,"column":31}},"type":"binary-expr","locations":[{"start":{"line":17,"column":16},"end":{"line":17,"column":18}},{"start":{"line":17,"column":22},"end":{"line":17,"column":31}}]}},"s":{"0":1,"1":0,"2":0,"3":0,"4":0,"5":0,"6":0,"7":0,"8":0,"9":0,"10":0,"11":0,"12":0,"13":0,"14":0,"15":0,"16":0,"17":0,"18":0,"19":0,"20":0,"21":0,"22":0,"23":0,"24":0,"25":0,"26":1,"27":1},"f":{"0":0,"1":0,"2":0,"3":0},"b":{"0":[0],"1":[0],"2":[0,0]}}
,"C:\\finalproject\\disasteraid-v2\\backend\\src\\modules\\campaigns\\campaigns.routes.ts": {"path":"C:\\finalproject\\disasteraid-v2\\backend\\src\\modules\\campaigns\\campaigns.routes.ts","statementMap":{"0":{"start":{"line":1,"column":0},"end":{"line":1,"column":33}},"1":{"start":{"line":2,"column":0},"end":{"line":2,"column":64}},"2":{"start":{"line":3,"column":0},"end":{"line":3,"column":56}},"3":{"start":{"line":4,"column":0},"end":{"line":4,"column":58}},"4":{"start":{"line":5,"column":0},"end":{"line":5,"column":56}},"5":{"start":{"line":6,"column":0},"end":{"line":6,"column":100}},"6":{"start":{"line":8,"column":15},"end":{"line":8,"column":23}},"7":{"start":{"line":14,"column":0},"end":{"line":18,"column":2}},"8":{"start":{"line":17,"column":22},"end":{"line":17,"column":64}},"9":{"start":{"line":24,"column":0},"end":{"line":30,"column":2}},"10":{"start":{"line":29,"column":22},"end":{"line":29,"column":64}},"11":{"start":{"line":35,"column":0},"end":{"line":40,"column":2}},"12":{"start":{"line":39,"column":22},"end":{"line":39,"column":65}},"13":{"start":{"line":45,"column":0},"end":{"line":51,"column":2}},"14":{"start":{"line":50,"column":22},"end":{"line":50,"column":64}},"15":{"start":{"line":53,"column":0},"end":{"line":53,"column":22}}},"fnMap":{"0":{"name":"(anonymous_0)","decl":{"start":{"line":17,"column":2},"end":{"line":17,"column":3}},"loc":{"start":{"line":17,"column":22},"end":{"line":17,"column":64}}},"1":{"name":"(anonymous_1)","decl":{"start":{"line":29,"column":2},"end":{"line":29,"column":3}},"loc":{"start":{"line":29,"column":22},"end":{"line":29,"column":64}}},"2":{"name":"(anonymous_2)","decl":{"start":{"line":39,"column":2},"end":{"line":39,"column":3}},"loc":{"start":{"line":39,"column":22},"end":{"line":39,"column":65}}},"3":{"name":"(anonymous_3)","decl":{"start":{"line":50,"column":2},"end":{"line":50,"column":3}},"loc":{"start":{"line":50,"column":22},"end":{"line":50,"column":64}}}},"branchMap":{},"s":{"0":1,"1":1,"2":1,"3":1,"4":1,"5":1,"6":1,"7":1,"8":0,"9":1,"10":0,"11":1,"12":0,"13":1,"14":0,"15":1},"f":{"0":0,"1":0,"2":0,"3":0},"b":{}}
,"C:\\finalproject\\disasteraid-v2\\backend\\src\\modules\\campaigns\\campaigns.schema.ts": {"path":"C:\\finalproject\\disasteraid-v2\\backend\\src\\modules\\campaigns\\campaigns.schema.ts","statementMap":{"0":{"start":{"line":1,"column":0},"end":{"line":1,"column":24}},"1":{"start":{"line":3,"column":13},"end":{"line":9,"column":3}},"2":{"start":{"line":11,"column":13},"end":{"line":18,"column":3}},"3":{"start":{"line":20,"column":13},"end":{"line":22,"column":3}}},"fnMap":{},"branchMap":{},"s":{"0":1,"1":1,"2":1,"3":1},"f":{},"b":{}}
,"C:\\finalproject\\disasteraid-v2\\backend\\src\\modules\\campaigns\\campaigns.service.ts": {"path":"C:\\finalproject\\disasteraid-v2\\backend\\src\\modules\\campaigns\\campaigns.service.ts","statementMap":{"0":{"start":{"line":1,"column":0},"end":{"line":1,"column":48}},"1":{"start":{"line":2,"column":0},"end":{"line":2,"column":63}},"2":{"start":{"line":10,"column":19},"end":{"line":10,"column":95}},"3":{"start":{"line":11,"column":4},"end":{"line":11,"column":38}},"4":{"start":{"line":19,"column":30},"end":{"line":25,"column":6}},"5":{"start":{"line":27,"column":4},"end":{"line":29,"column":5}},"6":{"start":{"line":28,"column":6},"end":{"line":28,"column":51}},"7":{"start":{"line":31,"column":19},"end":{"line":35,"column":null}},"8":{"start":{"line":38,"column":4},"end":{"line":38,"column":26}},"9":{"start":{"line":42,"column":24},"end":{"line":42,"column":59}},"10":{"start":{"line":43,"column":19},"end":{"line":43,"column":41}},"11":{"start":{"line":45,"column":19},"end":{"line":56,"column":null}},"12":{"start":{"line":58,"column":4},"end":{"line":58,"column":23}},"13":{"start":{"line":62,"column":19},"end":{"line":72,"column":null}},"14":{"start":{"line":75,"column":4},"end":{"line":77,"column":5}},"15":{"start":{"line":76,"column":6},"end":{"line":76,"column":51}},"16":{"start":{"line":79,"column":4},"end":{"line":79,"column":26}},"17":{"start":{"line":83,"column":33},"end":{"line":83,"column":35}},"18":{"start":{"line":84,"column":30},"end":{"line":84,"column":32}},"19":{"start":{"line":85,"column":21},"end":{"line":85,"column":22}},"20":{"start":{"line":87,"column":4},"end":{"line":90,"column":5}},"21":{"start":{"line":88,"column":6},"end":{"line":88,"column":50}},"22":{"start":{"line":89,"column":6},"end":{"line":89,"column":31}},"23":{"start":{"line":91,"column":4},"end":{"line":94,"column":5}},"24":{"start":{"line":92,"column":6},"end":{"line":92,"column":56}},"25":{"start":{"line":93,"column":6},"end":{"line":93,"column":37}},"26":{"start":{"line":95,"column":4},"end":{"line":98,"column":5}},"27":{"start":{"line":96,"column":6},"end":{"line":96,"column":53}},"28":{"start":{"line":97,"column":6},"end":{"line":97,"column":34}},"29":{"start":{"line":99,"column":4},"end":{"line":102,"column":5}},"30":{"start":{"line":100,"column":6},"end":{"line":100,"column":51}},"31":{"start":{"line":101,"column":6},"end":{"line":101,"column":32}},"32":{"start":{"line":103,"column":4},"end":{"line":107,"column":5}},"33":{"start":{"line":104,"column":6},"end":{"line":104,"column":114}},"34":{"start":{"line":105,"column":6},"end":{"line":105,"column":51}},"35":{"start":{"line":106,"column":6},"end":{"line":106,"column":22}},"36":{"start":{"line":109,"column":4},"end":{"line":111,"column":5}},"37":{"start":{"line":110,"column":6},"end":{"line":110,"column":52}},"38":{"start":{"line":113,"column":4},"end":{"line":113,"column":20}},"39":{"start":{"line":114,"column":19},"end":{"line":116,"column":null}},"40":{"start":{"line":119,"column":4},"end":{"line":121,"column":5}},"41":{"start":{"line":120,"column":6},"end":{"line":120,"column":51}},"42":{"start":{"line":123,"column":4},"end":{"line":123,"column":26}},"43":{"start":{"line":5,"column":0},"end":{"line":5,"column":13}},"44":{"start":{"line":127,"column":13},"end":{"line":127,"column":55}}},"fnMap":{"0":{"name":"(anonymous_0)","decl":{"start":{"line":9,"column":2},"end":{"line":9,"column":7}},"loc":{"start":{"line":9,"column":39},"end":{"line":12,"column":3}}},"1":{"name":"(anonymous_1)","decl":{"start":{"line":14,"column":2},"end":{"line":14,"column":7}},"loc":{"start":{"line":14,"column":76},"end":{"line":39,"column":3}}},"2":{"name":"(anonymous_2)","decl":{"start":{"line":41,"column":2},"end":{"line":41,"column":7}},"loc":{"start":{"line":41,"column":30},"end":{"line":59,"column":3}}},"3":{"name":"(anonymous_3)","decl":{"start":{"line":61,"column":2},"end":{"line":61,"column":7}},"loc":{"start":{"line":61,"column":26},"end":{"line":80,"column":3}}},"4":{"name":"(anonymous_4)","decl":{"start":{"line":82,"column":2},"end":{"line":82,"column":7}},"loc":{"start":{"line":82,"column":53},"end":{"line":124,"column":3}}}},"branchMap":{"0":{"loc":{"start":{"line":11,"column":11},"end":{"line":11,"column":37}},"type":"binary-expr","locations":[{"start":{"line":11,"column":11},"end":{"line":11,"column":29}},{"start":{"line":11,"column":33},"end":{"line":11,"column":37}}]},"1":{"loc":{"start":{"line":20,"column":6},"end":{"line":20,"column":19}},"type":"binary-expr","locations":[{"start":{"line":20,"column":6},"end":{"line":20,"column":11}},{"start":{"line":20,"column":15},"end":{"line":20,"column":19}}]},"2":{"loc":{"start":{"line":23,"column":6},"end":{"line":23,"column":31}},"type":"binary-expr","locations":[{"start":{"line":23,"column":6},"end":{"line":23,"column":23}},{"start":{"line":23,"column":27},"end":{"line":23,"column":31}}]},"3":{"loc":{"start":{"line":27,"column":4},"end":{"line":29,"column":5}},"type":"if","locations":[{"start":{"line":27,"column":4},"end":{"line":29,"column":5}}]},"4":{"loc":{"start":{"line":27,"column":8},"end":{"line":27,"column":41}},"type":"binary-expr","locations":[{"start":{"line":27,"column":8},"end":{"line":27,"column":22}},{"start":{"line":27,"column":26},"end":{"line":27,"column":41}}]},"5":{"loc":{"start":{"line":33,"column":37},"end":{"line":33,"column":133}},"type":"cond-expr","locations":[{"start":{"line":33,"column":73},"end":{"line":33,"column":124}},{"start":{"line":33,"column":127},"end":{"line":33,"column":133}}]},"6":{"loc":{"start":{"line":33,"column":37},"end":{"line":33,"column":70}},"type":"binary-expr","locations":[{"start":{"line":33,"column":37},"end":{"line":33,"column":51}},{"start":{"line":33,"column":55},"end":{"line":33,"column":70}}]},"7":{"loc":{"start":{"line":42,"column":24},"end":{"line":42,"column":59}},"type":"cond-expr","locations":[{"start":{"line":42,"column":33},"end":{"line":42,"column":54}},{"start":{"line":42,"column":57},"end":{"line":42,"column":59}}]},"8":{"loc":{"start":{"line":43,"column":19},"end":{"line":43,"column":41}},"type":"cond-expr","locations":[{"start":{"line":43,"column":28},"end":{"line":43,"column":36}},{"start":{"line":43,"column":39},"end":{"line":43,"column":41}}]},"9":{"loc":{"start":{"line":75,"column":4},"end":{"line":77,"column":5}},"type":"if","locations":[{"start":{"line":75,"column":4},"end":{"line":77,"column":5}}]},"10":{"loc":{"start":{"line":87,"column":4},"end":{"line":90,"column":5}},"type":"if","locations":[{"start":{"line":87,"column":4},"end":{"line":90,"column":5}}]},"11":{"loc":{"start":{"line":91,"column":4},"end":{"line":94,"column":5}},"type":"if","locations":[{"start":{"line":91,"column":4},"end":{"line":94,"column":5}}]},"12":{"loc":{"start":{"line":95,"column":4},"end":{"line":98,"column":5}},"type":"if","locations":[{"start":{"line":95,"column":4},"end":{"line":98,"column":5}}]},"13":{"loc":{"start":{"line":99,"column":4},"end":{"line":102,"column":5}},"type":"if","locations":[{"start":{"line":99,"column":4},"end":{"line":102,"column":5}}]},"14":{"loc":{"start":{"line":103,"column":4},"end":{"line":107,"column":5}},"type":"if","locations":[{"start":{"line":103,"column":4},"end":{"line":107,"column":5}}]},"15":{"loc":{"start":{"line":103,"column":8},"end":{"line":103,"column":69}},"type":"binary-expr","locations":[{"start":{"line":103,"column":8},"end":{"line":103,"column":36}},{"start":{"line":103,"column":40},"end":{"line":103,"column":69}}]},"16":{"loc":{"start":{"line":109,"column":4},"end":{"line":111,"column":5}},"type":"if","locations":[{"start":{"line":109,"column":4},"end":{"line":111,"column":5}}]},"17":{"loc":{"start":{"line":119,"column":4},"end":{"line":121,"column":5}},"type":"if","locations":[{"start":{"line":119,"column":4},"end":{"line":121,"column":5}}]}},"s":{"0":1,"1":1,"2":0,"3":0,"4":0,"5":0,"6":0,"7":0,"8":0,"9":0,"10":0,"11":0,"12":0,"13":0,"14":0,"15":0,"16":0,"17":0,"18":0,"19":0,"20":0,"21":0,"22":0,"23":0,"24":0,"25":0,"26":0,"27":0,"28":0,"29":0,"30":0,"31":0,"32":0,"33":0,"34":0,"35":0,"36":0,"37":0,"38":0,"39":0,"40":0,"41":0,"42":0,"43":1,"44":1},"f":{"0":0,"1":0,"2":0,"3":0,"4":0},"b":{"0":[0,0],"1":[0,0],"2":[0,0],"3":[0],"4":[0,0],"5":[0,0],"6":[0,0],"7":[0,0],"8":[0,0],"9":[0],"10":[0],"11":[0],"12":[0],"13":[0],"14":[0],"15":[0,0],"16":[0],"17":[0]}}
,"C:\\finalproject\\disasteraid-v2\\backend\\src\\modules\\chat\\chat.controller.ts": {"path":"C:\\finalproject\\disasteraid-v2\\backend\\src\\modules\\chat\\chat.controller.ts","statementMap":{"0":{"start":{"line":3,"column":0},"end":{"line":3,"column":48}},"1":{"start":{"line":7,"column":4},"end":{"line":12,"column":32}},"2":{"start":{"line":8,"column":6},"end":{"line":8,"column":82}},"3":{"start":{"line":8,"column":23},"end":{"line":8,"column":72}},"4":{"start":{"line":8,"column":73},"end":{"line":8,"column":80}},"5":{"start":{"line":9,"column":25},"end":{"line":9,"column":33}},"6":{"start":{"line":10,"column":19},"end":{"line":10,"column":68}},"7":{"start":{"line":11,"column":6},"end":{"line":11,"column":33}},"8":{"start":{"line":12,"column":20},"end":{"line":12,"column":30}},"9":{"start":{"line":16,"column":4},"end":{"line":22,"column":32}},"10":{"start":{"line":17,"column":6},"end":{"line":17,"column":82}},"11":{"start":{"line":17,"column":23},"end":{"line":17,"column":72}},"12":{"start":{"line":17,"column":73},"end":{"line":17,"column":80}},"13":{"start":{"line":18,"column":21},"end":{"line":18,"column":62}},"14":{"start":{"line":19,"column":23},"end":{"line":19,"column":31}},"15":{"start":{"line":20,"column":22},"end":{"line":20,"column":78}},"16":{"start":{"line":21,"column":6},"end":{"line":21,"column":36}},"17":{"start":{"line":22,"column":20},"end":{"line":22,"column":30}},"18":{"start":{"line":26,"column":4},"end":{"line":33,"column":32}},"19":{"start":{"line":27,"column":6},"end":{"line":27,"column":82}},"20":{"start":{"line":27,"column":23},"end":{"line":27,"column":72}},"21":{"start":{"line":27,"column":73},"end":{"line":27,"column":80}},"22":{"start":{"line":28,"column":21},"end":{"line":28,"column":62}},"23":{"start":{"line":29,"column":20},"end":{"line":29,"column":65}},"24":{"start":{"line":30,"column":21},"end":{"line":30,"column":66}},"25":{"start":{"line":31,"column":23},"end":{"line":31,"column":88}},"26":{"start":{"line":32,"column":6},"end":{"line":32,"column":29}},"27":{"start":{"line":33,"column":20},"end":{"line":33,"column":30}},"28":{"start":{"line":37,"column":4},"end":{"line":41,"column":32}},"29":{"start":{"line":38,"column":6},"end":{"line":38,"column":82}},"30":{"start":{"line":38,"column":23},"end":{"line":38,"column":72}},"31":{"start":{"line":38,"column":73},"end":{"line":38,"column":80}},"32":{"start":{"line":39,"column":20},"end":{"line":39,"column":63}},"33":{"start":{"line":40,"column":6},"end":{"line":40,"column":26}},"34":{"start":{"line":41,"column":20},"end":{"line":41,"column":30}},"35":{"start":{"line":5,"column":0},"end":{"line":5,"column":13}},"36":{"start":{"line":45,"column":13},"end":{"line":45,"column":51}}},"fnMap":{"0":{"name":"(anonymous_0)","decl":{"start":{"line":6,"column":2},"end":{"line":6,"column":7}},"loc":{"start":{"line":6,"column":70},"end":{"line":13,"column":3}}},"1":{"name":"(anonymous_1)","decl":{"start":{"line":15,"column":2},"end":{"line":15,"column":7}},"loc":{"start":{"line":15,"column":71},"end":{"line":23,"column":3}}},"2":{"name":"(anonymous_2)","decl":{"start":{"line":25,"column":2},"end":{"line":25,"column":7}},"loc":{"start":{"line":25,"column":71},"end":{"line":34,"column":3}}},"3":{"name":"(anonymous_3)","decl":{"start":{"line":36,"column":2},"end":{"line":36,"column":7}},"loc":{"start":{"line":36,"column":70},"end":{"line":42,"column":3}}}},"branchMap":{"0":{"loc":{"start":{"line":8,"column":6},"end":{"line":8,"column":82}},"type":"if","locations":[{"start":{"line":8,"column":6},"end":{"line":8,"column":82}}]},"1":{"loc":{"start":{"line":17,"column":6},"end":{"line":17,"column":82}},"type":"if","locations":[{"start":{"line":17,"column":6},"end":{"line":17,"column":82}}]},"2":{"loc":{"start":{"line":27,"column":6},"end":{"line":27,"column":82}},"type":"if","locations":[{"start":{"line":27,"column":6},"end":{"line":27,"column":82}}]},"3":{"loc":{"start":{"line":29,"column":20},"end":{"line":29,"column":65}},"type":"binary-expr","locations":[{"start":{"line":29,"column":20},"end":{"line":29,"column":59}},{"start":{"line":29,"column":63},"end":{"line":29,"column":65}}]},"4":{"loc":{"start":{"line":30,"column":21},"end":{"line":30,"column":66}},"type":"binary-expr","locations":[{"start":{"line":30,"column":21},"end":{"line":30,"column":61}},{"start":{"line":30,"column":65},"end":{"line":30,"column":66}}]},"5":{"loc":{"start":{"line":38,"column":6},"end":{"line":38,"column":82}},"type":"if","locations":[{"start":{"line":38,"column":6},"end":{"line":38,"column":82}}]}},"s":{"0":1,"1":0,"2":0,"3":0,"4":0,"5":0,"6":0,"7":0,"8":0,"9":0,"10":0,"11":0,"12":0,"13":0,"14":0,"15":0,"16":0,"17":0,"18":0,"19":0,"20":0,"21":0,"22":0,"23":0,"24":0,"25":0,"26":0,"27":0,"28":0,"29":0,"30":0,"31":0,"32":0,"33":0,"34":0,"35":1,"36":1},"f":{"0":0,"1":0,"2":0,"3":0},"b":{"0":[0],"1":[0],"2":[0],"3":[0,0],"4":[0,0],"5":[0]}}
,"C:\\finalproject\\disasteraid-v2\\backend\\src\\modules\\chat\\chat.gateway.ts": {"path":"C:\\finalproject\\disasteraid-v2\\backend\\src\\modules\\chat\\chat.gateway.ts","statementMap":{"0":{"start":{"line":14,"column":0},"end":{"line":14,"column":16}},"1":{"start":{"line":2,"column":0},"end":{"line":2,"column":31}},"2":{"start":{"line":3,"column":0},"end":{"line":3,"column":48}},"3":{"start":{"line":4,"column":0},"end":{"line":4,"column":42}},"4":{"start":{"line":5,"column":0},"end":{"line":5,"column":48}},"5":{"start":{"line":16,"column":2},"end":{"line":29,"column":5}},"6":{"start":{"line":17,"column":18},"end":{"line":17,"column":77}},"7":{"start":{"line":18,"column":4},"end":{"line":20,"column":5}},"8":{"start":{"line":19,"column":6},"end":{"line":19,"column":56}},"9":{"start":{"line":22,"column":4},"end":{"line":28,"column":5}},"10":{"start":{"line":23,"column":22},"end":{"line":23,"column":77}},"11":{"start":{"line":24,"column":6},"end":{"line":24,"column":37}},"12":{"start":{"line":25,"column":6},"end":{"line":25,"column":13}},"13":{"start":{"line":27,"column":6},"end":{"line":27,"column":39}},"14":{"start":{"line":31,"column":2},"end":{"line":93,"column":5}},"15":{"start":{"line":32,"column":4},"end":{"line":32,"column":59}},"16":{"start":{"line":35,"column":4},"end":{"line":57,"column":7}},"17":{"start":{"line":36,"column":6},"end":{"line":36,"column":33}},"18":{"start":{"line":36,"column":26},"end":{"line":36,"column":33}},"19":{"start":{"line":38,"column":6},"end":{"line":56,"column":7}},"20":{"start":{"line":40,"column":28},"end":{"line":44,"column":null}},"21":{"start":{"line":47,"column":8},"end":{"line":50,"column":9}},"22":{"start":{"line":48,"column":10},"end":{"line":48,"column":69}},"23":{"start":{"line":49,"column":10},"end":{"line":49,"column":17}},"24":{"start":{"line":52,"column":8},"end":{"line":52,"column":38}},"25":{"start":{"line":53,"column":8},"end":{"line":53,"column":67}},"26":{"start":{"line":55,"column":8},"end":{"line":55,"column":60}},"27":{"start":{"line":60,"column":4},"end":{"line":62,"column":7}},"28":{"start":{"line":61,"column":6},"end":{"line":61,"column":37}},"29":{"start":{"line":65,"column":4},"end":{"line":80,"column":7}},"30":{"start":{"line":66,"column":6},"end":{"line":66,"column":33}},"31":{"start":{"line":66,"column":26},"end":{"line":66,"column":33}},"32":{"start":{"line":68,"column":6},"end":{"line":79,"column":7}},"33":{"start":{"line":69,"column":24},"end":{"line":72,"column":null}},"34":{"start":{"line":76,"column":8},"end":{"line":76,"column":66}},"35":{"start":{"line":78,"column":8},"end":{"line":78,"column":68}},"36":{"start":{"line":83,"column":4},"end":{"line":88,"column":7}},"37":{"start":{"line":84,"column":6},"end":{"line":87,"column":9}},"38":{"start":{"line":90,"column":4},"end":{"line":92,"column":7}},"39":{"start":{"line":91,"column":6},"end":{"line":91,"column":64}}},"fnMap":{"0":{"name":"initializeChatGateway","decl":{"start":{"line":14,"column":16},"end":{"line":14,"column":37}},"loc":{"start":{"line":14,"column":56},"end":{"line":94,"column":1}}},"1":{"name":"(anonymous_2)","decl":{"start":{"line":16,"column":9},"end":{"line":16,"column":10}},"loc":{"start":{"line":16,"column":47},"end":{"line":29,"column":3}}},"2":{"name":"(anonymous_3)","decl":{"start":{"line":31,"column":22},"end":{"line":31,"column":23}},"loc":{"start":{"line":31,"column":54},"end":{"line":93,"column":3}}},"3":{"name":"(anonymous_4)","decl":{"start":{"line":35,"column":27},"end":{"line":35,"column":32}},"loc":{"start":{"line":35,"column":52},"end":{"line":57,"column":5}}},"4":{"name":"(anonymous_5)","decl":{"start":{"line":60,"column":28},"end":{"line":60,"column":29}},"loc":{"start":{"line":60,"column":47},"end":{"line":62,"column":5}}},"5":{"name":"(anonymous_6)","decl":{"start":{"line":65,"column":30},"end":{"line":65,"column":35}},"loc":{"start":{"line":65,"column":79},"end":{"line":80,"column":5}}},"6":{"name":"(anonymous_7)","decl":{"start":{"line":83,"column":24},"end":{"line":83,"column":25}},"loc":{"start":{"line":83,"column":72},"end":{"line":88,"column":5}}},"7":{"name":"(anonymous_8)","decl":{"start":{"line":90,"column":28},"end":{"line":90,"column":31}},"loc":{"start":{"line":90,"column":33},"end":{"line":92,"column":5}}}},"branchMap":{"0":{"loc":{"start":{"line":17,"column":18},"end":{"line":17,"column":77}},"type":"binary-expr","locations":[{"start":{"line":17,"column":18},"end":{"line":17,"column":45}},{"start":{"line":17,"column":49},"end":{"line":17,"column":77}}]},"1":{"loc":{"start":{"line":18,"column":4},"end":{"line":20,"column":5}},"type":"if","locations":[{"start":{"line":18,"column":4},"end":{"line":20,"column":5}}]},"2":{"loc":{"start":{"line":18,"column":8},"end":{"line":18,"column":43}},"type":"binary-expr","locations":[{"start":{"line":18,"column":8},"end":{"line":18,"column":14}},{"start":{"line":18,"column":18},"end":{"line":18,"column":43}}]},"3":{"loc":{"start":{"line":36,"column":6},"end":{"line":36,"column":33}},"type":"if","locations":[{"start":{"line":36,"column":6},"end":{"line":36,"column":33}}]},"4":{"loc":{"start":{"line":47,"column":8},"end":{"line":50,"column":9}},"type":"if","locations":[{"start":{"line":47,"column":8},"end":{"line":50,"column":9}}]},"5":{"loc":{"start":{"line":66,"column":6},"end":{"line":66,"column":33}},"type":"if","locations":[{"start":{"line":66,"column":6},"end":{"line":66,"column":33}}]}},"s":{"0":1,"1":1,"2":1,"3":1,"4":1,"5":1,"6":0,"7":0,"8":0,"9":0,"10":0,"11":0,"12":0,"13":0,"14":1,"15":0,"16":0,"17":0,"18":0,"19":0,"20":0,"21":0,"22":0,"23":0,"24":0,"25":0,"26":0,"27":0,"28":0,"29":0,"30":0,"31":0,"32":0,"33":0,"34":0,"35":0,"36":0,"37":0,"38":0,"39":0},"f":{"0":1,"1":0,"2":0,"3":0,"4":0,"5":0,"6":0,"7":0},"b":{"0":[0,0],"1":[0],"2":[0,0],"3":[0],"4":[0],"5":[0]}}
,"C:\\finalproject\\disasteraid-v2\\backend\\src\\modules\\chat\\chat.routes.ts": {"path":"C:\\finalproject\\disasteraid-v2\\backend\\src\\modules\\chat\\chat.routes.ts","statementMap":{"0":{"start":{"line":1,"column":0},"end":{"line":1,"column":33}},"1":{"start":{"line":2,"column":0},"end":{"line":2,"column":54}},"2":{"start":{"line":3,"column":0},"end":{"line":3,"column":56}},"3":{"start":{"line":5,"column":15},"end":{"line":5,"column":23}},"4":{"start":{"line":11,"column":0},"end":{"line":15,"column":2}},"5":{"start":{"line":14,"column":22},"end":{"line":14,"column":63}},"6":{"start":{"line":21,"column":0},"end":{"line":25,"column":2}},"7":{"start":{"line":24,"column":22},"end":{"line":24,"column":63}},"8":{"start":{"line":31,"column":0},"end":{"line":35,"column":2}},"9":{"start":{"line":34,"column":22},"end":{"line":34,"column":64}},"10":{"start":{"line":41,"column":0},"end":{"line":45,"column":2}},"11":{"start":{"line":44,"column":22},"end":{"line":44,"column":64}},"12":{"start":{"line":47,"column":0},"end":{"line":47,"column":22}}},"fnMap":{"0":{"name":"(anonymous_0)","decl":{"start":{"line":14,"column":2},"end":{"line":14,"column":3}},"loc":{"start":{"line":14,"column":22},"end":{"line":14,"column":63}}},"1":{"name":"(anonymous_1)","decl":{"start":{"line":24,"column":2},"end":{"line":24,"column":3}},"loc":{"start":{"line":24,"column":22},"end":{"line":24,"column":63}}},"2":{"name":"(anonymous_2)","decl":{"start":{"line":34,"column":2},"end":{"line":34,"column":3}},"loc":{"start":{"line":34,"column":22},"end":{"line":34,"column":64}}},"3":{"name":"(anonymous_3)","decl":{"start":{"line":44,"column":2},"end":{"line":44,"column":3}},"loc":{"start":{"line":44,"column":22},"end":{"line":44,"column":64}}}},"branchMap":{},"s":{"0":1,"1":1,"2":1,"3":1,"4":1,"5":0,"6":1,"7":0,"8":1,"9":0,"10":1,"11":0,"12":1},"f":{"0":0,"1":0,"2":0,"3":0},"b":{}}
,"C:\\finalproject\\disasteraid-v2\\backend\\src\\modules\\chat\\chat.service.ts": {"path":"C:\\finalproject\\disasteraid-v2\\backend\\src\\modules\\chat\\chat.service.ts","statementMap":{"0":{"start":{"line":1,"column":0},"end":{"line":1,"column":48}},"1":{"start":{"line":2,"column":0},"end":{"line":2,"column":63}},"2":{"start":{"line":10,"column":21},"end":{"line":12,"column":null}},"3":{"start":{"line":15,"column":4},"end":{"line":17,"column":5}},"4":{"start":{"line":16,"column":6},"end":{"line":16,"column":30}},"5":{"start":{"line":19,"column":19},"end":{"line":23,"column":null}},"6":{"start":{"line":27,"column":4},"end":{"line":31,"column":6}},"7":{"start":{"line":33,"column":4},"end":{"line":33,"column":26}},"8":{"start":{"line":41,"column":23},"end":{"line":45,"column":null}},"9":{"start":{"line":48,"column":4},"end":{"line":50,"column":5}},"10":{"start":{"line":49,"column":6},"end":{"line":49,"column":69}},"11":{"start":{"line":52,"column":19},"end":{"line":56,"column":null}},"12":{"start":{"line":59,"column":4},"end":{"line":59,"column":26}},"13":{"start":{"line":67,"column":24},"end":{"line":71,"column":null}},"14":{"start":{"line":74,"column":4},"end":{"line":76,"column":5}},"15":{"start":{"line":75,"column":6},"end":{"line":75,"column":59}},"16":{"start":{"line":78,"column":19},"end":{"line":85,"column":null}},"17":{"start":{"line":87,"column":4},"end":{"line":87,"column":23}},"18":{"start":{"line":94,"column":19},"end":{"line":101,"column":null}},"19":{"start":{"line":103,"column":4},"end":{"line":103,"column":23}},"20":{"start":{"line":4,"column":0},"end":{"line":4,"column":13}},"21":{"start":{"line":107,"column":13},"end":{"line":107,"column":45}}},"fnMap":{"0":{"name":"(anonymous_0)","decl":{"start":{"line":8,"column":2},"end":{"line":8,"column":7}},"loc":{"start":{"line":8,"column":52},"end":{"line":34,"column":3}}},"1":{"name":"(anonymous_1)","decl":{"start":{"line":39,"column":2},"end":{"line":39,"column":7}},"loc":{"start":{"line":39,"column":66},"end":{"line":60,"column":3}}},"2":{"name":"(anonymous_2)","decl":{"start":{"line":65,"column":2},"end":{"line":65,"column":7}},"loc":{"start":{"line":65,"column":90},"end":{"line":88,"column":3}}},"3":{"name":"(anonymous_3)","decl":{"start":{"line":93,"column":2},"end":{"line":93,"column":7}},"loc":{"start":{"line":93,"column":35},"end":{"line":104,"column":3}}}},"branchMap":{"0":{"loc":{"start":{"line":15,"column":4},"end":{"line":17,"column":5}},"type":"if","locations":[{"start":{"line":15,"column":4},"end":{"line":17,"column":5}}]},"1":{"loc":{"start":{"line":48,"column":4},"end":{"line":50,"column":5}},"type":"if","locations":[{"start":{"line":48,"column":4},"end":{"line":50,"column":5}}]},"2":{"loc":{"start":{"line":65,"column":52},"end":{"line":65,"column":70}},"type":"default-arg","locations":[{"start":{"line":65,"column":68},"end":{"line":65,"column":70}}]},"3":{"loc":{"start":{"line":65,"column":72},"end":{"line":65,"column":90}},"type":"default-arg","locations":[{"start":{"line":65,"column":89},"end":{"line":65,"column":90}}]},"4":{"loc":{"start":{"line":74,"column":4},"end":{"line":76,"column":5}},"type":"if","locations":[{"start":{"line":74,"column":4},"end":{"line":76,"column":5}}]}},"s":{"0":1,"1":1,"2":0,"3":0,"4":0,"5":0,"6":0,"7":0,"8":0,"9":0,"10":0,"11":0,"12":0,"13":0,"14":0,"15":0,"16":0,"17":0,"18":0,"19":0,"20":1,"21":1},"f":{"0":0,"1":0,"2":0,"3":0},"b":{"0":[0],"1":[0],"2":[0],"3":[0],"4":[0]}}
,"C:\\finalproject\\disasteraid-v2\\backend\\src\\modules\\deliveries\\deliveries.controller.ts": {"path":"C:\\finalproject\\disasteraid-v2\\backend\\src\\modules\\deliveries\\deliveries.controller.ts","statementMap":{"0":{"start":{"line":3,"column":0},"end":{"line":3,"column":60}},"1":{"start":{"line":8,"column":4},"end":{"line":15,"column":32}},"2":{"start":{"line":9,"column":6},"end":{"line":9,"column":82}},"3":{"start":{"line":9,"column":23},"end":{"line":9,"column":72}},"4":{"start":{"line":9,"column":73},"end":{"line":9,"column":80}},"5":{"start":{"line":10,"column":23},"end":{"line":12,"column":null}},"6":{"start":{"line":14,"column":6},"end":{"line":14,"column":37}},"7":{"start":{"line":15,"column":20},"end":{"line":15,"column":30}},"8":{"start":{"line":19,"column":4},"end":{"line":28,"column":32}},"9":{"start":{"line":20,"column":6},"end":{"line":20,"column":82}},"10":{"start":{"line":20,"column":23},"end":{"line":20,"column":72}},"11":{"start":{"line":20,"column":73},"end":{"line":20,"column":80}},"12":{"start":{"line":21,"column":17},"end":{"line":21,"column":54}},"13":{"start":{"line":22,"column":21},"end":{"line":25,"column":null}},"14":{"start":{"line":27,"column":6},"end":{"line":27,"column":23}},"15":{"start":{"line":28,"column":20},"end":{"line":28,"column":30}},"16":{"start":{"line":32,"column":4},"end":{"line":36,"column":32}},"17":{"start":{"line":33,"column":21},"end":{"line":33,"column":62}},"18":{"start":{"line":34,"column":25},"end":{"line":34,"column":66}},"19":{"start":{"line":35,"column":6},"end":{"line":35,"column":31}},"20":{"start":{"line":36,"column":20},"end":{"line":36,"column":30}},"21":{"start":{"line":6,"column":0},"end":{"line":6,"column":13}},"22":{"start":{"line":40,"column":13},"end":{"line":40,"column":63}}},"fnMap":{"0":{"name":"(anonymous_0)","decl":{"start":{"line":7,"column":2},"end":{"line":7,"column":7}},"loc":{"start":{"line":7,"column":66},"end":{"line":16,"column":3}}},"1":{"name":"(anonymous_1)","decl":{"start":{"line":18,"column":2},"end":{"line":18,"column":7}},"loc":{"start":{"line":18,"column":66},"end":{"line":29,"column":3}}},"2":{"name":"(anonymous_2)","decl":{"start":{"line":31,"column":2},"end":{"line":31,"column":7}},"loc":{"start":{"line":31,"column":69},"end":{"line":37,"column":3}}}},"branchMap":{"0":{"loc":{"start":{"line":9,"column":6},"end":{"line":9,"column":82}},"type":"if","locations":[{"start":{"line":9,"column":6},"end":{"line":9,"column":82}}]},"1":{"loc":{"start":{"line":20,"column":6},"end":{"line":20,"column":82}},"type":"if","locations":[{"start":{"line":20,"column":6},"end":{"line":20,"column":82}}]}},"s":{"0":1,"1":0,"2":0,"3":0,"4":0,"5":0,"6":0,"7":0,"8":0,"9":0,"10":0,"11":0,"12":0,"13":0,"14":0,"15":0,"16":0,"17":0,"18":0,"19":0,"20":0,"21":1,"22":1},"f":{"0":0,"1":0,"2":0},"b":{"0":[0],"1":[0]}}
,"C:\\finalproject\\disasteraid-v2\\backend\\src\\modules\\deliveries\\deliveries.routes.ts": {"path":"C:\\finalproject\\disasteraid-v2\\backend\\src\\modules\\deliveries\\deliveries.routes.ts","statementMap":{"0":{"start":{"line":1,"column":0},"end":{"line":1,"column":33}},"1":{"start":{"line":2,"column":0},"end":{"line":2,"column":66}},"2":{"start":{"line":3,"column":0},"end":{"line":3,"column":56}},"3":{"start":{"line":4,"column":0},"end":{"line":4,"column":58}},"4":{"start":{"line":5,"column":0},"end":{"line":5,"column":56}},"5":{"start":{"line":6,"column":0},"end":{"line":6,"column":101}},"6":{"start":{"line":8,"column":15},"end":{"line":8,"column":23}},"7":{"start":{"line":14,"column":0},"end":{"line":20,"column":2}},"8":{"start":{"line":19,"column":22},"end":{"line":19,"column":65}},"9":{"start":{"line":26,"column":0},"end":{"line":32,"column":2}},"10":{"start":{"line":31,"column":22},"end":{"line":31,"column":65}},"11":{"start":{"line":38,"column":0},"end":{"line":42,"column":2}},"12":{"start":{"line":41,"column":22},"end":{"line":41,"column":68}},"13":{"start":{"line":44,"column":0},"end":{"line":44,"column":22}}},"fnMap":{"0":{"name":"(anonymous_0)","decl":{"start":{"line":19,"column":2},"end":{"line":19,"column":3}},"loc":{"start":{"line":19,"column":22},"end":{"line":19,"column":65}}},"1":{"name":"(anonymous_1)","decl":{"start":{"line":31,"column":2},"end":{"line":31,"column":3}},"loc":{"start":{"line":31,"column":22},"end":{"line":31,"column":65}}},"2":{"name":"(anonymous_2)","decl":{"start":{"line":41,"column":2},"end":{"line":41,"column":3}},"loc":{"start":{"line":41,"column":22},"end":{"line":41,"column":68}}}},"branchMap":{},"s":{"0":1,"1":1,"2":1,"3":1,"4":1,"5":1,"6":1,"7":1,"8":0,"9":1,"10":0,"11":1,"12":0,"13":1},"f":{"0":0,"1":0,"2":0},"b":{}}
,"C:\\finalproject\\disasteraid-v2\\backend\\src\\modules\\deliveries\\deliveries.schema.ts": {"path":"C:\\finalproject\\disasteraid-v2\\backend\\src\\modules\\deliveries\\deliveries.schema.ts","statementMap":{"0":{"start":{"line":1,"column":0},"end":{"line":1,"column":24}},"1":{"start":{"line":3,"column":13},"end":{"line":9,"column":3}},"2":{"start":{"line":11,"column":13},"end":{"line":14,"column":3}},"3":{"start":{"line":16,"column":13},"end":{"line":18,"column":3}}},"fnMap":{},"branchMap":{},"s":{"0":1,"1":1,"2":1,"3":1},"f":{},"b":{}}
,"C:\\finalproject\\disasteraid-v2\\backend\\src\\modules\\deliveries\\deliveries.service.ts": {"path":"C:\\finalproject\\disasteraid-v2\\backend\\src\\modules\\deliveries\\deliveries.service.ts","statementMap":{"0":{"start":{"line":1,"column":0},"end":{"line":1,"column":48}},"1":{"start":{"line":2,"column":0},"end":{"line":2,"column":63}},"2":{"start":{"line":10,"column":19},"end":{"line":10,"column":39}},"3":{"start":{"line":12,"column":4},"end":{"line":70,"column":5}},"4":{"start":{"line":13,"column":6},"end":{"line":13,"column":34}},"5":{"start":{"line":16,"column":25},"end":{"line":18,"column":null}},"6":{"start":{"line":21,"column":6},"end":{"line":23,"column":7}},"7":{"start":{"line":22,"column":8},"end":{"line":22,"column":49}},"8":{"start":{"line":25,"column":19},"end":{"line":25,"column":37}},"9":{"start":{"line":27,"column":6},"end":{"line":29,"column":7}},"10":{"start":{"line":28,"column":8},"end":{"line":28,"column":68}},"11":{"start":{"line":31,"column":6},"end":{"line":33,"column":7}},"12":{"start":{"line":32,"column":8},"end":{"line":32,"column":94}},"13":{"start":{"line":36,"column":29},"end":{"line":47,"column":null}},"14":{"start":{"line":51,"column":6},"end":{"line":54,"column":8}},"15":{"start":{"line":57,"column":6},"end":{"line":61,"column":8}},"16":{"start":{"line":63,"column":6},"end":{"line":63,"column":35}},"17":{"start":{"line":64,"column":6},"end":{"line":64,"column":36}},"18":{"start":{"line":66,"column":6},"end":{"line":66,"column":37}},"19":{"start":{"line":67,"column":6},"end":{"line":67,"column":16}},"20":{"start":{"line":69,"column":6},"end":{"line":69,"column":23}},"21":{"start":{"line":77,"column":19},"end":{"line":77,"column":39}},"22":{"start":{"line":79,"column":4},"end":{"line":169,"column":5}},"23":{"start":{"line":80,"column":6},"end":{"line":80,"column":34}},"24":{"start":{"line":82,"column":29},"end":{"line":87,"column":null}},"25":{"start":{"line":90,"column":6},"end":{"line":92,"column":7}},"26":{"start":{"line":91,"column":8},"end":{"line":91,"column":53}},"27":{"start":{"line":94,"column":23},"end":{"line":94,"column":45}},"28":{"start":{"line":99,"column":29},"end":{"line":99,"column":138}},"29":{"start":{"line":100,"column":27},"end":{"line":100,"column":55}},"30":{"start":{"line":102,"column":6},"end":{"line":110,"column":7}},"31":{"start":{"line":103,"column":34},"end":{"line":105,"column":null}},"32":{"start":{"line":107,"column":8},"end":{"line":109,"column":9}},"33":{"start":{"line":108,"column":10},"end":{"line":108,"column":88}},"34":{"start":{"line":113,"column":6},"end":{"line":116,"column":8}},"35":{"start":{"line":118,"column":6},"end":{"line":160,"column":7}},"36":{"start":{"line":120,"column":8},"end":{"line":123,"column":10}},"37":{"start":{"line":126,"column":8},"end":{"line":130,"column":10}},"38":{"start":{"line":133,"column":8},"end":{"line":140,"column":10}},"39":{"start":{"line":143,"column":8},"end":{"line":147,"column":10}},"40":{"start":{"line":150,"column":8},"end":{"line":153,"column":10}},"41":{"start":{"line":155,"column":8},"end":{"line":159,"column":10}},"42":{"start":{"line":162,"column":6},"end":{"line":162,"column":35}},"43":{"start":{"line":163,"column":6},"end":{"line":163,"column":67}},"44":{"start":{"line":165,"column":6},"end":{"line":165,"column":37}},"45":{"start":{"line":166,"column":6},"end":{"line":166,"column":16}},"46":{"start":{"line":168,"column":6},"end":{"line":168,"column":23}},"47":{"start":{"line":176,"column":19},"end":{"line":183,"column":null}},"48":{"start":{"line":185,"column":4},"end":{"line":185,"column":23}},"49":{"start":{"line":5,"column":0},"end":{"line":5,"column":13}},"50":{"start":{"line":189,"column":13},"end":{"line":189,"column":57}}},"fnMap":{"0":{"name":"(anonymous_0)","decl":{"start":{"line":9,"column":2},"end":{"line":9,"column":7}},"loc":{"start":{"line":9,"column":70},"end":{"line":71,"column":3}}},"1":{"name":"(anonymous_1)","decl":{"start":{"line":76,"column":2},"end":{"line":76,"column":7}},"loc":{"start":{"line":76,"column":89},"end":{"line":170,"column":3}}},"2":{"name":"(anonymous_2)","decl":{"start":{"line":175,"column":2},"end":{"line":175,"column":7}},"loc":{"start":{"line":175,"column":32},"end":{"line":186,"column":3}}}},"branchMap":{"0":{"loc":{"start":{"line":21,"column":6},"end":{"line":23,"column":7}},"type":"if","locations":[{"start":{"line":21,"column":6},"end":{"line":23,"column":7}}]},"1":{"loc":{"start":{"line":27,"column":6},"end":{"line":29,"column":7}},"type":"if","locations":[{"start":{"line":27,"column":6},"end":{"line":29,"column":7}}]},"2":{"loc":{"start":{"line":31,"column":6},"end":{"line":33,"column":7}},"type":"if","locations":[{"start":{"line":31,"column":6},"end":{"line":33,"column":7}}]},"3":{"loc":{"start":{"line":46,"column":10},"end":{"line":46,"column":29}},"type":"binary-expr","locations":[{"start":{"line":46,"column":10},"end":{"line":46,"column":21}},{"start":{"line":46,"column":25},"end":{"line":46,"column":29}}]},"4":{"loc":{"start":{"line":90,"column":6},"end":{"line":92,"column":7}},"type":"if","locations":[{"start":{"line":90,"column":6},"end":{"line":92,"column":7}}]},"5":{"loc":{"start":{"line":102,"column":6},"end":{"line":110,"column":7}},"type":"if","locations":[{"start":{"line":102,"column":6},"end":{"line":110,"column":7}}]},"6":{"loc":{"start":{"line":107,"column":8},"end":{"line":109,"column":9}},"type":"if","locations":[{"start":{"line":107,"column":8},"end":{"line":109,"column":9}}]},"7":{"loc":{"start":{"line":118,"column":6},"end":{"line":160,"column":7}},"type":"if","locations":[{"start":{"line":118,"column":6},"end":{"line":160,"column":7}},{"start":{"line":148,"column":13},"end":{"line":160,"column":7}}]}},"s":{"0":1,"1":1,"2":0,"3":0,"4":0,"5":0,"6":0,"7":0,"8":0,"9":0,"10":0,"11":0,"12":0,"13":0,"14":0,"15":0,"16":0,"17":0,"18":0,"19":0,"20":0,"21":0,"22":0,"23":0,"24":0,"25":0,"26":0,"27":0,"28":0,"29":0,"30":0,"31":0,"32":0,"33":0,"34":0,"35":0,"36":0,"37":0,"38":0,"39":0,"40":0,"41":0,"42":0,"43":0,"44":0,"45":0,"46":0,"47":0,"48":0,"49":1,"50":1},"f":{"0":0,"1":0,"2":0},"b":{"0":[0],"1":[0],"2":[0],"3":[0,0],"4":[0],"5":[0],"6":[0],"7":[0,0]}}
,"C:\\finalproject\\disasteraid-v2\\backend\\src\\modules\\donations\\donations.controller.ts": {"path":"C:\\finalproject\\disasteraid-v2\\backend\\src\\modules\\donations\\donations.controller.ts","statementMap":{"0":{"start":{"line":3,"column":0},"end":{"line":3,"column":58}},"1":{"start":{"line":8,"column":4},"end":{"line":15,"column":32}},"2":{"start":{"line":9,"column":6},"end":{"line":9,"column":82}},"3":{"start":{"line":9,"column":23},"end":{"line":9,"column":72}},"4":{"start":{"line":9,"column":73},"end":{"line":9,"column":80}},"5":{"start":{"line":10,"column":23},"end":{"line":12,"column":null}},"6":{"start":{"line":14,"column":6},"end":{"line":14,"column":37}},"7":{"start":{"line":15,"column":20},"end":{"line":15,"column":30}},"8":{"start":{"line":19,"column":4},"end":{"line":23,"column":32}},"9":{"start":{"line":20,"column":17},"end":{"line":20,"column":54}},"10":{"start":{"line":21,"column":21},"end":{"line":21,"column":85}},"11":{"start":{"line":22,"column":6},"end":{"line":22,"column":23}},"12":{"start":{"line":23,"column":20},"end":{"line":23,"column":30}},"13":{"start":{"line":27,"column":4},"end":{"line":31,"column":32}},"14":{"start":{"line":28,"column":6},"end":{"line":28,"column":82}},"15":{"start":{"line":28,"column":23},"end":{"line":28,"column":72}},"16":{"start":{"line":28,"column":73},"end":{"line":28,"column":80}},"17":{"start":{"line":29,"column":24},"end":{"line":29,"column":79}},"18":{"start":{"line":30,"column":6},"end":{"line":30,"column":30}},"19":{"start":{"line":31,"column":20},"end":{"line":31,"column":30}},"20":{"start":{"line":35,"column":4},"end":{"line":39,"column":32}},"21":{"start":{"line":36,"column":25},"end":{"line":36,"column":70}},"22":{"start":{"line":37,"column":24},"end":{"line":37,"column":81}},"23":{"start":{"line":38,"column":6},"end":{"line":38,"column":30}},"24":{"start":{"line":39,"column":20},"end":{"line":39,"column":30}},"25":{"start":{"line":6,"column":0},"end":{"line":6,"column":13}},"26":{"start":{"line":43,"column":13},"end":{"line":43,"column":61}}},"fnMap":{"0":{"name":"(anonymous_0)","decl":{"start":{"line":7,"column":2},"end":{"line":7,"column":7}},"loc":{"start":{"line":7,"column":66},"end":{"line":16,"column":3}}},"1":{"name":"(anonymous_1)","decl":{"start":{"line":18,"column":2},"end":{"line":18,"column":7}},"loc":{"start":{"line":18,"column":67},"end":{"line":24,"column":3}}},"2":{"name":"(anonymous_2)","decl":{"start":{"line":26,"column":2},"end":{"line":26,"column":7}},"loc":{"start":{"line":26,"column":74},"end":{"line":32,"column":3}}},"3":{"name":"(anonymous_3)","decl":{"start":{"line":34,"column":2},"end":{"line":34,"column":7}},"loc":{"start":{"line":34,"column":73},"end":{"line":40,"column":3}}}},"branchMap":{"0":{"loc":{"start":{"line":9,"column":6},"end":{"line":9,"column":82}},"type":"if","locations":[{"start":{"line":9,"column":6},"end":{"line":9,"column":82}}]},"1":{"loc":{"start":{"line":28,"column":6},"end":{"line":28,"column":82}},"type":"if","locations":[{"start":{"line":28,"column":6},"end":{"line":28,"column":82}}]}},"s":{"0":1,"1":0,"2":0,"3":0,"4":0,"5":0,"6":0,"7":0,"8":0,"9":0,"10":0,"11":0,"
[...]
:96,"column":16}},"32":{"start":{"line":98,"column":6},"end":{"line":98,"column":23}},"33":{"start":{"line":106,"column":19},"end":{"line":112,"column":null}},"34":{"start":{"line":114,"column":4},"end":{"line":114,"column":23}},"35":{"start":{"line":121,"column":19},"end":{"line":127,"column":null}},"36":{"start":{"line":129,"column":4},"end":{"line":129,"column":23}},"37":{"start":{"line":5,"column":0},"end":{"line":5,"column":13}},"38":{"start":{"line":133,"column":13},"end":{"line":133,"column":55}}},"fnMap":{"0":{"name":"(anonymous_0)","decl":{"start":{"line":9,"column":2},"end":{"line":9,"column":7}},"loc":{"start":{"line":9,"column":66},"end":{"line":45,"column":3}}},"1":{"name":"(anonymous_1)","decl":{"start":{"line":51,"column":2},"end":{"line":51,"column":7}},"loc":{"start":{"line":51,"column":63},"end":{"line":100,"column":3}}},"2":{"name":"(anonymous_2)","decl":{"start":{"line":105,"column":2},"end":{"line":105,"column":7}},"loc":{"start":{"line":105,"column":43},"end":{"line":115,"column":3}}},"3":{"name":"(anonymous_3)","decl":{"start":{"line":120,"column":2},"end":{"line":120,"column":7}},"loc":{"start":{"line":120,"column":49},"end":{"line":130,"column":3}}}},"branchMap":{"0":{"loc":{"start":{"line":21,"column":6},"end":{"line":23,"column":7}},"type":"if","locations":[{"start":{"line":21,"column":6},"end":{"line":23,"column":7}}]},"1":{"loc":{"start":{"line":25,"column":6},"end":{"line":27,"column":7}},"type":"if","locations":[{"start":{"line":25,"column":6},"end":{"line":27,"column":7}}]},"2":{"loc":{"start":{"line":34,"column":55},"end":{"line":34,"column":80}},"type":"binary-expr","locations":[{"start":{"line":34,"column":55},"end":{"line":34,"column":72}},{"start":{"line":34,"column":76},"end":{"line":34,"column":80}}]},"3":{"loc":{"start":{"line":62,"column":6},"end":{"line":64,"column":7}},"type":"if","locations":[{"start":{"line":62,"column":6},"end":{"line":64,"column":7}}]},"4":{"loc":{"start":{"line":68,"column":6},"end":{"line":70,"column":7}},"type":"if","locations":[{"start":{"line":68,"column":6},"end":{"line":70,"column":7}}]}},"s":{"0":1,"1":1,"2":0,"3":0,"4":0,"5":0,"6":0,"7":0,"8":0,"9":0,"10":0,"11":0,"12":0,"13":0,"14":0,"15":0,"16":0,"17":0,"18":0,"19":0,"20":0,"21":0,"22":0,"23":0,"24":0,"25":0,"26":0,"27":0,"28":0,"29":0,"30":0,"31":0,"32":0,"33":0,"34":0,"35":0,"36":0,"37":1,"38":1},"f":{"0":0,"1":0,"2":0,"3":0},"b":{"0":[0],"1":[0],"2":[0,0],"3":[0],"4":[0]}}
,"C:\\finalproject\\disasteraid-v2\\backend\\src\\modules\\tasks\\tasks.controller.ts": {"path":"C:\\finalproject\\disasteraid-v2\\backend\\src\\modules\\tasks\\tasks.controller.ts","statementMap":{"0":{"start":{"line":3,"column":0},"end":{"line":3,"column":50}},"1":{"start":{"line":8,"column":4},"end":{"line":12,"column":32}},"2":{"start":{"line":9,"column":6},"end":{"line":9,"column":82}},"3":{"start":{"line":9,"column":23},"end":{"line":9,"column":72}},"4":{"start":{"line":9,"column":73},"end":{"line":9,"column":80}},"5":{"start":{"line":10,"column":19},"end":{"line":10,"column":90}},"6":{"start":{"line":11,"column":6},"end":{"line":11,"column":33}},"7":{"start":{"line":12,"column":20},"end":{"line":12,"column":30}},"8":{"start":{"line":16,"column":4},"end":{"line":19,"column":32}},"9":{"start":{"line":17,"column":20},"end":{"line":17,"column":58}},"10":{"start":{"line":18,"column":6},"end":{"line":18,"column":47}},"11":{"start":{"line":19,"column":20},"end":{"line":19,"column":30}},"12":{"start":{"line":23,"column":4},"end":{"line":33,"column":32}},"13":{"start":{"line":24,"column":17},"end":{"line":24,"column":54}},"14":{"start":{"line":25,"column":19},"end":{"line":25,"column":53}},"15":{"start":{"line":28,"column":6},"end":{"line":30,"column":7}},"16":{"start":{"line":29,"column":8},"end":{"line":29,"column":55}},"17":{"start":{"line":32,"column":6},"end":{"line":32,"column":21}},"18":{"start":{"line":33,"column":20},"end":{"line":33,"column":30}},"19":{"start":{"line":37,"column":4},"end":{"line":41,"column":32}},"20":{"start":{"line":38,"column":17},"end":{"line":38,"column":54}},"21":{"start":{"line":39,"column":19},"end":{"line":39,"column":81}},"22":{"start":{"line":40,"column":6},"end":{"line":40,"column":21}},"23":{"start":{"line":41,"column":20},"end":{"line":41,"column":30}},"24":{"start":{"line":45,"column":4},"end":{"line":50,"column":32}},"25":{"start":{"line":46,"column":6},"end":{"line":46,"column":82}},"26":{"start":{"line":46,"column":23},"end":{"line":46,"column":72}},"27":{"start":{"line":46,"column":73},"end":{"line":46,"column":80}},"28":{"start":{"line":47,"column":21},"end":{"line":47,"column":58}},"29":{"start":{"line":48,"column":19},"end":{"line":48,"column":68}},"30":{"start":{"line":49,"column":6},"end":{"line":49,"column":63}},"31":{"start":{"line":50,"column":20},"end":{"line":50,"column":30}},"32":{"start":{"line":54,"column":4},"end":{"line":58,"column":32}},"33":{"start":{"line":55,"column":21},"end":{"line":55,"column":58}},"34":{"start":{"line":56,"column":21},"end":{"line":56,"column":61}},"35":{"start":{"line":57,"column":6},"end":{"line":57,"column":27}},"36":{"start":{"line":58,"column":20},"end":{"line":58,"column":30}},"37":{"start":{"line":6,"column":0},"end":{"line":6,"column":13}},"38":{"start":{"line":62,"column":13},"end":{"line":62,"column":53}}},"fnMap":{"0":{"name":"(anonymous_0)","decl":{"start":{"line":7,"column":2},"end":{"line":7,"column":7}},"loc":{"start":{"line":7,"column":66},"end":{"line":13,"column":3}}},"1":{"name":"(anonymous_1)","decl":{"start":{"line":15,"column":2},"end":{"line":15,"column":7}},"loc":{"start":{"line":15,"column":73},"end":{"line":20,"column":3}}},"2":{"name":"(anonymous_2)","decl":{"start":{"line":22,"column":2},"end":{"line":22,"column":7}},"loc":{"start":{"line":22,"column":67},"end":{"line":34,"column":3}}},"3":{"name":"(anonymous_3)","decl":{"start":{"line":36,"column":2},"end":{"line":36,"column":7}},"loc":{"start":{"line":36,"column":66},"end":{"line":42,"column":3}}},"4":{"name":"(anonymous_4)","decl":{"start":{"line":44,"column":2},"end":{"line":44,"column":7}},"loc":{"start":{"line":44,"column":65},"end":{"line":51,"column":3}}},"5":{"name":"(anonymous_5)","decl":{"start":{"line":53,"column":2},"end":{"line":53,"column":7}},"loc":{"start":{"line":53,"column":69},"end":{"line":59,"column":3}}}},"branchMap":{"0":{"loc":{"start":{"line":9,"column":6},"end":{"line":9,"column":82}},"type":"if","locations":[{"start":{"line":9,"column":6},"end":{"line":9,"column":82}}]},"1":{"loc":{"start":{"line":28,"column":6},"end":{"line":30,"column":7}},"type":"if","locations":[{"start":{"line":28,"column":6},"end":{"line":30,"column":7}}]},"2":{"loc":{"start":{"line":46,"column":6},"end":{"line":46,"column":82}},"type":"if","locations":[{"start":{"line":46,"column":6},"end":{"line":46,"column":82}}]}},"s":{"0":1,"1":0,"2":0,"3":0,"4":0,"5":0,"6":0,"7":0,"8":0,"9":0,"10":0,"11":0,"12":0,"13":0,"14":0,"15":0,"16":0,"17":0,"18":0,"19":0,"20":0,"21":0,"22":0,"23":0,"24":0,"25":0,"26":0,"27":0,"28":0,"29":0,"30":0,"31":0,"32":0,"33":0,"34":0,"35":0,"36":0,"37":1,"38":1},"f":{"0":0,"1":0,"2":0,"3":0,"4":0,"5":0},"b":{"0":[0],"1":[0],"2":[0]}}
,"C:\\finalproject\\disasteraid-v2\\backend\\src\\modules\\tasks\\tasks.routes.ts": {"path":"C:\\finalproject\\disasteraid-v2\\backend\\src\\modules\\tasks\\tasks.routes.ts","statementMap":{"0":{"start":{"line":1,"column":0},"end":{"line":1,"column":33}},"1":{"start":{"line":2,"column":0},"end":{"line":2,"column":56}},"2":{"start":{"line":3,"column":0},"end":{"line":3,"column":56}},"3":{"start":{"line":4,"column":0},"end":{"line":4,"column":58}},"4":{"start":{"line":5,"column":0},"end":{"line":5,"column":56}},"5":{"start":{"line":6,"column":0},"end":{"line":6,"column":84}},"6":{"start":{"line":8,"column":15},"end":{"line":8,"column":23}},"7":{"start":{"line":15,"column":0},"end":{"line":19,"column":2}},"8":{"start":{"line":18,"column":22},"end":{"line":18,"column":66}},"9":{"start":{"line":25,"column":0},"end":{"line":31,"column":2}},"10":{"start":{"line":30,"column":22},"end":{"line":30,"column":60}},"11":{"start":{"line":37,"column":0},"end":{"line":42,"column":2}},"12":{"start":{"line":41,"column":22},"end":{"line":41,"column":61}},"13":{"start":{"line":48,"column":0},"end":{"line":54,"column":2}},"14":{"start":{"line":53,"column":22},"end":{"line":53,"column":60}},"15":{"start":{"line":61,"column":0},"end":{"line":67,"column":2}},"16":{"start":{"line":66,"column":22},"end":{"line":66,"column":59}},"17":{"start":{"line":73,"column":0},"end":{"line":78,"column":2}},"18":{"start":{"line":77,"column":22},"end":{"line":77,"column":63}},"19":{"start":{"line":80,"column":0},"end":{"line":80,"column":22}}},"fnMap":{"0":{"name":"(anonymous_0)","decl":{"start":{"line":18,"column":2},"end":{"line":18,"column":3}},"loc":{"start":{"line":18,"column":22},"end":{"line":18,"column":66}}},"1":{"name":"(anonymous_1)","decl":{"start":{"line":30,"column":2},"end":{"line":30,"column":3}},"loc":{"start":{"line":30,"column":22},"end":{"line":30,"column":60}}},"2":{"name":"(anonymous_2)","decl":{"start":{"line":41,"column":2},"end":{"line":41,"column":3}},"loc":{"start":{"line":41,"column":22},"end":{"line":41,"column":61}}},"3":{"name":"(anonymous_3)","decl":{"start":{"line":53,"column":2},"end":{"line":53,"column":3}},"loc":{"start":{"line":53,"column":22},"end":{"line":53,"column":60}}},"4":{"name":"(anonymous_4)","decl":{"start":{"line":66,"column":2},"end":{"line":66,"column":3}},"loc":{"start":{"line":66,"column":22},"end":{"line":66,"column":59}}},"5":{"name":"(anonymous_5)","decl":{"start":{"line":77,"column":2},"end":{"line":77,"column":3}},"loc":{"start":{"line":77,"column":22},"end":{"line":77,"column":63}}}},"branchMap":{},"s":{"0":1,"1":1,"2":1,"3":1,"4":1,"5":1,"6":1,"7":1,"8":0,"9":1,"10":0,"11":1,"12":0,"13":1,"14":0,"15":1,"16":0,"17":1,"18":0,"19":1},"f":{"0":0,"1":0,"2":0,"3":0,"4":0,"5":0},"b":{}}
,"C:\\finalproject\\disasteraid-v2\\backend\\src\\modules\\tasks\\tasks.schema.ts": {"path":"C:\\finalproject\\disasteraid-v2\\backend\\src\\modules\\tasks\\tasks.schema.ts","statementMap":{"0":{"start":{"line":1,"column":0},"end":{"line":1,"column":24}},"1":{"start":{"line":3,"column":13},"end":{"line":18,"column":3}},"2":{"start":{"line":20,"column":13},"end":{"line":35,"column":3}},"3":{"start":{"line":37,"column":13},"end":{"line":39,"column":3}}},"fnMap":{},"branchMap":{},"s":{"0":1,"1":1,"2":1,"3":1},"f":{},"b":{}}
,"C:\\finalproject\\disasteraid-v2\\backend\\src\\modules\\tasks\\tasks.service.ts": {"path":"C:\\finalproject\\disasteraid-v2\\backend\\src\\modules\\tasks\\tasks.service.ts","statementMap":{"0":{"start":{"line":1,"column":0},"end":{"line":1,"column":48}},"1":{"start":{"line":2,"column":0},"end":{"line":2,"column":63}},"2":{"start":{"line":39,"column":19},"end":{"line":65,"column":null}},"3":{"start":{"line":68,"column":17},"end":{"line":68,"column":31}},"4":{"start":{"line":71,"column":4},"end":{"line":75,"column":6}},"5":{"start":{"line":77,"column":4},"end":{"line":77,"column":16}},"6":{"start":{"line":84,"column":19},"end":{"line":99,"column":null}},"7":{"start":{"line":101,"column":4},"end":{"line":101,"column":23}},"8":{"start":{"line":108,"column":19},"end":{"line":120,"column":null}},"9":{"start":{"line":123,"column":4},"end":{"line":125,"column":5}},"10":{"start":{"line":124,"column":6},"end":{"line":124,"column":47}},"11":{"start":{"line":127,"column":4},"end":{"line":127,"column":26}},"12":{"start":{"line":134,"column":33},"end":{"line":134,"column":35}},"13":{"start":{"line":135,"column":30},"end":{"line":135,"column":32}},"14":{"start":{"line":136,"column":21},"end":{"line":136,"column":22}},"15":{"start":{"line":138,"column":44},"end":{"line":138,"column":56}},"16":{"start":{"line":141,"column":4},"end":{"line":149,"column":5}},"17":{"start":{"line":142,"column":6},"end":{"line":144,"column":8}},"18":{"start":{"line":145,"column":6},"end":{"line":145,"column":51}},"19":{"start":{"line":146,"column":6},"end":{"line":146,"column":22}},"20":{"start":{"line":147,"column":6},"end":{"line":147,"column":29}},"21":{"start":{"line":148,"column":6},"end":{"line":148,"column":30}},"22":{"start":{"line":151,"column":4},"end":{"line":162,"column":5}},"23":{"start":{"line":152,"column":6},"end":{"line":161,"column":7}},"24":{"start":{"line":153,"column":8},"end":{"line":159,"column":9}},"25":{"start":{"line":154,"column":10},"end":{"line":154,"column":60}},"26":{"start":{"line":155,"column":10},"end":{"line":155,"column":45}},"27":{"start":{"line":157,"column":10},"end":{"line":157,"column":53}},"28":{"start":{"line":158,"column":10},"end":{"line":158,"column":29}},"29":{"start":{"line":160,"column":8},"end":{"line":160,"column":21}},"30":{"start":{"line":164,"column":4},"end":{"line":166,"column":5}},"31":{"start":{"line":165,"column":6},"end":{"line":165,"column":52}},"32":{"start":{"line":168,"column":4},"end":{"line":168,"column":20}},"33":{"start":{"line":169,"column":19},"end":{"line":171,"column":null}},"34":{"start":{"line":174,"column":4},"end":{"line":176,"column":5}},"35":{"start":{"line":175,"column":6},"end":{"line":175,"column":47}},"36":{"start":{"line":178,"column":4},"end":{"line":178,"column":26}},"37":{"start":{"line":189,"column":19},"end":{"line":189,"column":39}},"38":{"start":{"line":191,"column":4},"end":{"line":255,"column":5}},"39":{"start":{"line":192,"column":6},"end":{"line":192,"column":34}},"40":{"start":{"line":195,"column":25},"end":{"line":200,"column":null}},"41":{"start":{"line":203,"column":6},"end":{"line":206,"column":7}},"42":{"start":{"line":204,"column":8},"end":{"line":204,"column":39}},"43":{"start":{"line":205,"column":8},"end":{"line":205,"column":49}},"44":{"start":{"line":208,"column":19},"end":{"line":208,"column":37}},"45":{"start":{"line":210,"column":6},"end":{"line":216,"column":7}},"46":{"start":{"line":211,"column":8},"end":{"line":211,"column":39}},"47":{"start":{"line":212,"column":8},"end":{"line":215,"column":10}},"48":{"start":{"line":218,"column":6},"end":{"line":221,"column":7}},"49":{"start":{"line":219,"column":8},"end":{"line":219,"column":39}},"50":{"start":{"line":220,"column":8},"end":{"line":220,"column":76}},"51":{"start":{"line":224,"column":27},"end":{"line":231,"column":null}},"52":{"start":{"line":235,"column":6},"end":{"line":239,"column":8}},"53":{"start":{"line":242,"column":6},"end":{"line":245,"column":8}},"54":{"start":{"line":247,"column":6},"end":{"line":247,"column":35}},"55":{"start":{"line":249,"column":6},"end":{"line":249,"column":34}},"56":{"start":{"line":251,"column":6},"end":{"line":251,"column":37}},"57":{"start":{"line":252,"column":6},"end":{"line":252,"column":16}},"58":{"start":{"line":254,"column":6},"end":{"line":254,"column":23}},"59":{"start":{"line":262,"column":4},"end":{"line":268,"column":6}},"60":{"start":{"line":270,"column":4},"end":{"line":273,"column":6}},"61":{"start":{"line":280,"column":19},"end":{"line":286,"column":null}},"62":{"start":{"line":288,"column":4},"end":{"line":288,"column":23}},"63":{"start":{"line":34,"column":0},"end":{"line":34,"column":13}},"64":{"start":{"line":292,"column":13},"end":{"line":292,"column":47}}},"fnMap":{"0":{"name":"(anonymous_0)","decl":{"start":{"line":38,"column":2},"end":{"line":38,"column":7}},"loc":{"start":{"line":38,"column":60},"end":{"line":78,"column":3}}},"1":{"name":"(anonymous_1)","decl":{"start":{"line":83,"column":2},"end":{"line":83,"column":7}},"loc":{"start":{"line":83,"column":25},"end":{"line":102,"column":3}}},"2":{"name":"(anonymous_2)","decl":{"start":{"line":107,"column":2},"end":{"line":107,"column":7}},"loc":{"start":{"line":107,"column":30},"end":{"line":128,"column":3}}},"3":{"name":"(anonymous_3)","decl":{"start":{"line":133,"column":2},"end":{"line":133,"column":7}},"loc":{"start":{"line":133,"column":53},"end":{"line":179,"column":3}}},"4":{"name":"(anonymous_4)","decl":{"start":{"line":188,"column":2},"end":{"line":188,"column":7}},"loc":{"start":{"line":188,"column":53},"end":{"line":256,"column":3}}},"5":{"name":"(anonymous_5)","decl":{"start":{"line":261,"column":2},"end":{"line":261,"column":7}},"loc":{"start":{"line":261,"column":49},"end":{"line":274,"column":3}}},"6":{"name":"(anonymous_6)","decl":{"start":{"line":279,"column":2},"end":{"line":279,"column":7}},"loc":{"start":{"line":279,"column":36},"end":{"line":289,"column":3}}}},"branchMap":{"0":{"loc":{"start":{"line":50,"column":8},"end":{"line":50,"column":33}},"type":"binary-expr","locations":[{"start":{"line":50,"column":8},"end":{"line":50,"column":25}},{"start":{"line":50,"column":29},"end":{"line":50,"column":33}}]},"1":{"loc":{"start":{"line":51,"column":8},"end":{"line":51,"column":36}},"type":"binary-expr","locations":[{"start":{"line":51,"column":8},"end":{"line":51,"column":28}},{"start":{"line":51,"column":32},"end":{"line":51,"column":36}}]},"2":{"loc":{"start":{"line":55,"column":8},"end":{"line":55,"column":33}},"type":"binary-expr","locations":[{"start":{"line":55,"column":8},"end":{"line":55,"column":25}},{"start":{"line":55,"column":29},"end":{"line":55,"column":33}}]},"3":{"loc":{"start":{"line":56,"column":8},"end":{"line":56,"column":30}},"type":"binary-expr","locations":[{"start":{"line":56,"column":8},"end":{"line":56,"column":22}},{"start":{"line":56,"column":26},"end":{"line":56,"column":30}}]},"4":{"loc":{"start":{"line":61,"column":8},"end":{"line":61,"column":35}},"type":"binary-expr","locations":[{"start":{"line":61,"column":8},"end":{"line":61,"column":27}},{"start":{"line":61,"column":31},"end":{"line":61,"column":35}}]},"5":{"loc":{"start":{"line":123,"column":4},"end":{"line":125,"column":5}},"type":"if","locations":[{"start":{"line":123,"column":4},"end":{"line":125,"column":5}}]},"6":{"loc":{"start":{"line":141,"column":4},"end":{"line":149,"column":5}},"type":"if","locations":[{"start":{"line":141,"column":4},"end":{"line":149,"column":5}}]},"7":{"loc":{"start":{"line":141,"column":8},"end":{"line":141,"column":69}},"type":"binary-expr","locations":[{"start":{"line":141,"column":8},"end":{"line":141,"column":36}},{"start":{"line":141,"column":40},"end":{"line":141,"column":69}}]},"8":{"loc":{"start":{"line":152,"column":6},"end":{"line":161,"column":7}},"type":"if","locations":[{"start":{"line":152,"column":6},"end":{"line":161,"column":7}}]},"9":{"loc":{"start":{"line":153,"column":8},"end":{"line":159,"column":9}},"type":"if","locations":[{"start":{"line":153,"column":8},"end":{"line":159,"column":9}},{"start":{"line":156,"column":15},"end":{"line":159,"column":9}}]},"10":{"loc":{"start":{"line":164,"column":4},"end":{"line":166,"column":5}},"type":"if","locations":[{"start":{"line":164,"column":4},"end":{"line":166,"column":5}}]},"11":{"loc":{"start":{"line":174,"column":4},"end":{"line":176,"column":5}},"type":"if","locations":[{"start":{"line":174,"column":4},"end":{"line":176,"column":5}}]},"12":{"loc":{"start":{"line":203,"column":6},"end":{"line":206,"column":7}},"type":"if","locations":[{"start":{"line":203,"column":6},"end":{"line":206,"column":7}}]},"13":{"loc":{"start":{"line":210,"column":6},"end":{"line":216,"column":7}},"type":"if","locations":[{"start":{"line":210,"column":6},"end":{"line":216,"column":7}}]},"14":{"loc":{"start":{"line":218,"column":6},"end":{"line":221,"column":7}},"type":"if","locations":[{"start":{"line":218,"column":6},"end":{"line":221,"column":7}}]}},"s":{"0":1,"1":1,"2":0,"3":0,"4":0,"5":0,"6":0,"7":0,"8":0,"9":0,"10":0,"11":0,"12":0,"13":0,"14":0,"15":0,"16":0,"17":0,"18":0,"19":0,"20":0,"21":0,"22":0,"23":0,"24":0,"25":0,"26":0,"27":0,"28":0,"29":0,"30":0,"31":0,"32":0,"33":0,"34":0,"35":0,"36":0,"37":0,"38":0,"39":0,"40":0,"41":0,"42":0,"43":0,"44":0,"45":0,"46":0,"47":0,"48":0,"49":0,"50":0,"51":0,"52":0,"53":0,"54":0,"55":0,"56":0,"57":0,"58":0,"59":0,"60":0,"61":0,"62":0,"63":1,"64":1},"f":{"0":0,"1":0,"2":0,"3":0,"4":0,"5":0,"6":0},"b":{"0":[0,0],"1":[0,0],"2":[0,0],"3":[0,0],"4":[0,0],"5":[0],"6":[0],"7":[0,0],"8":[0],"9":[0,0],"10":[0],"11":[0],"12":[0],"13":[0],"14":[0]}}
}
