{"C:\\finalproject\\disasteraid-v2\\backend\\src\\server.ts": {"path":"C:\\finalproject\\disasteraid-v2\\backend\\src\\server.ts","statementMap":{"0":{"start":{"line":1,"column":0},"end":{"line":1,"column":30}},"1":{"start":{"line":2,"column":0},"end":{"line":2,"column":24}},"2":{"start":{"line":3,"column":0},"end":{"line":3,"column":28}},"3":{"start":{"line":4,"column":0},"end":{"line":4,"column":36}},"4":{"start":{"line":5,"column":0},"end":{"line":5,"column":53}},"5":{"start":{"line":7,"column":0},"end":{"line":7,"column":38}},"6":{"start":{"line":8,"column":0},"end":{"line":8,"column":65}},"7":{"start":{"line":9,"column":0},"end":{"line":9,"column":62}},"8":{"start":{"line":10,"column":0},"end":{"line":10,"column":58}},"9":{"start":{"line":11,"column":0},"end":{"line":11,"column":60}},"10":{"start":{"line":12,"column":0},"end":{"line":12,"column":71}},"11":{"start":{"line":15,"column":0},"end":{"line":15,"column":55}},"12":{"start":{"line":16,"column":0},"end":{"line":16,"column":58}},"13":{"start":{"line":17,"column":0},"end":{"line":17,"column":70}},"14":{"start":{"line":18,"column":0},"end":{"line":18,"column":55}},"15":{"start":{"line":19,"column":0},"end":{"line":19,"column":70}},"16":{"start":{"line":20,"column":0},"end":{"line":20,"column":73}},"17":{"start":{"line":21,"column":0},"end":{"line":21,"column":76}},"18":{"start":{"line":22,"column":0},"end":{"line":22,"column":58}},"19":{"start":{"line":23,"column":0},"end":{"line":23,"column":58}},"20":{"start":{"line":24,"column":0},"end":{"line":24,"column":52}},"21":{"start":{"line":25,"column":0},"end":{"line":25,"column":76}},"22":{"start":{"line":26,"column":0},"end":{"line":26,"column":58}},"23":{"start":{"line":27,"column":0},"end":{"line":27,"column":61}},"24":{"start":{"line":28,"column":0},"end":{"line":28,"column":85}},"25":{"start":{"line":29,"column":0},"end":{"line":29,"column":85}},"26":{"start":{"line":30,"column":0},"end":{"line":30,"column":96}},"27":{"start":{"line":33,"column":12},"end":{"line":33,"column":21}},"28":{"start":{"line":148,"column":9},"end":{"line":148,"column":12}},"29":{"start":{"line":34,"column":19},"end":{"line":34,"column":36}},"30":{"start":{"line":148,"column":14},"end":{"line":148,"column":24}},"31":{"start":{"line":36,"column":0},"end":{"line":36,"column":26}},"32":{"start":{"line":39,"column":0},"end":{"line":39,"column":23}},"33":{"start":{"line":42,"column":0},"end":{"line":42,"column":18}},"34":{"start":{"line":45,"column":23},"end":{"line":45,"column":71}},"35":{"start":{"line":45,"column":62},"end":{"line":45,"column":70}},"36":{"start":{"line":46,"column":0},"end":{"line":46,"column":73}},"37":{"start":{"line":48,"column":20},"end":{"line":66,"column":2}},"38":{"start":{"line":53,"column":4},"end":{"line":55,"column":5}},"39":{"start":{"line":54,"column":6},"end":{"line":54,"column":34}},"40":{"start":{"line":56,"column":4},"end":{"line":58,"column":5}},"41":{"start":{"line":57,"column":6},"end":{"line":57,"column":34}},"42":{"start":{"line":59,"column":4},"end":{"line":59,"column":54}},"43":{"start":{"line":60,"column":4},"end":{"line":60,"column":62}},"44":{"start":{"line":68,"column":0},"end":{"line":68,"column":27}},"45":{"start":{"line":71,"column":0},"end":{"line":71,"column":36}},"46":{"start":{"line":74,"column":0},"end":{"line":74,"column":21}},"47":{"start":{"line":77,"column":0},"end":{"line":77,"column":41}},"48":{"start":{"line":78,"column":0},"end":{"line":78,"column":63}},"49":{"start":{"line":81,"column":0},"end":{"line":89,"column":3}},"50":{"start":{"line":82,"column":20},"end":{"line":82,"column":47}},"51":{"start":{"line":83,"column":2},"end":{"line":88,"column":5}},"52":{"start":{"line":92,"column":0},"end":{"line":92,"column":33}},"53":{"start":{"line":93,"column":0},"end":{"line":93,"column":35}},"54":{"start":{"line":94,"column":0},"end":{"line":94,"column":43}},"55":{"start":{"line":95,"column":0},"end":{"line":95,"column":33}},"56":{"start":{"line":96,"column":0},"end":{"line":96,"column":43}},"57":{"start":{"line":97,"column":0},"end":{"line":97,"column":45}},"58":{"start":{"line":98,"column":0},"end":{"line":98,"column":47}},"59":{"start":{"line":99,"column":0},"end":{"line":99,"column":35}},"60":{"start":{"line":100,"column":0},"end":{"line":100,"column":35}},"61":{"start":{"line":101,"column":0},"end":{"line":101,"column":31}},"62":{"start":{"line":102,"column":0},"end":{"line":102,"column":47}},"63":{"start":{"line":103,"column":0},"end":{"line":103,"column":35}},"64":{"start":{"line":104,"column":0},"end":{"line":104,"column":37}},"65":{"start":{"line":105,"column":0},"end":{"line":105,"column":54}},"66":{"start":{"line":106,"column":0},"end":{"line":106,"column":54}},"67":{"start":{"line":107,"column":0},"end":{"line":107,"column":49}},"68":{"start":{"line":110,"column":0},"end":{"line":112,"column":3}},"69":{"start":{"line":111,"column":2},"end":{"line":111,"column":53}},"70":{"start":{"line":115,"column":0},"end":{"line":115,"column":22}},"71":{"start":{"line":118,"column":11},"end":{"line":123,"column":2}},"72":{"start":{"line":120,"column":57},"end":{"line":120,"column":65}},"73":{"start":{"line":125,"column":0},"end":{"line":125,"column":26}},"74":{"start":{"line":128,"column":25},"end":{"line":143,"column":1}},"75":{"start":{"line":129,"column":2},"end":{"line":129,"column":67}},"76":{"start":{"line":131,"column":2},"end":{"line":136,"column":5}},"77":{"start":{"line":132,"column":4},"end":{"line":132,"column":38}},"78":{"start":{"line":133,"column":4},"end":{"line":133,"column":21}},"79":{"start":{"line":134,"column":4},"end":{"line":134,"column":40}},"80":{"start":{"line":135,"column":4},"end":{"line":135,"column":20}},"81":{"start":{"line":139,"column":2},"end":{"line":142,"column":12}},"82":{"start":{"line":140,"column":4},"end":{"line":140,"column":51}},"83":{"start":{"line":141,"column":4},"end":{"line":141,"column":20}},"84":{"start":{"line":145,"column":0},"end":{"line":145,"column":57}},"85":{"start":{"line":145,"column":28},"end":{"line":145,"column":55}},"86":{"start":{"line":146,"column":0},"end":{"line":146,"column":55}},"87":{"start":{"line":146,"column":27},"end":{"line":146,"column":53}}},"fnMap":{"0":{"name":"(anonymous_1)","decl":{"start":{"line":45,"column":55},"end":{"line":45,"column":56}},"loc":{"start":{"line":45,"column":62},"end":{"line":45,"column":70}}},"1":{"name":"(anonymous_2)","decl":{"start":{"line":52,"column":6},"end":{"line":52,"column":7}},"loc":{"start":{"line":52,"column":93},"end":{"line":61,"column":3}}},"2":{"name":"(anonymous_3)","decl":{"start":{"line":81,"column":23},"end":{"line":81,"column":28}},"loc":{"start":{"line":81,"column":43},"end":{"line":89,"column":1}}},"3":{"name":"(anonymous_4)","decl":{"start":{"line":110,"column":8},"end":{"line":110,"column":9}},"loc":{"start":{"line":110,"column":22},"end":{"line":112,"column":1}}},"4":{"name":"(anonymous_5)","decl":{"start":{"line":120,"column":50},"end":{"line":120,"column":51}},"loc":{"start":{"line":120,"column":57},"end":{"line":120,"column":65}}},"5":{"name":"(anonymous_6)","decl":{"start":{"line":128,"column":25},"end":{"line":128,"column":30}},"loc":{"start":{"line":128,"column":50},"end":{"line":143,"column":1}}},"6":{"name":"(anonymous_7)","decl":{"start":{"line":131,"column":19},"end":{"line":131,"column":24}},"loc":{"start":{"line":131,"column":30},"end":{"line":136,"column":3}}},"7":{"name":"(anonymous_8)","decl":{"start":{"line":139,"column":13},"end":{"line":139,"column":16}},"loc":{"start":{"line":139,"column":18},"end":{"line":142,"column":3}}},"8":{"name":"(anonymous_9)","decl":{"start":{"line":145,"column":22},"end":{"line":145,"column":25}},"loc":{"start":{"line":145,"column":28},"end":{"line":145,"column":55}}},"9":{"name":"(anonymous_10)","decl":{"start":{"line":146,"column":21},"end":{"line":146,"column":24}},"loc":{"start":{"line":146,"column":27},"end":{"line":146,"column":53}}}},"branchMap":{"0":{"loc":{"start":{"line":49,"column":10},"end":{"line":61,"column":3}},"type":"cond-expr","locations":[{"start":{"line":50,"column":6},"end":{"line":50,"column":10}},{"start":{"line":52,"column":6},"end":{"line":61,"column":3}}]},"1":{"loc":{"start":{"line":53,"column":4},"end":{"line":55,"column":5}},"type":"if","locations":[{"start":{"line":53,"column":4},"end":{"line":55,"column":5}}]},"2":{"loc":{"start":{"line":56,"column":4},"end":{"line":58,"column":5}},"type":"if","locations":[{"start":{"line":56,"column":4},"end":{"line":58,"column":5}}]},"3":{"loc":{"start":{"line":83,"column":13},"end":{"line":83,"column":34}},"type":"cond-expr","locations":[{"start":{"line":83,"column":25},"end":{"line":83,"column":28}},{"start":{"line":83,"column":31},"end":{"line":83,"column":34}}]},"4":{"loc":{"start":{"line":84,"column":12},"end":{"line":84,"column":47}},"type":"cond-expr","locations":[{"start":{"line":84,"column":24},"end":{"line":84,"column":33}},{"start":{"line":84,"column":36},"end":{"line":84,"column":47}}]},"5":{"loc":{"start":{"line":87,"column":14},"end":{"line":87,"column":54}},"type":"cond-expr","locations":[{"start":{"line":87,"column":26},"end":{"line":87,"column":37}},{"start":{"line":87,"column":40},"end":{"line":87,"column":54}}]}},"s":{"0":1,"1":1,"2":1,"3":1,"4":1,"5":1,"6":1,"7":1,"8":1,"9":1,"10":1,"11":1,"12":1,"13":1,"14":1,"15":1,"16":1,"17":1,"18":1,"19":1,"20":1,"21":1,"22":1,"23":1,"24":1,"25":1,"26":1,"27":1,"28":1,"29":1,"30":1,"31":1,"32":1,"33":1,"34":1,"35":6,"36":1,"37":1,"38":0,"39":0,"40":0,"41":0,"42":0,"43":0,"44":1,"45":1,"46":1,"47":1,"48":1,"49":1,"50":0,"51":0,"52":1,"53":1,"54":1,"55":1,"56":1,"57":1,"58":1,"59":1,"60":1,"61":1,"62":1,"63":1,"64":1,"65":1,"66":1,"67":1,"68":1,"69":0,"70":1,"71":1,"72":6,"73":1,"74":1,"75":0,"76":0,"77":0,"78":0,"79":0,"80":0,"81":0,"82":0,"83":0,"84":1,"85":0,"86":1,"87":0},"f":{"0":6,"1":0,"2":0,"3":0,"4":6,"5":0,"6":0,"7":0,"8":0,"9":0},"b":{"0":[1,0],"1":[0],"2":[0],"3":[0,0],"4":[0,0],"5":[0,0]}}
,"C:\\finalproject\\disasteraid-v2\\backend\\src\\admin\\commands\\admin.command.router.ts": {"path":"C:\\finalproject\\disasteraid-v2\\backend\\src\\admin\\commands\\admin.command.router.ts","statementMap":{"0":{"start":{"line":12,"column":0},"end":{"line":12,"column":7}},"1":{"start":{"line":2,"column":0},"end":{"line":2,"column":63}},"2":{"start":{"line":3,"column":0},"end":{"line":3,"column":67}},"3":{"start":{"line":4,"column":0},"end":{"line":4,"column":55}},"4":{"start":{"line":5,"column":0},"end":{"line":5,"column":63}},"5":{"start":{"line":6,"column":0},"end":{"line":6,"column":64}},"6":{"start":{"line":7,"column":0},"end":{"line":7,"column":55}},"7":{"start":{"line":8,"column":0},"end":{"line":8,"column":76}},"8":{"start":{"line":9,"column":0},"end":{"line":9,"column":80}},"9":{"start":{"line":10,"column":0},"end":{"line":10,"column":63}},"10":{"start":{"line":13,"column":2},"end":{"line":18,"column":3}},"11":{"start":{"line":14,"column":4},"end":{"line":17,"column":6}},"12":{"start":{"line":20,"column":2},"end":{"line":22,"column":3}},"13":{"start":{"line":21,"column":4},"end":{"line":21,"column":85}},"14":{"start":{"line":24,"column":2},"end":{"line":48,"column":3}},"15":{"start":{"line":27,"column":6},"end":{"line":27,"column":44}},"16":{"start":{"line":31,"column":6},"end":{"line":31,"column":46}},"17":{"start":{"line":35,"column":6},"end":{"line":35,"column":40}},"18":{"start":{"line":38,"column":6},"end":{"line":38,"column":44}},"19":{"start":{"line":41,"column":6},"end":{"line":41,"column":44}},"20":{"start":{"line":44,"column":6},"end":{"line":44,"column":40}},"21":{"start":{"line":47,"column":6},"end":{"line":47,"column":50}}},"fnMap":{"0":{"name":"executeAdminCommand","decl":{"start":{"line":12,"column":22},"end":{"line":12,"column":41}},"loc":{"start":{"line":12,"column":63},"end":{"line":49,"column":1}}}},"branchMap":{"0":{"loc":{"start":{"line":13,"column":2},"end":{"line":18,"column":3}},"type":"if","locations":[{"start":{"line":13,"column":2},"end":{"line":18,"column":3}}]},"1":{"loc":{"start":{"line":20,"column":2},"end":{"line":22,"column":3}},"type":"if","locations":[{"start":{"line":20,"column":2},"end":{"line":22,"column":3}}]},"2":{"loc":{"start":{"line":24,"column":2},"end":{"line":48,"column":3}},"type":"switch","locations":[{"start":{"line":25,"column":4},"end":{"line":25,"column":28}},{"start":{"line":26,"column":4},"end":{"line":27,"column":44}},{"start":{"line":29,"column":4},"end":{"line":29,"column":30}},{"start":{"line":30,"column":4},"end":{"line":31,"column":46}},{"start":{"line":33,"column":4},"end":{"line":33,"column":24}},{"start":{"line":34,"column":4},"end":{"line":35,"column":40}},{"start":{"line":37,"column":4},"end":{"line":38,"column":44}},{"start":{"line":40,"column":4},"end":{"line":41,"column":44}},{"start":{"line":43,"column":4},"end":{"line":44,"column":40}},{"start":{"line":46,"column":4},"end":{"line":47,"column":50}}]}},"s":{"0":1,"1":1,"2":1,"3":1,"4":1,"5":1,"6":1,"7":1,"8":1,"9":1,"10":0,"11":0,"12":0,"13":0,"14":0,"15":0,"16":0,"17":0,"18":0,"19":0,"20":0,"21":0},"f":{"0":0},"b":{"0":[0],"1":[0],"2":[0,0,0,0,0,0,0,0,0,0]}}
,"C:\\finalproject\\disasteraid-v2\\backend\\src\\admin\\commands\\campaigns.command.ts": {"path":"C:\\finalproject\\disasteraid-v2\\backend\\src\\admin\\commands\\campaigns.command.ts","statementMap":{"0":{"start":{"line":5,"column":0},"end":{"line":5,"column":7}},"1":{"start":{"line":2,"column":0},"end":{"line":2,"column":80}},"2":{"start":{"line":6,"column":2},"end":{"line":12,"column":4}}},"fnMap":{"0":{"name":"handleCampaignCommand","decl":{"start":{"line":5,"column":22},"end":{"line":5,"column":43}},"loc":{"start":{"line":5,"column":80},"end":{"line":13,"column":1}}}},"branchMap":{},"s":{"0":1,"1":1,"2":0},"f":{"0":0},"b":{}}
,"C:\\finalproject\\disasteraid-v2\\backend\\src\\admin\\commands\\deliveries.command.ts": {"path":"C:\\finalproject\\disasteraid-v2\\backend\\src\\admin\\commands\\deliveries.command.ts","statementMap":{"0":{"start":{"line":23,"column":0},"end":{"line":23,"column":7}},"1":{"start":{"line":1,"column":0},"end":{"line":1,"column":48}},"2":{"start":{"line":2,"column":0},"end":{"line":2,"column":83}},"3":{"start":{"line":12,"column":2},"end":{"line":20,"column":3}},"4":{"start":{"line":13,"column":4},"end":{"line":17,"column":6}},"5":{"start":{"line":24,"column":17},"end":{"line":31,"column":null}},"6":{"start":{"line":34,"column":18},"end":{"line":34,"column":93}},"7":{"start":{"line":35,"column":19},"end":{"line":35,"column":36}},"8":{"start":{"line":36,"column":2},"end":{"line":36,"column":55}},"9":{"start":{"line":36,"column":26},"end":{"line":36,"column":55}},"10":{"start":{"line":37,"column":2},"end":{"line":37,"column":59}},"11":{"start":{"line":37,"column":28},"end":{"line":37,"column":59}},"12":{"start":{"line":39,"column":2},"end":{"line":42,"column":24}},"13":{"start":{"line":43,"column":2},"end":{"line":43,"column":16}}},"fnMap":{"0":{"name":"writeAuditLog","decl":{"start":{"line":5,"column":15},"end":{"line":5,"column":28}},"loc":{"start":{"line":10,"column":20},"end":{"line":21,"column":1}}},"1":{"name":"handleDeliveryCommand","decl":{"start":{"line":23,"column":22},"end":{"line":23,"column":43}},"loc":{"start":{"line":23,"column":74},"end":{"line":44,"column":1}}}},"branchMap":{"0":{"loc":{"start":{"line":16,"column":64},"end":{"line":16,"column":81}},"type":"binary-expr","locations":[{"start":{"line":16,"column":64},"end":{"line":16,"column":73}},{"start":{"line":16,"column":77},"end":{"line":16,"column":81}}]},"1":{"loc":{"start":{"line":34,"column":18},"end":{"line":34,"column":93}},"type":"binary-expr","locations":[{"start":{"line":34,"column":18},"end":{"line":34,"column":42}},{"start":{"line":34,"column":47},"end":{"line":34,"column":92}}]},"2":{"loc":{"start":{"line":34,"column":47},"end":{"line":34,"column":92}},"type":"cond-expr","locations":[{"start":{"line":34,"column":75},"end":{"line":34,"column":83}},{"start":{"line":34,"column":86},"end":{"line":34,"column":92}}]},"3":{"loc":{"start":{"line":36,"column":2},"end":{"line":36,"column":55}},"type":"if","locations":[{"start":{"line":36,"column":2},"end":{"line":36,"column":55}}]},"4":{"loc":{"start":{"line":37,"column":2},"end":{"line":37,"column":59}},"type":"if","locations":[{"start":{"line":37,"column":2},"end":{"line":37,"column":59}}]}},"s":{"0":1,"1":1,"2":1,"3":0,"4":0,"5":0,"6":0,"7":0,"8":0,"9":0,"10":0,"11":0,"12":0,"13":0},"f":{"0":0,"1":0},"b":{"0":[0,0],"1":[0,0],"2":[0,0],"3":[0],"4":[0]}}
,"C:\\finalproject\\disasteraid-v2\\backend\\src\\admin\\commands\\donations.command.ts": {"path":"C:\\finalproject\\disasteraid-v2\\backend\\src\\admin\\commands\\donations.command.ts","statementMap":{"0":{"start":{"line":4,"column":0},"end":{"line":4,"column":7}},"1":{"start":{"line":1,"column":0},"end":{"line":1,"column":80}},"2":{"start":{"line":7,"column":2},"end":{"line":9,"column":3}},"3":{"start":{"line":8,"column":4},"end":{"line":8,"column":103}},"4":{"start":{"line":10,"column":2},"end":{"line":10,"column":100}}},"fnMap":{"0":{"name":"handleDonationCommand","decl":{"start":{"line":4,"column":22},"end":{"line":4,"column":43}},"loc":{"start":{"line":5,"column":57},"end":{"line":11,"column":1}}}},"branchMap":{"0":{"loc":{"start":{"line":7,"column":2},"end":{"line":9,"column":3}},"type":"if","locations":[{"start":{"line":7,"column":2},"end":{"line":9,"column":3}}]}},"s":{"0":1,"1":1,"2":0,"3":0,"4":0},"f":{"0":0},"b":{"0":[0]}}
,"C:\\finalproject\\disasteraid-v2\\backend\\src\\admin\\commands\\set-system-state.command.ts": {"path":"C:\\finalproject\\disasteraid-v2\\backend\\src\\admin\\commands\\set-system-state.command.ts","statementMap":{"0":{"start":{"line":4,"column":0},"end":{"line":4,"column":7}},"1":{"start":{"line":1,"column":0},"end":{"line":1,"column":80}},"2":{"start":{"line":5,"column":2},"end":{"line":9,"column":4}}},"fnMap":{"0":{"name":"handleSetSystemStateCommand","decl":{"start":{"line":4,"column":22},"end":{"line":4,"column":49}},"loc":{"start":{"line":4,"column":80},"end":{"line":10,"column":1}}}},"branchMap":{},"s":{"0":1,"1":1,"2":0},"f":{"0":0},"b":{}}
,"C:\\finalproject\\disasteraid-v2\\backend\\src\\admin\\commands\\tasks.command.ts": {"path":"C:\\finalproject\\disasteraid-v2\\backend\\src\\admin\\commands\\tasks.command.ts","statementMap":{"0":{"start":{"line":5,"column":0},"end":{"line":5,"column":7}},"1":{"start":{"line":2,"column":0},"end":{"line":2,"column":68}},"2":{"start":{"line":6,"column":2},"end":{"line":11,"column":4}}},"fnMap":{"0":{"name":"handleTaskCommand","decl":{"start":{"line":5,"column":22},"end":{"line":5,"column":39}},"loc":{"start":{"line":5,"column":66},"end":{"line":12,"column":1}}}},"branchMap":{},"s":{"0":1,"1":1,"2":0},"f":{"0":0},"b":{}}
,"C:\\finalproject\\disasteraid-v2\\backend\\src\\admin\\commands\\users.command.ts": {"path":"C:\\finalproject\\disasteraid-v2\\backend\\src\\admin\\commands\\users.command.ts","statementMap":{"0":{"start":{"line":23,"column":0},"end":{"line":23,"column":7}},"1":{"start":{"line":1,"column":0},"end":{"line":1,"column":48}},"2":{"start":{"line":2,"column":0},"end":{"line":2,"column":68}},"3":{"start":{"line":12,"column":2},"end":{"line":20,"column":3}},"4":{"start":{"line":13,"column":4},"end":{"line":17,"column":6}},"5":{"start":{"line":26,"column":2},"end":{"line":30,"column":3}},"6":{"start":{"line":27,"column":19},"end":{"line":27,"column":89}},"7":{"start":{"line":28,"column":4},"end":{"line":28,"column":123}},"8":{"start":{"line":29,"column":4},"end":{"line":29,"column":18}},"9":{"start":{"line":31,"column":17},"end":{"line":31,"column":68}},"10":{"start":{"line":32,"column":2},"end":{"line":32,"column":104}},"11":{"start":{"line":33,"column":2},"end":{"line":33,"column":16}}},"fnMap":{"0":{"name":"writeAuditLog","decl":{"start":{"line":5,"column":15},"end":{"line":5,"column":28}},"loc":{"start":{"line":10,"column":20},"end":{"line":21,"column":1}}},"1":{"name":"handleUserCommand","decl":{"start":{"line":23,"column":22},"end":{"line":23,"column":39}},"loc":{"start":{"line":24,"column":53},"end":{"line":34,"column":1}}}},"branchMap":{"0":{"loc":{"start":{"line":16,"column":64},"end":{"line":16,"column":81}},"type":"binary-expr","locations":[{"start":{"line":16,"column":64},"end":{"line":16,"column":73}},{"start":{"line":16,"column":77},"end":{"line":16,"column":81}}]},"1":{"loc":{"start":{"line":26,"column":2},"end":{"line":30,"column":3}},"type":"if","locations":[{"start":{"line":26,"column":2},"end":{"line":30,"column":3}}]},"2":{"loc":{"start":{"line":28,"column":80},"end":{"line":28,"column":102}},"type":"binary-expr","locations":[{"start":{"line":28,"column":80},"end":{"line":28,"column":96}},{"start":{"line":28,"column":100},"end":{"line":28,"column":102}}]}},"s":{"0":1,"1":1,"2":1,"3":0,"4":0,"5":0,"6":0,"7":0,"8":0,"9":0,"10":0,"11":0},"f":{"0":0,"1":0},"b":{"0":[0,0],"1":[0],"2":[0,0]}}
,"C:\\finalproject\\disasteraid-v2\\backend\\src\\admin\\commands\\withdrawals.command.ts": {"path":"C:\\finalproject\\disasteraid-v2\\backend\\src\\admin\\commands\\withdrawals.command.ts","statementMap":{"0":{"start":{"line":4,"column":0},"end":{"line":4,"column":7}},"1":{"start":{"line":1,"column":0},"end":{"line":1,"column":86}},"2":{"start":{"line":7,"column":2},"end":{"line":9,"column":3}},"3":{"start":{"line":8,"column":4},"end":{"line":8,"column":107}},"4":{"start":{"line":10,"column":2},"end":{"line":10,"column":104}}},"fnMap":{"0":{"name":"handleWithdrawalCommand","decl":{"start":{"line":4,"column":22},"end":{"line":4,"column":45}},"loc":{"start":{"line":5,"column":61},"end":{"line":11,"column":1}}}},"branchMap":{"0":{"loc":{"start":{"line":7,"column":2},"end":{"line":9,"column":3}},"type":"if","locations":[{"start":{"line":7,"column":2},"end":{"line":9,"column":3}}]}},"s":{"0":1,"1":1,"2":0,"3":0,"4":0},"f":{"0":0},"b":{"0":[0]}}
,"C:\\finalproject\\disasteraid-v2\\backend\\src\\common\\logger.ts": {"path":"C:\\finalproject\\disasteraid-v2\\backend\\src\\common\\logger.ts","statementMap":{"0":{"start":{"line":1,"column":0},"end":{"line":1,"column":30}},"1":{"start":{"line":2,"column":0},"end":{"line":2,"column":39}},"2":{"start":{"line":4,"column":55},"end":{"line":4,"column":69}},"3":{"start":{"line":6,"column":18},"end":{"line":15,"column":2}},"4":{"start":{"line":7,"column":12},"end":{"line":7,"column":48}},"5":{"start":{"line":8,"column":2},"end":{"line":8,"column":53}},"6":{"start":{"line":8,"column":17},"end":{"line":8,"column":53}},"7":{"start":{"line":9,"column":2},"end":{"line":9,"column":41}},"8":{"start":{"line":9,"column":13},"end":{"line":9,"column":41}},"9":{"start":{"line":10,"column":2},"end":{"line":10,"column":44}},"10":{"start":{"line":10,"column":14},"end":{"line":10,"column":44}},"11":{"start":{"line":11,"column":2},"end":{"line":13,"column":3}},"12":{"start":{"line":12,"column":4},"end":{"line":12,"column":42}},"13":{"start":{"line":14,"column":2},"end":{"line":14,"column":13}},"14":{"start":{"line":17,"column":13},"end":{"line":26,"column":3}}},"fnMap":{"0":{"name":"(anonymous_1)","decl":{"start":{"line":6,"column":25},"end":{"line":6,"column":26}},"loc":{"start":{"line":6,"column":98},"end":{"line":15,"column":1}}}},"branchMap":{"0":{"loc":{"start":{"line":8,"column":2},"end":{"line":8,"column":53}},"type":"if","locations":[{"start":{"line":8,"column":2},"end":{"line":8,"column":53}}]},"1":{"loc":{"start":{"line":9,"column":2},"end":{"line":9,"column":41}},"type":"if","locations":[{"start":{"line":9,"column":2},"end":{"line":9,"column":41}}]},"2":{"loc":{"start":{"line":10,"column":2},"end":{"line":10,"column":44}},"type":"if","locations":[{"start":{"line":10,"column":2},"end":{"line":10,"column":44}}]},"3":{"loc":{"start":{"line":11,"column":2},"end":{"line":13,"column":3}},"type":"if","locations":[{"start":{"line":11,"column":2},"end":{"line":13,"column":3}}]},"4":{"loc":{"start":{"line":18,"column":9},"end":{"line":18,"column":58}},"type":"cond-expr","locations":[{"start":{"line":18,"column":42},"end":{"line":18,"column":49}},{"start":{"line":18,"column":52},"end":{"line":18,"column":58}}]},"5":{"loc":{"start":{"line":21,"column":4},"end":{"line":21,"column":76}},"type":"cond-expr","locations":[{"start":{"line":21,"column":37},"end":{"line":21,"column":67}},{"start":{"line":21,"column":70},"end":{"line":21,"column":76}}]}},"s":{"0":1,"1":1,"2":1,"3":1,"4":6,"5":6,"6":6,"7":6,"8":0,"9":6,"10":0,"11":6,"12":6,"13":6,"14":1},"f":{"0":6},"b":{"0":[6],"1":[0],"2":[0],"3":[6],"4":[1,0],"5":[1,0]}}
,"C:\\finalproject\\disasteraid-v2\\backend\\src\\common\\mappers\\campaign.mapper.ts": {"path":"C:\\finalproject\\disasteraid-v2\\backend\\src\\common\\mappers\\campaign.mapper.ts","statementMap":{"0":{"start":{"line":5,"column":27},"end":{"line":23,"column":1}},"1":{"start":{"line":6,"column":2},"end":{"line":22,"column":4}},"2":{"start":{"line":5,"column":13},"end":{"line":5,"column":27}},"3":{"start":{"line":25,"column":31},"end":{"line":32,"column":1}},"4":{"start":{"line":26,"column":2},"end":{"line":31,"column":4}},"5":{"start":{"line":25,"column":13},"end":{"line":25,"column":31}}},"fnMap":{"0":{"name":"(anonymous_0)","decl":{"start":{"line":5,"column":27},"end":{"line":5,"column":28}},"loc":{"start":{"line":5,"column":40},"end":{"line":23,"column":1}}},"1":{"name":"(anonymous_1)","decl":{"start":{"line":25,"column":31},"end":{"line":25,"column":32}},"loc":{"start":{"line":25,"column":50},"end":{"line":32,"column":1}}}},"branchMap":{"0":{"loc":{"start":{"line":8,"column":12},"end":{"line":8,"column":50}},"type":"cond-expr","locations":[{"start":{"line":8,"column":25},"end":{"line":8,"column":43}},{"start":{"line":8,"column":46},"end":{"line":8,"column":50}}]},"1":{"loc":{"start":{"line":9,"column":16},"end":{"line":9,"column":62}},"type":"cond-expr","locations":[{"start":{"line":9,"column":33},"end":{"line":9,"column":55}},{"start":{"line":9,"column":58},"end":{"line":9,"column":62}}]},"2":{"loc":{"start":{"line":10,"column":11},"end":{"line":10,"column":26}},"type":"binary-expr","locations":[{"start":{"line":10,"column":11},"end":{"line":10,"column":20}},{"start":{"line":10,"column":24},"end":{"line":10,"column":26}}]},"3":{"loc":{"start":{"line":11,"column":17},"end":{"line":11,"column":38}},"type":"binary-expr","locations":[{"start":{"line":11,"column":17},"end":{"line":11,"column":32}},{"start":{"line":11,"column":36},"end":{"line":11,"column":38}}]},"4":{"loc":{"start":{"line":12,"column":14},"end":{"line":12,"column":57}},"type":"cond-expr","locations":[{"start":{"line":12,"column":29},"end":{"line":12,"column":53}},{"start":{"line":12,"column":56},"end":{"line":12,"column":57}}]},"5":{"loc":{"start":{"line":13,"column":16},"end":{"line":13,"column":63}},"type":"cond-expr","locations":[{"start":{"line":13,"column":33},"end":{"line":13,"column":59}},{"start":{"line":13,"column":62},"end":{"line":13,"column":63}}]},"6":{"loc":{"start":{"line":14,"column":15},"end":{"line":14,"column":60}},"type":"cond-expr","locations":[{"start":{"line":14,"column":31},"end":{"line":14,"column":56}},{"start":{"line":14,"column":59},"end":{"line":14,"column":60}}]},"7":{"loc":{"start":{"line":15,"column":12},"end":{"line":15,"column":33}},"type":"binary-expr","locations":[{"start":{"line":15,"column":12},"end":{"line":15,"column":22}},{"start":{"line":15,"column":26},"end":{"line":15,"column":33}}]},"8":{"loc":{"start":{"line":16,"column":14},"end":{"line":16,"column":60}},"type":"cond-expr","locations":[{"start":{"line":16,"column":29},"end":{"line":16,"column":53}},{"start":{"line":16,"column":56},"end":{"line":16,"column":60}}]},"9":{"loc":{"start":{"line":17,"column":15},"end":{"line":17,"column":63}},"type":"cond-expr","locations":[{"start":{"line":17,"column":31},"end":{"line":17,"column":56}},{"start":{"line":17,"column":59},"end":{"line":17,"column":63}}]},"10":{"loc":{"start":{"line":18,"column":14},"end":{"line":18,"column":34}},"type":"binary-expr","locations":[{"start":{"line":18,"column":14},"end":{"line":18,"column":26}},{"start":{"line":18,"column":30},"end":{"line":18,"column":34}}]},"11":{"loc":{"start":{"line":19,"column":21},"end":{"line":19,"column":48}},"type":"binary-expr","locations":[{"start":{"line":19,"column":21},"end":{"line":19,"column":40}},{"start":{"line":19,"column":44},"end":{"line":19,"column":48}}]},"12":{"loc":{"start":{"line":20,"column":16},"end":{"line":20,"column":78}},"type":"cond-expr","locations":[{"start":{"line":20,"column":33},"end":{"line":20,"column":71}},{"start":{"line":20,"column":74},"end":{"line":20,"column":78}}]},"13":{"loc":{"start":{"line":21,"column":16},"end":{"line":21,"column":78}},"type":"cond-expr","locations":[{"start":{"line":21,"column":33},"end":{"line":21,"column":71}},{"start":{"line":21,"column":74},"end":{"line":21,"column":78}}]}},"s":{"0":1,"1":0,"2":1,"3":1,"4":0,"5":1},"f":{"0":0,"1":0},"b":{"0":[0,0],"1":[0,0],"2":[0,0],"3":[0,0],"4":[0,0],"5":[0,0],"6":[0,0],"7":[0,0],"8":[0,0],"9":[0,0],"10":[0,0],"11":[0,0],"12":[0,0],"13":[0,0]}}
,"C:\\finalproject\\disasteraid-v2\\backend\\src\\common\\mappers\\chat.mapper.ts": {"path":"C:\\finalproject\\disasteraid-v2\\backend\\src\\common\\mappers\\chat.mapper.ts","statementMap":{"0":{"start":{"line":4,"column":27},"end":{"line":16,"column":1}},"1":{"start":{"line":5,"column":2},"end":{"line":15,"column":4}},"2":{"start":{"line":4,"column":13},"end":{"line":4,"column":27}},"3":{"start":{"line":18,"column":30},"end":{"line":27,"column":1}},"4":{"start":{"line":19,"column":2},"end":{"line":26,"column":4}},"5":{"start":{"line":18,"column":13},"end":{"line":18,"column":30}},"6":{"start":{"line":29,"column":31},"end":{"line":34,"column":1}},"7":{"start":{"line":30,"column":2},"end":{"line":33,"column":4}},"8":{"start":{"line":29,"column":13},"end":{"line":29,"column":31}},"9":{"start":{"line":36,"column":34},"end":{"line":41,"column":1}},"10":{"start":{"line":37,"column":2},"end":{"line":40,"column":4}},"11":{"start":{"line":36,"column":13},"end":{"line":36,"column":34}}},"fnMap":{"0":{"name":"(anonymous_0)","decl":{"start":{"line":4,"column":27},"end":{"line":4,"column":28}},"loc":{"start":{"line":4,"column":40},"end":{"line":16,"column":1}}},"1":{"name":"(anonymous_1)","decl":{"start":{"line":18,"column":30},"end":{"line":18,"column":31}},"loc":{"start":{"line":18,"column":43},"end":{"line":27,"column":1}}},"2":{"name":"(anonymous_2)","decl":{"start":{"line":29,"column":31},"end":{"line":29,"column":32}},"loc":{"start":{"line":29,"column":50},"end":{"line":34,"column":1}}},"3":{"name":"(anonymous_3)","decl":{"start":{"line":36,"column":34},"end":{"line":36,"column":35}},"loc":{"start":{"line":36,"column":53},"end":{"line":41,"column":1}}}},"branchMap":{"0":{"loc":{"start":{"line":8,"column":16},"end":{"line":8,"column":38}},"type":"binary-expr","locations":[{"start":{"line":8,"column":16},"end":{"line":8,"column":30}},{"start":{"line":8,"column":34},"end":{"line":8,"column":38}}]},"1":{"loc":{"start":{"line":9,"column":17},"end":{"line":9,"column":40}},"type":"binary-expr","locations":[{"start":{"line":9,"column":17},"end":{"line":9,"column":32}},{"start":{"line":9,"column":36},"end":{"line":9,"column":40}}]},"2":{"loc":{"start":{"line":10,"column":18},"end":{"line":10,"column":42}},"type":"binary-expr","locations":[{"start":{"line":10,"column":18},"end":{"line":10,"column":34}},{"start":{"line":10,"column":38},"end":{"line":10,"column":42}}]},"3":{"loc":{"start":{"line":11,"column":18},"end":{"line":11,"column":42}},"type":"binary-expr","locations":[{"start":{"line":11,"column":18},"end":{"line":11,"column":34}},{"start":{"line":11,"column":38},"end":{"line":11,"column":42}}]},"4":{"loc":{"start":{"line":12,"column":22},"end":{"line":12,"column":50}},"type":"binary-expr","locations":[{"start":{"line":12,"column":22},"end":{"line":12,"column":42}},{"start":{"line":12,"column":46},"end":{"line":12,"column":50}}]},"5":{"loc":{"start":{"line":13,"column":26},"end":{"line":13,"column":48}},"type":"binary-expr","locations":[{"start":{"line":13,"column":26},"end":{"line":13,"column":43}},{"start":{"line":13,"column":47},"end":{"line":13,"column":48}}]},"6":{"loc":{"start":{"line":14,"column":16},"end":{"line":14,"column":78}},"type":"cond-expr","locations":[{"start":{"line":14,"column":33},"end":{"line":14,"column":71}},{"start":{"line":14,"column":74},"end":{"line":14,"column":78}}]},"7":{"loc":{"start":{"line":23,"column":17},"end":{"line":23,"column":38}},"type":"binary-expr","locations":[{"start":{"line":23,"column":17},"end":{"line":23,"column":32}},{"start":{"line":23,"column":36},"end":{"line":23,"column":38}}]},"8":{"loc":{"start":{"line":24,"column":10},"end":{"line":24,"column":24}},"type":"binary-expr","locations":[{"start":{"line":24,"column":10},"end":{"line":24,"column":18}},{"start":{"line":24,"column":22},"end":{"line":24,"column":24}}]},"9":{"loc":{"start":{"line":25,"column":16},"end":{"line":25,"column":78}},"type":"cond-expr","locations":[{"start":{"line":25,"column":33},"end":{"line":25,"column":71}},{"start":{"line":25,"column":74},"end":{"line":25,"column":78}}]}},"s":{"0":1,"1":0,"2":1,"3":1,"4":0,"5":1,"6":1,"7":0,"8":1,"9":1,"10":0,"11":1},"f":{"0":0,"1":0,"2":0,"3":0},"b":{"0":[0,0],"1":[0,0],"2":[0,0],"3":[0,0],"4":[0,0],"5":[0,0],"6":[0,0],"7":[0,0],"8":[0,0],"9":[0,0]}}
,"C:\\finalproject\\disasteraid-v2\\backend\\src\\common\\mappers\\delivery.mapper.ts": {"path":"C:\\finalproject\\disasteraid-v2\\backend\\src\\common\\mappers\\delivery.mapper.ts","statementMap":{"0":{"start":{"line":4,"column":27},"end":{"line":17,"column":1}},"1":{"start":{"line":5,"column":2},"end":{"line":16,"column":4}},"2":{"start":{"line":4,"column":13},"end":{"line":4,"column":27}},"3":{"start":{"line":19,"column":31},"end":{"line":24,"column":1}},"4":{"start":{"line":20,"column":2},"end":{"line":23,"column":4}},"5":{"start":{"line":19,"column":13},"end":{"line":19,"column":31}}},"fnMap":{"0":{"name":"(anonymous_0)","decl":{"start":{"line":4,"column":27},"end":{"line":4,"column":28}},"loc":{"start":{"line":4,"column":40},"end":{"line":17,"column":1}}},"1":{"name":"(anonymous_1)","decl":{"start":{"line":19,"column":31},"end":{"line":19,"column":32}},"loc":{"start":{"line":19,"column":50},"end":{"line":24,"column":1}}}},"branchMap":{"0":{"loc":{"start":{"line":9,"column":16},"end":{"line":9,"column":36}},"type":"binary-expr","locations":[{"start":{"line":9,"column":16},"end":{"line":9,"column":30}},{"start":{"line":9,"column":34},"end":{"line":9,"column":36}}]},"1":{"loc":{"start":{"line":10,"column":11},"end":{"line":10,"column":26}},"type":"binary-expr","locations":[{"start":{"line":10,"column":11},"end":{"line":10,"column":20}},{"start":{"line":10,"column":24},"end":{"line":10,"column":26}}]},"2":{"loc":{"start":{"line":11,"column":17},"end":{"line":11,"column":65}},"type":"cond-expr","locations":[{"start":{"line":11,"column":35},"end":{"line":11,"column":58}},{"start":{"line":11,"column":61},"end":{"line":11,"column":65}}]},"3":{"loc":{"start":{"line":12,"column":17},"end":{"line":12,"column":81}},"type":"cond-expr","locations":[{"start":{"line":12,"column":35},"end":{"line":12,"column":74}},{"start":{"line":12,"column":77},"end":{"line":12,"column":81}}]},"4":{"loc":{"start":{"line":13,"column":18},"end":{"line":13,"column":84}},"type":"cond-expr","locations":[{"start":{"line":13,"column":37},"end":{"line":13,"column":77}},{"start":{"line":13,"column":80},"end":{"line":13,"column":84}}]},"5":{"loc":{"start":{"line":14,"column":14},"end":{"line":14,"column":60}},"type":"cond-expr","locations":[{"start":{"line":14,"column":29},"end":{"line":14,"column":53}},{"start":{"line":14,"column":56},"end":{"line":14,"column":60}}]},"6":{"loc":{"start":{"line":15,"column":15},"end":{"line":15,"column":63}},"type":"cond-expr","locations":[{"start":{"line":15,"column":31},"end":{"line":15,"column":56}},{"start":{"line":15,"column":59},"end":{"line":15,"column":63}}]}},"s":{"0":1,"1":0,"2":1,"3":1,"4":0,"5":1},"f":{"0":0,"1":0},"b":{"0":[0,0],"1":[0,0],"2":[0,0],"3":[0,0],"4":[0,0],"5":[0,0],"6":[0,0]}}
,"C:\\finalproject\\disasteraid-v2\\backend\\src\\common\\mappers\\donation.mapper.ts": {"path":"C:\\finalproject\\disasteraid-v2\\backend\\src\\common\\mappers\\donation.mapper.ts","statementMap":{"0":{"start":{"line":4,"column":27},"end":{"line":20,"column":1}},"1":{"start":{"line":5,"column":2},"end":{"line":19,"column":4}},"2":{"start":{"line":4,"column":13},"end":{"line":4,"column":27}},"3":{"start":{"line":22,"column":31},"end":{"line":29,"column":1}},"4":{"start":{"line":23,"column":2},"end":{"line":28,"column":4}},"5":{"start":{"line":22,"column":13},"end":{"line":22,"column":31}}},"fnMap":{"0":{"name":"(anonymous_0)","decl":{"start":{"line":4,"column":27},"end":{"line":4,"column":28}},"loc":{"start":{"line":4,"column":40},"end":{"line":20,"column":1}}},"1":{"name":"(anonymous_1)","decl":{"start":{"line":22,"column":31},"end":{"line":22,"column":32}},"loc":{"start":{"line":22,"column":50},"end":{"line":29,"column":1}}}},"branchMap":{"0":{"loc":{"start":{"line":7,"column":14},"end":{"line":7,"column":56}},"type":"cond-expr","locations":[{"start":{"line":7,"column":29},"end":{"line":7,"column":49}},{"start":{"line":7,"column":52},"end":{"line":7,"column":56}}]},"1":{"loc":{"start":{"line":8,"column":17},"end":{"line":8,"column":65}},"type":"cond-expr","locations":[{"start":{"line":8,"column":35},"end":{"line":8,"column":58}},{"start":{"line":8,"column":61},"end":{"line":8,"column":65}}]},"2":{"loc":{"start":{"line":9,"column":16},"end":{"line":9,"column":63}},"type":"cond-expr","locations":[{"start":{"line":9,"column":33},"end":{"line":9,"column":59}},{"start":{"line":9,"column":62},"end":{"line":9,"column":63}}]},"3":{"loc":{"start":{"line":10,"column":12},"end":{"line":10,"column":35}},"type":"binary-expr","locations":[{"start":{"line":10,"column":12},"end":{"line":10,"column":22}},{"start":{"line":10,"column":26},"end":{"line":10,"column":35}}]},"4":{"loc":{"start":{"line":11,"column":20},"end":{"line":11,"column":57}},"type":"binary-expr","locations":[{"start":{"line":11,"column":20},"end":{"line":11,"column":38}},{"start":{"line":11,"column":42},"end":{"line":11,"column":57}}]},"5":{"loc":{"start":{"line":12,"column":17},"end":{"line":12,"column":40}},"type":"binary-expr","locations":[{"start":{"line":12,"column":17},"end":{"line":12,"column":32}},{"start":{"line":12,"column":36},"end":{"line":12,"column":40}}]},"6":{"loc":{"start":{"line":13,"column":17},"end":{"line":13,"column":40}},"type":"binary-expr","locations":[{"start":{"line":13,"column":17},"end":{"line":13,"column":32}},{"start":{"line":13,"column":36},"end":{"line":13,"column":40}}]},"7":{"loc":{"start":{"line":14,"column":16},"end":{"line":14,"column":38}},"type":"binary-expr","locations":[{"start":{"line":14,"column":16},"end":{"line":14,"column":30}},{"start":{"line":14,"column":34},"end":{"line":14,"column":38}}]},"8":{"loc":{"start":{"line":15,"column":17},"end":{"line":15,"column":40}},"type":"binary-expr","locations":[{"start":{"line":15,"column":17},"end":{"line":15,"column":32}},{"start":{"line":15,"column":36},"end":{"line":15,"column":40}}]},"9":{"loc":{"start":{"line":16,"column":20},"end":{"line":16,"column":46}},"type":"binary-expr","locations":[{"start":{"line":16,"column":20},"end":{"line":16,"column":38}},{"start":{"line":16,"column":42},"end":{"line":16,"column":46}}]},"10":{"loc":{"start":{"line":17,"column":16},"end":{"line":17,"column":78}},"type":"cond-expr","locations":[{"start":{"line":17,"column":33},"end":{"line":17,"column":71}},{"start":{"line":17,"column":74},"end":{"line":17,"column":78}}]},"11":{"loc":{"start":{"line":18,"column":16},"end":{"line":18,"column":78}},"type":"cond-expr","locations":[{"start":{"line":18,"column":33},"end":{"line":18,"column":71}},{"start":{"line":18,"column":74},"end":{"line":18,"column":78}}]}},"s":{"0":1,"1":0,"2":1,"3":1,"4":0,"5":1},"f":{"0":0,"1":0},"b":{"0":[0,0],"1":[0,0],"2":[0,0],"3":[0,0],"4":[0,0],"5":[0,0],"6":[0,0],"7":[0,0],"8":[0,0],"9":[0,0],"10":[0,0],"11":[0,0]}}
,"C:\\finalproject\\disasteraid-v2\\backend\\src\\common\\mappers\\task.mapper.ts": {"path":"C:\\finalproject\\disasteraid-v2\\backend\\src\\common\\mappers\\task.mapper.ts","statementMap":{"0":{"start":{"line":4,"column":23},"end":{"line":38,"column":1}},"1":{"start":{"line":5,"column":2},"end":{"line":37,"column":4}},"2":{"start":{"line":4,"column":13},"end":{"line":4,"column":23}},"3":{"start":{"line":40,"column":27},"end":{"line":47,"column":1}},"4":{"start":{"line":41,"column":2},"end":{"line":46,"column":4}},"5":{"start":{"line":40,"column":13},"end":{"line":40,"column":27}}},"fnMap":{"0":{"name":"(anonymous_0)","decl":{"start":{"line":4,"column":23},"end":{"line":4,"column":24}},"loc":{"start":{"line":4,"column":36},"end":{"line":38,"column":1}}},"1":{"name":"(anonymous_1)","decl":{"start":{"line":40,"column":27},"end":{"line":40,"column":28}},"loc":{"start":{"line":40,"column":46},"end":{"line":47,"column":1}}}},"branchMap":{"0":{"loc":{"start":{"line":7,"column":17},"end":{"line":7,"column":65}},"type":"cond-expr","locations":[{"start":{"line":7,"column":35},"end":{"line":7,"column":58}},{"start":{"line":7,"column":61},"end":{"line":7,"column":65}}]},"1":{"loc":{"start":{"line":8,"column":20},"end":{"line":8,"column":74}},"type":"cond-expr","locations":[{"start":{"line":8,"column":41},"end":{"line":8,"column":67}},{"start":{"line":8,"column":70},"end":{"line":8,"column":74}}]},"2":{"loc":{"start":{"line":9,"column":16},"end":{"line":9,"column":62}},"type":"cond-expr","locations":[{"start":{"line":9,"column":33},"end":{"line":9,"column":55}},{"start":{"line":9,"column":58},"end":{"line":9,"column":62}}]},"3":{"loc":{"start":{"line":10,"column":16},"end":{"line":10,"column":62}},"type":"cond-expr","locations":[{"start":{"line":10,"column":33},"end":{"line":10,"column":55}},{"start":{"line":10,"column":58},"end":{"line":10,"column":62}}]},"4":{"loc":{"start":{"line":11,"column":20},"end":{"line":11,"column":74}},"type":"cond-expr","locations":[{"start":{"line":11,"column":41},"end":{"line":11,"column":67}},{"start":{"line":11,"column":70},"end":{"line":11,"column":74}}]},"5":{"loc":{"start":{"line":12,"column":17},"end":{"line":12,"column":57}},"type":"binary-expr","locations":[{"start":{"line":12,"column":17},"end":{"line":12,"column":32}},{"start":{"line":12,"column":36},"end":{"line":12,"column":57}}]},"6":{"loc":{"start":{"line":13,"column":11},"end":{"line":13,"column":26}},"type":"binary-expr","locations":[{"start":{"line":13,"column":11},"end":{"line":13,"column":20}},{"start":{"line":13,"column":24},"end":{"line":13,"column":26}}]},"7":{"loc":{"start":{"line":14,"column":17},"end":{"line":14,"column":38}},"type":"binary-expr","locations":[{"start":{"line":14,"column":17},"end":{"line":14,"column":32}},{"start":{"line":14,"column":36},"end":{"line":14,"column":38}}]},"8":{"loc":{"start":{"line":15,"column":14},"end":{"line":15,"column":32}},"type":"binary-expr","locations":[{"start":{"line":15,"column":14},"end":{"line":15,"column":26}},{"start":{"line":15,"column":30},"end":{"line":15,"column":32}}]},"9":{"loc":{"start":{"line":16,"column":24},"end":{"line":16,"column":44}},"type":"binary-expr","locations":[{"start":{"line":16,"column":24},"end":{"line":16,"column":39}},{"start":{"line":16,"column":43},"end":{"line":16,"column":44}}]},"10":{"loc":{"start":{"line":17,"column":18},"end":{"line":17,"column":40}},"type":"binary-expr","locations":[{"start":{"line":17,"column":18},"end":{"line":17,"column":34}},{"start":{"line":17,"column":38},"end":{"line":17,"column":40}}]},"11":{"loc":{"start":{"line":18,"column":14},"end":{"line":18,"column":60}},"type":"cond-expr","locations":[{"start":{"line":18,"column":29},"end":{"line":18,"column":53}},{"start":{"line":18,"column":56},"end":{"line":18,"column":60}}]},"12":{"loc":{"start":{"line":19,"column":15},"end":{"line":19,"column":63}},"type":"cond-expr","locations":[{"start":{"line":19,"column":31},"end":{"line":19,"column":56}},{"start":{"line":19,"column":59},"end":{"line":19,"column":63}}]},"13":{"loc":{"start":{"line":20,"column":19},"end":{"line":20,"column":42}},"type":"binary-expr","locations":[{"start":{"line":20,"column":19},"end":{"line":20,"column":36}},{"start":{"line":20,"column":40},"end":{"line":20,"column":42}}]},"14":{"loc":{"start":{"line":21,"column":22},"end":{"line":21,"column":40}},"type":"binary-expr","locations":[{"start":{"line":21,"column":22},"end":{"line":21,"column":35}},{"start":{"line":21,"column":39},"end":{"line":21,"column":40}}]},"15":{"loc":{"start":{"line":22,"column":16},"end":{"line":22,"column":63}},"type":"cond-expr","locations":[{"start":{"line":22,"column":33},"end":{"line":22,"column":59}},{"start":{"line":22,"column":62},"end":{"line":22,"column":63}}]},"16":{"loc":{"start":{"line":23,"column":13},"end":{"line":23,"column":36}},"type":"binary-expr","locations":[{"start":{"line":23,"column":13},"end":{"line":23,"column":24}},{"start":{"line":23,"column":28},"end":{"line":23,"column":36}}]},"17":{"loc":{"start":{"line":24,"column":12},"end":{"line":24,"column":32}},"type":"binary-expr","locations":[{"start":{"line":24,"column":12},"end":{"line":24,"column":22}},{"start":{"line":24,"column":26},"end":{"line":24,"column":32}}]},"18":{"loc":{"start":{"line":25,"column":20},"end":{"line":25,"column":36}},"type":"binary-expr","locations":[{"start":{"line":25,"column":20},"end":{"line":25,"column":31}},{"start":{"line":25,"column":35},"end":{"line":25,"column":36}}]},"19":{"loc":{"start":{"line":26,"column":22},"end":{"line":26,"column":40}},"type":"binary-expr","locations":[{"start":{"line":26,"column":22},"end":{"line":26,"column":35}},{"start":{"line":26,"column":39},"end":{"line":26,"column":40}}]},"20":{"loc":{"start":{"line":27,"column":23},"end":{"line":27,"column":42}},"type":"binary-expr","locations":[{"start":{"line":27,"column":23},"end":{"line":27,"column":37}},{"start":{"line":27,"column":41},"end":{"line":27,"column":42}}]},"21":{"loc":{"start":{"line":28,"column":16},"end":{"line":28,"column":78}},"type":"cond-expr","locations":[{"start":{"line":28,"column":33},"end":{"line":28,"column":71}},{"start":{"line":28,"column":74},"end":{"line":28,"column":78}}]},"22":{"loc":{"start":{"line":29,"column":16},"end":{"line":29,"column":78}},"type":"cond-expr","locations":[{"start":{"line":29,"column":33},"end":{"line":29,"column":71}},{"start":{"line":29,"column":74},"end":{"line":29,"column":78}}]},"23":{"loc":{"start":{"line":30,"column":16},"end":{"line":30,"column":78}},"type":"cond-expr","locations":[{"start":{"line":30,"column":33},"end":{"line":30,"column":71}},{"start":{"line":30,"column":74},"end":{"line":30,"column":78}}]},"24":{"loc":{"start":{"line":31,"column":21},"end":{"line":31,"column":48}},"type":"binary-expr","locations":[{"start":{"line":31,"column":21},"end":{"line":31,"column":40}},{"start":{"line":31,"column":44},"end":{"line":31,"column":48}}]},"25":{"loc":{"start":{"line":32,"column":21},"end":{"line":32,"column":48}},"type":"binary-expr","locations":[{"start":{"line":32,"column":21},"end":{"line":32,"column":40}},{"start":{"line":32,"column":44},"end":{"line":32,"column":48}}]},"26":{"loc":{"start":{"line":33,"column":22},"end":{"line":33,"column":50}},"type":"binary-expr","locations":[{"start":{"line":33,"column":22},"end":{"line":33,"column":42}},{"start":{"line":33,"column":46},"end":{"line":33,"column":50}}]},"27":{"loc":{"start":{"line":34,"column":22},"end":{"line":34,"column":50}},"type":"binary-expr","locations":[{"start":{"line":34,"column":22},"end":{"line":34,"column":42}},{"start":{"line":34,"column":46},"end":{"line":34,"column":50}}]},"28":{"loc":{"start":{"line":35,"column":20},"end":{"line":35,"column":46}},"type":"binary-expr","locations":[{"start":{"line":35,"column":20},"end":{"line":35,"column":38}},{"start":{"line":35,"column":42},"end":{"line":35,"column":46}}]},"29":{"loc":{"start":{"line":36,"column":14},"end":{"line":36,"column":34}},"type":"binary-expr","locations":[{"start":{"line":36,"column":14},"end":{"line":36,"column":26}},{"start":{"line":36,"column":30},"end":{"line":36,"column":34}}]}},"s":{"0":1,"1":0,"2":1,"3":1,"4":0,"5":1},"f":{"0":0,"1":0},"b":{"0":[0,0],"1":[0,0],"2":[0,0],"3":[0,0],"4":[0,0],"5":[0,0],"6":[0,0],"7":[0,0],"8":[0,0],"9":[0,0],"10":[0,0],"11":[0,0],"12":[0,0],"13":[0,0],"14":[0,0],"15":[0,0],"16":[0,0],"17":[0,0],"18":[0,0],"19":[0,0],"20":[0,0],"21":[0,0],"22":[0,0],"23":[0,0],"24":[0,0],"25":[0,0],"26":[0,0],"27":[0,0],"28":[0,0],"29":[0,0]}}
,"C:\\finalproject\\disasteraid-v2\\backend\\src\\common\\mappers\\user.mapper.ts": {"path":"C:\\finalproject\\disasteraid-v2\\backend\\src\\common\\mappers\\user.mapper.ts","statementMap":{"0":{"start":{"line":5,"column":23},"end":{"line":17,"column":1}},"1":{"start":{"line":6,"column":2},"end":{"line":16,"column":4}},"2":{"start":{"line":5,"column":13},"end":{"line":5,"column":23}},"3":{"start":{"line":19,"column":27},"end":{"line":26,"column":1}},"4":{"start":{"line":20,"column":2},"end":{"line":25,"column":4}},"5":{"start":{"line":19,"column":13},"end":{"line":19,"column":27}}},"fnMap":{"0":{"name":"(anonymous_0)","decl":{"start":{"line":5,"column":23},"end":{"line":5,"column":24}},"loc":{"start":{"line":5,"column":36},"end":{"line":17,"column":1}}},"1":{"name":"(anonymous_1)","decl":{"start":{"line":19,"column":27},"end":{"line":19,"column":28}},"loc":{"start":{"line":19,"column":46},"end":{"line":26,"column":1}}}},"branchMap":{"0":{"loc":{"start":{"line":8,"column":10},"end":{"line":8,"column":24}},"type":"binary-expr","locations":[{"start":{"line":8,"column":10},"end":{"line":8,"column":18}},{"start":{"line":8,"column":22},"end":{"line":8,"column":24}}]},"1":{"loc":{"start":{"line":9,"column":11},"end":{"line":9,"column":28}},"type":"binary-expr","locations":[{"start":{"line":9,"column":11},"end":{"line":9,"column":20}},{"start":{"line":9,"column":24},"end":{"line":9,"column":28}}]},"2":{"loc":{"start":{"line":10,"column":11},"end":{"line":10,"column":28}},"type":"binary-expr","locations":[{"start":{"line":10,"column":11},"end":{"line":10,"column":20}},{"start":{"line":10,"column":24},"end":{"line":10,"column":28}}]},"3":{"loc":{"start":{"line":11,"column":10},"end":{"line":11,"column":26}},"type":"binary-expr","locations":[{"start":{"line":11,"column":10},"end":{"line":11,"column":18}},{"start":{"line":11,"column":22},"end":{"line":11,"column":26}}]},"4":{"loc":{"start":{"line":12,"column":12},"end":{"line":12,"column":34}},"type":"binary-expr","locations":[{"start":{"line":12,"column":12},"end":{"line":12,"column":22}},{"start":{"line":12,"column":26},"end":{"line":12,"column":34}}]},"5":{"loc":{"start":{"line":13,"column":10},"end":{"line":13,"column":26}},"type":"binary-expr","locations":[{"start":{"line":13,"column":10},"end":{"line":13,"column":18}},{"start":{"line":13,"column":22},"end":{"line":13,"column":26}}]},"6":{"loc":{"start":{"line":14,"column":12},"end":{"line":14,"column":30}},"type":"binary-expr","locations":[{"start":{"line":14,"column":12},"end":{"line":14,"column":22}},{"start":{"line":14,"column":26},"end":{"line":14,"column":30}}]},"7":{"loc":{"start":{"line":15,"column":16},"end":{"line":15,"column":78}},"type":"cond-expr","locations":[{"start":{"line":15,"column":33},"end":{"line":15,"column":71}},{"start":{"line":15,"column":74},"end":{"line":15,"column":78}}]}},"s":{"0":1,"1":0,"2":1,"3":1,"4":0,"5":1},"f":{"0":0,"1":0},"b":{"0":[0,0],"1":[0,0],"2":[0,0],"3":[0,0],"4":[0,0],"5":[0,0],"6":[0,0],"7":[0,0]}}
,"C:\\finalproject\\disasteraid-v2\\backend\\src\\common\\mappers\\withdrawal.mapper.ts": {"path":"C:\\finalproject\\disasteraid-v2\\backend\\src\\common\\mappers\\withdrawal.mapper.ts","statementMap":{"0":{"start":{"line":4,"column":29},"end":{"line":18,"column":1}},"1":{"start":{"line":5,"column":2},"end":{"line":17,"column":4}},"2":{"start":{"line":4,"column":13},"end":{"line":4,"column":29}},"3":{"start":{"line":20,"column":33},"end":{"line":27,"column":1}},"4":{"start":{"line":21,"column":2},"end":{"line":26,"column":4}},"5":{"start":{"line":20,"column":13},"end":{"line":20,"column":33}}},"fnMap":{"0":{"name":"(anonymous_0)","decl":{"start":{"line":4,"column":29},"end":{"line":4,"column":30}},"loc":{"start":{"line":4,"column":42},"end":{"line":18,"column":1}}},"1":{"name":"(anonymous_1)","decl":{"start":{"line":20,"column":33},"end":{"line":20,"column":34}},"loc":{"start":{"line":20,"column":52},"end":{"line":27,"column":1}}}},"branchMap":{"0":{"loc":{"start":{"line":7,"column":17},"end":{"line":7,"column":65}},"type":"cond-expr","locations":[{"start":{"line":7,"column":35},"end":{"line":7,"column":58}},{"start":{"line":7,"column":61},"end":{"line":7,"column":65}}]},"1":{"loc":{"start":{"line":8,"column":12},"end":{"line":8,"column":51}},"type":"cond-expr","locations":[{"start":{"line":8,"column":25},"end":{"line":8,"column":47}},{"start":{"line":8,"column":50},"end":{"line":8,"column":51}}]},"2":{"loc":{"start":{"line":9,"column":18},"end":{"line":9,"column":40}},"type":"binary-expr","locations":[{"start":{"line":9,"column":18},"end":{"line":9,"column":34}},{"start":{"line":9,"column":38},"end":{"line":9,"column":40}}]},"3":{"loc":{"start":{"line":10,"column":12},"end":{"line":10,"column":35}},"type":"binary-expr","locations":[{"start":{"line":10,"column":12},"end":{"line":10,"column":22}},{"start":{"line":10,"column":26},"end":{"line":10,"column":35}}]},"4":{"loc":{"start":{"line":11,"column":14},"end":{"line":11,"column":34}},"type":"binary-expr","locations":[{"start":{"line":11,"column":14},"end":{"line":11,"column":26}},{"start":{"line":11,"column":30},"end":{"line":11,"column":34}}]},"5":{"loc":{"start":{"line":12,"column":15},"end":{"line":12,"column":36}},"type":"binary-expr","locations":[{"start":{"line":12,"column":15},"end":{"line":12,"column":28}},{"start":{"line":12,"column":32},"end":{"line":12,"column":36}}]},"6":{"loc":{"start":{"line":13,"column":17},"end":{"line":13,"column":65}},"type":"cond-expr","locations":[{"start":{"line":13,"column":35},"end":{"line":13,"column":58}},{"start":{"line":13,"column":61},"end":{"line":13,"column":65}}]},"7":{"loc":{"start":{"line":14,"column":17},"end":{"line":14,"column":65}},"type":"cond-expr","locations":[{"start":{"line":14,"column":35},"end":{"line":14,"column":58}},{"start":{"line":14,"column":61},"end":{"line":14,"column":65}}]},"8":{"loc":{"start":{"line":15,"column":16},"end":{"line":15,"column":78}},"type":"cond-expr","locations":[{"start":{"line":15,"column":33},"end":{"line":15,"column":71}},{"start":{"line":15,"column":74},"end":{"line":15,"column":78}}]},"9":{"loc":{"start":{"line":16,"column":16},"end":{"line":16,"column":78}},"type":"cond-expr","locations":[{"start":{"line":16,"column":33},"end":{"line":16,"column":71}},{"start":{"line":16,"column":74},"end":{"line":16,"column":78}}]}},"s":{"0":1,"1":0,"2":1,"3":1,"4":0,"5":1},"f":{"0":0,"1":0},"b":{"0":[0,0],"1":[0,0],"2":[0,0],"3":[0,0],"4":[0,0],"5":[0,0],"6":[0,0],"7":[0,0],"8":[0,0],"9":[0,0]}}
,"C:\\finalproject\\disasteraid-v2\\backend\\src\\config\\database.ts": {"path":"C:\\finalproject\\disasteraid-v2\\backend\\src\\config\\database.ts","statementMap":{"0":{"start":{"line":27,"column":0},"end":{"line":27,"column":7}},"1":{"start":{"line":1,"column":0},"end":{"line":1,"column":38}},"2":{"start":{"line":2,"column":0},"end":{"line":2,"column":31}},"3":{"start":{"line":4,"column":31},"end":{"line":14,"column":2}},"4":{"start":{"line":16,"column":13},"end":{"line":16,"column":41}},"5":{"start":{"line":20,"column":0},"end":{"line":22,"column":3}},"6":{"start":{"line":21,"column":2},"end":{"line":21,"column":83}},"7":{"start":{"line":31,"column":2},"end":{"line":40,"column":3}},"8":{"start":{"line":32,"column":4},"end":{"line":32,"column":34}},"9":{"start":{"line":33,"column":4},"end":{"line":33,"column":35}},"10":{"start":{"line":34,"column":4},"end":{"line":34,"column":16}},"11":{"start":{"line":36,"column":4},"end":{"line":36,"column":52}},"12":{"start":{"line":37,"column":4},"end":{"line":37,"column":17}},"13":{"start":{"line":39,"column":4},"end":{"line":39,"column":22}}},"fnMap":{"0":{"name":"(anonymous_0)","decl":{"start":{"line":20,"column":17},"end":{"line":20,"column":18}},"loc":{"start":{"line":20,"column":25},"end":{"line":22,"column":1}}},"1":{"name":"checkDatabaseHealth","decl":{"start":{"line":27,"column":22},"end":{"line":27,"column":41}},"loc":{"start":{"line":27,"column":41},"end":{"line":41,"column":1}}}},"branchMap":{},"s":{"0":1,"1":1,"2":1,"3":1,"4":1,"5":1,"6":0,"7":0,"8":0,"9":0,"10":0,"11":0,"12":0,"13":0},"f":{"0":0,"1":0},"b":{}}
,"C:\\finalproject\\disasteraid-v2\\backend\\src\\config\\env.ts": {"path":"C:\\finalproject\\disasteraid-v2\\backend\\src\\config\\env.ts","statementMap":{"0":{"start":{"line":1,"column":0},"end":{"line":1,"column":24}},"1":{"start":{"line":2,"column":0},"end":{"line":2,"column":28}},"2":{"start":{"line":3,"column":0},"end":{"line":3,"column":29}},"3":{"start":{"line":5,"column":0},"end":{"line":5,"column":61}},"4":{"start":{"line":6,"column":0},"end":{"line":6,"column":64}},"5":{"start":{"line":7,"column":0},"end":{"line":7,"column":16}},"6":{"start":{"line":9,"column":18},"end":{"line":48,"column":2}},"7":{"start":{"line":35,"column":51},"end":{"line":35,"column":63}},"8":{"start":{"line":50,"column":15},"end":{"line":50,"column":47}},"9":{"start":{"line":52,"column":0},"end":{"line":56,"column":1}},"10":{"start":{"line":53,"column":2},"end":{"line":53,"column":52}},"11":{"start":{"line":54,"column":2},"end":{"line":54,"column":52}},"12":{"start":{"line":55,"column":2},"end":{"line":55,"column":18}},"13":{"start":{"line":58,"column":13},"end":{"line":58,"column":31}}},"fnMap":{"0":{"name":"(anonymous_1)","decl":{"start":{"line":35,"column":46},"end":{"line":35,"column":47}},"loc":{"start":{"line":35,"column":51},"end":{"line":35,"column":63}}}},"branchMap":{"0":{"loc":{"start":{"line":52,"column":0},"end":{"line":56,"column":1}},"type":"if","locations":[{"start":{"line":52,"column":0},"end":{"line":56,"column":1}}]}},"s":{"0":1,"1":1,"2":1,"3":1,"4":1,"5":1,"6":1,"7":1,"8":1,"9":1,"10":0,"11":0,"12":0,"13":1},"f":{"0":1},"b":{"0":[0]}}
,"C:\\finalproject\\disasteraid-v2\\backend\\src\\middleware\\auth.ts": {"path":"C:\\finalproject\\disasteraid-v2\\backend\\src\\middleware\\auth.ts","statementMap":{"0":{"start":{"line":24,"column":0},"end":{"line":24,"column":7}},"1":{"start":{"line":2,"column":0},"end":{"line":2,"column":31}},"2":{"start":{"line":3,"column":0},"end":{"line":3,"column":45}},"3":{"start":{"line":4,"column":0},"end":{"line":4,"column":39}},"4":{"start":{"line":29,"column":2},"end":{"line":76,"column":3}},"5":{"start":{"line":30,"column":23},"end":{"line":30,"column":48}},"6":{"start":{"line":31,"column":4},"end":{"line":34,"column":5}},"7":{"start":{"line":32,"column":6},"end":{"line":32,"column":65}},"8":{"start":{"line":33,"column":6},"end":{"line":33,"column":13}},"9":{"start":{"line":36,"column":18},"end":{"line":36,"column":42}},"10":{"start":{"line":37,"column":4},"end":{"line":40,"column":5}},"11":{"start":{"line":38,"column":6},"end":{"line":38,"column":62}},"12":{"start":{"line":39,"column":6},"end":{"line":39,"column":13}},"13":{"start":{"line":42,"column":20},"end":{"line":42,"column":75}},"14":{"start":{"line":45,"column":19},"end":{"line":50,"column":null}},"15":{"start":{"line":53,"column":4},"end":{"line":56,"column":5}},"16":{"start":{"line":54,"column":6},"end":{"line":54,"column":56}},"17":{"start":{"line":55,"column":6},"end":{"line":55,"column":13}},"18":{"start":{"line":58,"column":17},"end":{"line":58,"column":43}},"19":{"start":{"line":59,"column":4},"end":{"line":62,"column":5}},"20":{"start":{"line":60,"column":6},"end":{"line":60,"column":59}},"21":{"start":{"line":61,"column":6},"end":{"line":61,"column":13}},"22":{"start":{"line":64,"column":4},"end":{"line":64,"column":20}},"23":{"start":{"line":65,"column":4},"end":{"line":65,"column":11}},"24":{"start":{"line":67,"column":4},"end":{"line":70,"column":5}},"25":{"start":{"line":68,"column":6},"end":{"line":68,"column":55}},"26":{"start":{"line":69,"column":6},"end":{"line":69,"column":13}},"27":{"start":{"line":71,"column":4},"end":{"line":74,"column":5}},"28":{"start":{"line":72,"column":6},"end":{"line":72,"column":55}},"29":{"start":{"line":73,"column":6},"end":{"line":73,"column":13}},"30":{"start":{"line":75,"column":4},"end":{"line":75,"column":14}}},"fnMap":{"0":{"name":"authenticate","decl":{"start":{"line":24,"column":22},"end":{"line":24,"column":34}},"loc":{"start":{"line":27,"column":20},"end":{"line":77,"column":1}}}},"branchMap":{"0":{"loc":{"start":{"line":31,"column":4},"end":{"line":34,"column":5}},"type":"if","locations":[{"start":{"line":31,"column":4},"end":{"line":34,"column":5}}]},"1":{"loc":{"start":{"line":31,"column":8},"end":{"line":31,"column":56}},"type":"binary-expr","locations":[{"start":{"line":31,"column":8},"end":{"line":31,"column":19}},{"start":{"line":31,"column":23},"end":{"line":31,"column":56}}]},"2":{"loc":{"start":{"line":37,"column":4},"end":{"line":40,"column":5}},"type":"if","locations":[{"start":{"line":37,"column":4},"end":{"line":40,"column":5}}]},"3":{"loc":{"start":{"line":53,"column":4},"end":{"line":56,"column":5}},"type":"if","locations":[{"start":{"line":53,"column":4},"end":{"line":56,"column":5}}]},"4":{"loc":{"start":{"line":59,"column":4},"end":{"line":62,"column":5}},"type":"if","locations":[{"start":{"line":59,"column":4},"end":{"line":62,"column":5}}]},"5":{"loc":{"start":{"line":67,"column":4},"end":{"line":70,"column":5}},"type":"if","locations":[{"start":{"line":67,"column":4},"end":{"line":70,"column":5}}]},"6":{"loc":{"start":{"line":71,"column":4},"end":{"line":74,"column":5}},"type":"if","locations":[{"start":{"line":71,"column":4},"end":{"line":74,"column":5}}]}},"s":{"0":1,"1":1,"2":1,"3":1,"4":2,"5":2,"6":2,"7":2,"8":2,"9":0,"10":0,"11":0,"12":0,"13":0,"14":0,"15":0,"16":0,"17":0,"18":0,"19":0,"20":0,"21":0,"22":0,"23":0,"24":0,"25":0,"26":0,"27":0,"28":0,"29":0,"30":0},"f":{"0":2},"b":{"0":[2],"1":[2,0],"2":[0],"3":[0],"4":[0],"5":[0],"6":[0]}}
,"C:\\finalproject\\disasteraid-v2\\backend\\src\\middleware\\authorize.ts": {"path":"C:\\finalproject\\disasteraid-v2\\backend\\src\\middleware\\authorize.ts","statementMap":{"0":{"start":{"line":8,"column":0},"end":{"line":8,"column":16}},"1":{"start":{"line":9,"column":2},"end":{"line":25,"column":4}},"2":{"start":{"line":10,"column":4},"end":{"line":13,"column":5}},"3":{"start":{"line":11,"column":6},"end":{"line":11,"column":65}},"4":{"start":{"line":12,"column":6},"end":{"line":12,"column":13}},"5":{"start":{"line":15,"column":4},"end":{"line":22,"column":5}},"6":{"start":{"line":16,"column":6},"end":{"line":20,"column":9}},"7":{"start":{"line":21,"column":6},"end":{"line":21,"column":13}},"8":{"start":{"line":24,"column":4},"end":{"line":24,"column":11}}},"fnMap":{"0":{"name":"authorize","decl":{"start":{"line":8,"column":16},"end":{"line":8,"column":25}},"loc":{"start":{"line":8,"column":51},"end":{"line":26,"column":1}}},"1":{"name":"(anonymous_1)","decl":{"start":{"line":9,"column":9},"end":{"line":9,"column":10}},"loc":{"start":{"line":9,"column":71},"end":{"line":25,"column":3}}}},"branchMap":{"0":{"loc":{"start":{"line":10,"column":4},"end":{"line":13,"column":5}},"type":"if","locations":[{"start":{"line":10,"column":4},"end":{"line":13,"column":5}}]},"1":{"loc":{"start":{"line":15,"column":4},"end":{"line":22,"column":5}},"type":"if","locations":[{"start":{"line":15,"column":4},"end":{"line":22,"column":5}}]}},"s":{"0":1,"1":47,"2":0,"3":0,"4":0,"5":0,"6":0,"7":0,"8":0},"f":{"0":47,"1":0},"b":{"0":[0],"1":[0]}}
,"C:\\finalproject\\disasteraid-v2\\backend\\src\\middleware\\errorHandler.ts": {"path":"C:\\finalproject\\disasteraid-v2\\backend\\src\\middleware\\errorHandler.ts","statementMap":{"0":{"start":{"line":15,"column":0},"end":{"line":15,"column":16}},"1":{"start":{"line":48,"column":0},"end":{"line":48,"column":16}},"2":{"start":{"line":2,"column":0},"end":{"line":2,"column":39}},"3":{"start":{"line":3,"column":0},"end":{"line":3,"column":45}},"4":{"start":{"line":23,"column":21},"end":{"line":23,"column":56}},"5":{"start":{"line":24,"column":23},"end":{"line":24,"column":52}},"6":{"start":{"line":25,"column":21},"end":{"line":25,"column":35}},"7":{"start":{"line":26,"column":18},"end":{"line":26,"column":46}},"8":{"start":{"line":28,"column":2},"end":{"line":34,"column":5}},"9":{"start":{"line":36,"column":2},"end":{"line":42,"column":5}},"10":{"start":{"line":49,"column":26},"end":{"line":49,"column":44}},"11":{"start":{"line":50,"column":2},"end":{"line":50,"column":32}},"12":{"start":{"line":51,"column":2},"end":{"line":51,"column":29}},"13":{"start":{"line":52,"column":2},"end":{"line":52,"column":15}}},"fnMap":{"0":{"name":"errorHandler","decl":{"start":{"line":15,"column":16},"end":{"line":15,"column":28}},"loc":{"start":{"line":19,"column":21},"end":{"line":43,"column":1}}},"1":{"name":"createError","decl":{"start":{"line":48,"column":16},"end":{"line":48,"column":27}},"loc":{"start":{"line":48,"column":63},"end":{"line":53,"column":1}}}},"branchMap":{"0":{"loc":{"start":{"line":23,"column":21},"end":{"line":23,"column":56}},"type":"binary-expr","locations":[{"start":{"line":23,"column":21},"end":{"line":23,"column":35}},{"start":{"line":23,"column":39},"end":{"line":23,"column":49}},{"start":{"line":23,"column":53},"end":{"line":23,"column":56}}]},"1":{"loc":{"start":{"line":28,"column":15},"end":{"line":28,"column":53}},"type":"binary-expr","locations":[{"start":{"line":28,"column":15},"end":{"line":28,"column":26}},{"start":{"line":28,"column":30},"end":{"line":28,"column":53}}]},"2":{"loc":{"start":{"line":33,"column":11},"end":{"line":33,"column":47}},"type":"cond-expr","locations":[{"start":{"line":33,"column":26},"end":{"line":33,"column":35}},{"start":{"line":33,"column":38},"end":{"line":33,"column":47}}]},"3":{"loc":{"start":{"line":37,"column":11},"end":{"line":39,"column":19}},"type":"cond-expr","locations":[{"start":{"line":38,"column":8},"end":{"line":38,"column":31}},{"start":{"line":39,"column":8},"end":{"line":39,"column":19}}]},"4":{"loc":{"start":{"line":37,"column":11},"end":{"line":37,"column":45}},"type":"binary-expr","locations":[{"start":{"line":37,"column":11},"end":{"line":37,"column":23}},{"start":{"line":37,"column":27},"end":{"line":37,"column":45}}]},"5":{"loc":{"start":{"line":41,"column":8},"end":{"line":41,"column":49}},"type":"cond-expr","locations":[{"start":{"line":41,"column":24},"end":{"line":41,"column":44}},{"start":{"line":41,"column":47},"end":{"line":41,"column":49}}]}},"s":{"0":1,"1":1,"2":1,"3":1,"4":0,"5":0,"6":0,"7":0,"8":0,"9":0,"10":0,"11":0,"12":0,"13":0},"f":{"0":0,"1":0},"b":{"0":[0,0,0],"1":[0,0],"2":[0,0],"3":[0,0],"4":[0,0],"5":[0,0]}}
,"C:\\finalproject\\disasteraid-v2\\backend\\src\\middleware\\rateLimiter.ts": {"path":"C:\\finalproject\\disasteraid-v2\\backend\\src\\middleware\\rateLimiter.ts","statementMap":{"0":{"start":{"line":1,"column":0},"end":{"line":1,"column":43}},"1":{"start":{"line":2,"column":0},"end":{"line":2,"column":39}},"2":{"start":{"line":8,"column":13},"end":{"line":20,"column":3}},"3":{"start":{"line":18,"column":4},"end":{"line":18,"column":59}}},"fnMap":{"0":{"name":"(anonymous_1)","decl":{"start":{"line":17,"column":16},"end":{"line":17,"column":17}},"loc":{"start":{"line":17,"column":24},"end":{"line":19,"column":3}}}},"branchMap":{"0":{"loc":{"start":{"line":18,"column":11},"end":{"line":18,"column":58}},"type":"binary-expr","locations":[{"start":{"line":18,"column":11},"end":{"line":18,"column":17}},{"start":{"line":18,"column":21},"end":{"line":18,"column":45}},{"start":{"line":18,"column":49},"end":{"line":18,"column":58}}]}},"s":{"0":1,"1":1,"2":1,"3":3},"f":{"0":3},"b":{"0":[3,0,0]}}
,"C:\\finalproject\\disasteraid-v2\\backend\\src\\middleware\\requestLogger.ts": {"path":"C:\\finalproject\\disasteraid-v2\\backend\\src\\middleware\\requestLogger.ts","statementMap":{"0":{"start":{"line":2,"column":0},"end":{"line":2,"column":36}},"1":{"start":{"line":3,"column":0},"end":{"line":3,"column":45}},"2":{"start":{"line":6,"column":29},"end":{"line":37,"column":1}},"3":{"start":{"line":7,"column":20},"end":{"line":7,"column":28}},"4":{"start":{"line":8,"column":3},"end":{"line":8,"column":30}},"5":{"start":{"line":9,"column":2},"end":{"line":9,"column":43}},"6":{"start":{"line":11,"column":16},"end":{"line":11,"column":26}},"7":{"start":{"line":12,"column":26},"end":{"line":12,"column":29}},"8":{"start":{"line":13,"column":18},"end":{"line":13,"column":46}},"9":{"start":{"line":15,"column":2},"end":{"line":20,"column":5}},"10":{"start":{"line":22,"column":2},"end":{"line":34,"column":5}},"11":{"start":{"line":23,"column":21},"end":{"line":23,"column":39}},"12":{"start":{"line":24,"column":27},"end":{"line":24,"column":30}},"13":{"start":{"line":26,"column":4},"end":{"line":33,"column":7}},"14":{"start":{"line":36,"column":2},"end":{"line":36,"column":9}},"15":{"start":{"line":6,"column":13},"end":{"line":6,"column":29}}},"fnMap":{"0":{"name":"(anonymous_0)","decl":{"start":{"line":6,"column":29},"end":{"line":6,"column":30}},"loc":{"start":{"line":6,"column":81},"end":{"line":37,"column":1}}},"1":{"name":"(anonymous_1)","decl":{"start":{"line":22,"column":19},"end":{"line":22,"column":22}},"loc":{"start":{"line":22,"column":24},"end":{"line":34,"column":3}}}},"branchMap":{},"s":{"0":1,"1":1,"2":1,"3":3,"4":3,"5":3,"6":3,"7":3,"8":3,"9":3,"10":3,"11":3,"12":3,"13":3,"14":3,"15":1},"f":{"0":3,"1":3},"b":{}}
,"C:\\finalproject\\disasteraid-v2\\backend\\src\\middleware\\validate.ts": {"path":"C:\\finalproject\\disasteraid-v2\\backend\\src\\middleware\\validate.ts","statementMap":{"0":{"start":{"line":8,"column":0},"end":{"line":8,"column":16}},"1":{"start":{"line":2,"column":0},"end":{"line":2,"column":42}},"2":{"start":{"line":13,"column":2},"end":{"line":38,"column":4}},"3":{"start":{"line":14,"column":4},"end":{"line":37,"column":5}},"4":{"start":{"line":15,"column":6},"end":{"line":17,"column":7}},"5":{"start":{"line":16,"column":8},"end":{"line":16,"column":47}},"6":{"start":{"line":18,"column":6},"end":{"line":20,"column":7}},"7":{"start":{"line":19,"column":8},"end":{"line":19,"column":76}},"8":{"start":{"line":21,"column":6},"end":{"line":23,"column":7}},"9":{"start":{"line":22,"column":8},"end":{"line":22,"column":53}},"10":{"start":{"line":24,"column":6},"end":{"line":24,"column":13}},"11":{"start":{"line":26,"column":6},"end":{"line":35,"column":7}},"12":{"start":{"line":27,"column":8},"end":{"line":33,"column":11}},"13":{"start":{"line":29,"column":42},"end":{"line":32,"column":12}},"14":{"start":{"line":34,"column":8},"end":{"line":34,"column":15}},"15":{"start":{"line":36,"column":6},"end":{"line":36,"column":16}}},"fnMap":{"0":{"name":"validate","decl":{"start":{"line":8,"column":16},"end":{"line":8,"column":24}},"loc":{"start":{"line":12,"column":1},"end":{"line":39,"column":1}}},"1":{"name":"(anonymous_1)","decl":{"start":{"line":13,"column":9},"end":{"line":13,"column":10}},"loc":{"start":{"line":13,"column":67},"end":{"line":38,"column":3}}},"2":{"name":"(anonymous_2)","decl":{"start":{"line":29,"column":34},"end":{"line":29,"column":35}},"loc":{"start":{"line":29,"column":42},"end":{"line":32,"column":12}}}},"branchMap":{"0":{"loc":{"start":{"line":15,"column":6},"end":{"line":17,"column":7}},"type":"if","locations":[{"start":{"line":15,"column":6},"end":{"line":17,"column":7}}]},"1":{"loc":{"start":{"line":18,"column":6},"end":{"line":20,"column":7}},"type":"if","locations":[{"start":{"line":18,"column":6},"end":{"line":20,"column":7}}]},"2":{"loc":{"start":{"line":21,"column":6},"end":{"line":23,"column":7}},"type":"if","locations":[{"start":{"line":21,"column":6},"end":{"line":23,"column":7}}]},"3":{"loc":{"start":{"line":26,"column":6},"end":{"line":35,"column":7}},"type":"if","locations":[{"start":{"line":26,"column":6},"end":{"line":35,"column":7}}]}},"s":{"0":1,"1":1,"2":39,"3":1,"4":1,"5":1,"6":0,"7":0,"8":0,"9":0,"10":0,"11":1,"12":1,"13":1,"14":1,"15":0},"f":{"0":39,"1":1,"2":1},"b":{"0":[1],"1":[0],"2":[0],"3":[1]}}
,"C:\\finalproject\\disasteraid-v2\\backend\\src\\modules\\admin\\admin.controller.ts": {"path":"C:\\finalproject\\disasteraid-v2\\backend\\src\\modules\\admin\\admin.controller.ts","statementMap":{"0":{"start":{"line":3,"column":0},"end":{"line":3,"column":69}},"1":{"start":{"line":4,"column":0},"end":{"line":4,"column":74}},"2":{"start":{"line":5,"column":0},"end":{"line":5,"column":78}},"3":{"start":{"line":6,"column":0},"end":{"line":6,"column":74}},"4":{"start":{"line":7,"column":0},"end":{"line":7,"column":66}},"5":{"start":{"line":8,"column":0},"end":{"line":8,"column":63}},"6":{"start":{"line":9,"column":0},"end":{"line":9,"column":83}},"7":{"start":{"line":13,"column":4},"end":{"line":18,"column":6}},"8":{"start":{"line":22,"column":4},"end":{"line":34,"column":5}},"9":{"start":{"line":23,"column":20},"end":{"line":23,"column":57}},"10":{"start":{"line":24,"column":6},"end":{"line":31,"column":9}},"11":{"start":{"line":33,"column":6},"end":{"line":33,"column":16}},"12":{"start":{"line":38,"column":4},"end":{"line":50,"column":5}},"13":{"start":{"line":39,"column":20},"end":{"line":39,"column":59}},"14":{"start":{"line":40,"column":6},"end":{"line":47,"column":9}},"15":{"start":{"line":49,"column":6},"end":{"line":49,"column":16}},"16":{"start":{"line":54,"column":4},"end":{"line":64,"column":5}},"17":{"start":{"line":55,"column":20},"end":{"line":55,"column":57}},"18":{"start":{"line":56,"column":6},"end":{"line":61,"column":9}},"19":{"start":{"line":63,"column":6},"end":{"line":63,"column":16}},"20":{"start":{"line":68,"column":4},"end":{"line":82,"column":5}},"21":{"start":{"line":69,"column":20},"end":{"line":69,"column":53}},"22":{"start":{"line":70,"column":6},"end":{"line":79,"column":9}},"23":{"start":{"line":81,"column":6},"end":{"line":81,"column":16}},"24":{"start":{"line":86,"column":4},"end":{"line":96,"column":5}},"25":{"start":{"line":87,"column":21},"end":{"line":87,"column":47}},"26":{"start":{"line":88,"column":22},"end":{"line":88,"column":52}},"27":{"start":{"line":89,"column":31},"end":{"line":89,"column":82}},"28":{"start":{"line":90,"column":6},"end":{"line":93,"column":9}},"29":{"start":{"line":95,"column":6},"end":{"line":95,"column":16}},"30":{"start":{"line":100,"column":4},"end":{"line":110,"column":5}},"31":{"start":{"line":101,"column":21},"end":{"line":101,"column":47}},"32":{"start":{"line":102,"column":22},"end":{"line":102,"column":52}},"33":{"start":{"line":103,"column":31},"end":{"line":103,"column":84}},"34":{"start":{"line":104,"column":6},"end":{"line":107,"column":9}},"35":{"start":{"line":109,"column":6},"end":{"line":109,"column":16}},"36":{"start":{"line":114,"column":4},"end":{"line":123,"column":5}},"37":{"start":{"line":115,"column":22},"end":{"line":115,"column":52}},"38":{"start":{"line":116,"column":31},"end":{"line":116,"column":74}},"39":{"start":{"line":117,"column":6},"end":{"line":120,"column":9}},"40":{"start":{"line":122,"column":6},"end":{"line":122,"column":16}},"41":{"start":{"line":127,"column":4},"end":{"line":136,"column":5}},"42":{"start":{"line":128,"column":22},"end":{"line":128,"column":52}},"43":{"start":{"line":129,"column":31},"end":{"line":129,"column":70}},"44":{"start":{"line":130,"column":6},"end":{"line":133,"column":9}},"45":{"start":{"line":135,"column":6},"end":{"line":135,"column":16}},"46":{"start":{"line":140,"column":4},"end":{"line":174,"column":5}},"47":{"start":{"line":141,"column":22},"end":{"line":141,"column":52}},"48":{"start":{"line":143,"column":22},"end":{"line":150,"column":8}},"49":{"start":{"line":153,"column":54},"end":{"line":153,"column":56}},"50":{"start":{"line":154,"column":6},"end":{"line":158,"column":9}},"51":{"start":{"line":155,"column":8},"end":{"line":157,"column":9}},"52":{"start":{"line":156,"column":10},"end":{"line":156,"column":79}},"53":{"start":{"line":160,"column":31},"end":{"line":160,"column":104}},"54":{"start":{"line":162,"column":6},"end":{"line":171,"column":9}},"55":{"start":{"line":163,"column":30},"end":{"line":169,"column":10}},"56":{"start":{"line":173,"column":6},"end":{"line":173,"column":16}},"57":{"start":{"line":178,"column":4},"end":{"line":184,"column":5}},"58":{"start":{"line":179,"column":17},"end":{"line":179,"column":54}},"59":{"start":{"line":180,"column":21},"end":{"line":180,"column":56}},"60":{"start":{"line":181,"column":6},"end":{"line":181,"column":33}},"61":{"start":{"line":183,"column":6},"end":{"line":183,"column":16}},"62":{"start":{"line":188,"column":4},"end":{"line":194,"column":5}},"63":{"start":{"line":189,"column":17},"end":{"line":189,"column":54}},"64":{"start":{"line":190,"column":21},"end":{"line":190,"column":60}},"65":{"start":{"line":191,"column":6},"end":{"line":191,"column":33}},"66":{"start":{"line":193,"column":6},"end":{"line":193,"column":16}},"67":{"start":{"line":203,"column":4},"end":{"line":205,"column":5}},"68":{"start":{"line":204,"column":6},"end":{"line":204,"column":64}},"69":{"start":{"line":207,"column":4},"end":{"line":209,"column":5}},"70":{"start":{"line":208,"column":6},"end":{"line":208,"column":69}},"71":{"start":{"line":211,"column":30},"end":{"line":211,"column":32}},"72":{"start":{"line":212,"column":53},"end":{"line":212,"column":55}},"73":{"start":{"line":214,"column":4},"end":{"line":221,"column":5}},"74":{"start":{"line":215,"column":6},"end":{"line":220,"column":7}},"75":{"start":{"line":216,"column":8},"end":{"line":216,"column":27}},"76":{"start":{"line":217,"column":8},"end":{"line":217,"column":25}},"77":{"start":{"line":219,"column":8},"end":{"line":219,"column":68}},"78":{"start":{"line":223,"column":4},"end":{"line":227,"column":6}},"79":{"start":{"line":231,"column":4},"end":{"line":242,"column":32}},"80":{"start":{"line":232,"column":34},"end":{"line":232,"column":42}},"81":{"start":{"line":233,"column":22},"end":{"line":233,"column":34}},"82":{"start":{"line":234,"column":17},"end":{"line":234,"column":36}},"83":{"start":{"line":236,"column":6},"end":{"line":236,"column":72}},"84":{"start":{"line":236,"column":31},"end":{"line":236,"column":72}},"85":{"start":{"line":238,"column":22},"end":{"line":239,"column":null}},"86":{"start":{"line":239,"column":8},"end":{"line":239,"column":47}},"87":{"start":{"line":241,"column":6},"end":{"line":241,"column":24}},"88":{"start":{"line":242,"column":20},"end":{"line":242,"column":30}},"89":{"start":{"line":246,"column":4},"end":{"line":263,"column":32}},"90":{"start":{"line":247,"column":39},"end":{"line":247,"column":47}},"91":{"start":{"line":248,"column":22},"end":{"line":248,"column":34}},"92":{"start":{"line":249,"column":17},"end":{"line":249,"column":36}},"93":{"start":{"line":251,"column":19},"end":{"line":251,"column":80}},"94":{"start":{"line":253,"column":22},"end":{"line":260,"column":null}},"95":{"start":{"line":254,"column":8},"end":{"line":260,"column":17}},"96":{"start":{"line":262,"column":6},"end":{"line":262,"column":24}},"97":{"start":{"line":263,"column":20},"end":{"line":263,"column":30}},"98":{"start":{"line":267,"column":4},"end":{"line":284,"column":32}},"99":{"start":{"line":268,"column":35},"end":{"line":268,"column":43}},"100":{"start":{"line":269,"column":22},"end":{"line":269,"column":34}},"101":{"start":{"line":270,"column":17},"end":{"line":270,"column":36}},"102":{"start":{"line":272,"column":19},"end":{"line":272,"column":78}},"103":{"start":{"line":274,"column":22},"end":{"line":281,"column":null}},"104":{"start":{"line":275,"column":8},"end":{"line":281,"column":17}},"105":{"start":{"line":283,"column":6},"end":{"line":283,"column":24}},"106":{"start":{"line":284,"column":20},"end":{"line":284,"column":30}},"107":{"start":{"line":288,"column":4},"end":{"line":303,"column":32}},"108":{"start":{"line":289,"column":39},"end":{"line":289,"column":47}},"109":{"start":{"line":290,"column":22},"end":{"line":290,"column":34}},"110":{"start":{"line":291,"column":17},"end":{"line":291,"column":36}},"111":{"start":{"line":293,"column":22},"end":{"line":300,"column":null}
[...]
,"C:\\finalproject\\disasteraid-v2\\backend\\src\\modules\\withdrawals\\withdrawals.schema.ts": {"path":"C:\\finalproject\\disasteraid-v2\\backend\\src\\modules\\withdrawals\\withdrawals.schema.ts","statementMap":{"0":{"start":{"line":1,"column":0},"end":{"line":1,"column":24}},"1":{"start":{"line":3,"column":13},"end":{"line":6,"column":3}},"2":{"start":{"line":8,"column":13},"end":{"line":10,"column":3}}},"fnMap":{},"branchMap":{},"s":{"0":1,"1":1,"2":1},"f":{},"b":{}}
,"C:\\finalproject\\disasteraid-v2\\backend\\src\\modules\\withdrawals\\withdrawals.service.ts": {"path":"C:\\finalproject\\disasteraid-v2\\backend\\src\\modules\\withdrawals\\withdrawals.service.ts","statementMap":{"0":{"start":{"line":1,"column":0},"end":{"line":1,"column":48}},"1":{"start":{"line":2,"column":0},"end":{"line":2,"column":63}},"2":{"start":{"line":7,"column":19},"end":{"line":7,"column":39}},"3":{"start":{"line":8,"column":4},"end":{"line":40,"column":5}},"4":{"start":{"line":9,"column":6},"end":{"line":9,"column":34}},"5":{"start":{"line":12,"column":28},"end":{"line":14,"column":null}},"6":{"start":{"line":17,"column":6},"end":{"line":19,"column":7}},"7":{"start":{"line":18,"column":8},"end":{"line":18,"column":56}},"8":{"start":{"line":21,"column":22},"end":{"line":21,"column":70}},"9":{"start":{"line":22,"column":6},"end":{"line":24,"column":7}},"10":{"start":{"line":23,"column":8},"end":{"line":23,"column":62}},"11":{"start":{"line":26,"column":21},"end":{"line":30,"column":null}},"12":{"start":{"line":33,"column":6},"end":{"line":33,"column":35}},"13":{"start":{"line":34,"column":6},"end":{"line":34,"column":28}},"14":{"start":{"line":36,"column":6},"end":{"line":36,"column":37}},"15":{"start":{"line":37,"column":6},"end":{"line":37,"column":16}},"16":{"start":{"line":39,"column":6},"end":{"line":39,"column":23}},"17":{"start":{"line":44,"column":19},"end":{"line":44,"column":39}},"18":{"start":{"line":45,"column":4},"end":{"line":102,"column":5}},"19":{"start":{"line":46,"column":6},"end":{"line":46,"column":34}},"20":{"start":{"line":48,"column":31},"end":{"line":50,"column":null}},"21":{"start":{"line":53,"column":6},"end":{"line":55,"column":7}},"22":{"start":{"line":54,"column":8},"end":{"line":54,"column":55}},"23":{"start":{"line":57,"column":25},"end":{"line":57,"column":49}},"24":{"start":{"line":58,"column":6},"end":{"line":60,"column":7}},"25":{"start":{"line":59,"column":8},"end":{"line":59,"column":74}},"26":{"start":{"line":63,"column":28},"end":{"line":65,"column":null}},"27":{"start":{"line":68,"column":22},"end":{"line":68,"column":70}},"28":{"start":{"line":69,"column":6},"end":{"line":71,"column":7}},"29":{"start":{"line":70,"column":8},"end":{"line":70,"column":79}},"30":{"start":{"line":73,"column":6},"end":{"line":76,"column":8}},"31":{"start":{"line":78,"column":6},"end":{"line":81,"column":8}},"32":{"start":{"line":83,"column":6},"end":{"line":87,"column":8}},"33":{"start":{"line":89,"column":6},"end":{"line":93,"column":8}},"34":{"start":{"line":95,"column":6},"end":{"line":95,"column":35}},"35":{"start":{"line":96,"column":6},"end":{"line":96,"column":73}},"36":{"start":{"line":98,"column":6},"end":{"line":98,"column":37}},"37":{"start":{"line":99,"column":6},"end":{"line":99,"column":16}},"38":{"start":{"line":101,"column":6},"end":{"line":101,"column":23}},"39":{"start":{"line":106,"column":19},"end":{"line":106,"column":39}},"40":{"start":{"line":107,"column":4},"end":{"line":142,"column":5}},"41":{"start":{"line":108,"column":6},"end":{"line":108,"column":34}},"42":{"start":{"line":110,"column":31},"end":{"line":112,"column":null}},"43":{"start":{"line":115,"column":6},"end":{"line":117,"column":7}},"44":{"start":{"line":116,"column":8},"end":{"line":116,"column":55}},"45":{"start":{"line":119,"column":25},"end":{"line":119,"column":49}},"46":{"start":{"line":120,"column":6},"end":{"line":122,"column":7}},"47":{"start":{"line":121,"column":8},"end":{"line":121,"column":74}},"48":{"start":{"line":124,"column":6},"end":{"line":127,"column":8}},"49":{"start":{"line":129,"column":6},"end":{"line":133,"column":8}},"50":{"start":{"line":135,"column":6},"end":{"line":135,"column":35}},"51":{"start":{"line":136,"column":6},"end":{"line":136,"column":73}},"52":{"start":{"line":138,"column":6},"end":{"line":138,"column":37}},"53":{"start":{"line":139,"column":6},"end":{"line":139,"column":16}},"54":{"start":{"line":141,"column":6},"end":{"line":141,"column":23}},"55":{"start":{"line":146,"column":19},"end":{"line":148,"column":null}},"56":{"start":{"line":150,"column":4},"end":{"line":150,"column":23}},"57":{"start":{"line":5,"column":0},"end":{"line":5,"column":13}},"58":{"start":{"line":154,"column":13},"end":{"line":154,"column":59}}},"fnMap":{"0":{"name":"(anonymous_0)","decl":{"start":{"line":6,"column":2},"end":{"line":6,"column":7}},"loc":{"start":{"line":6,"column":72},"end":{"line":41,"column":3}}},"1":{"name":"(anonymous_1)","decl":{"start":{"line":43,"column":2},"end":{"line":43,"column":7}},"loc":{"start":{"line":43,"column":76},"end":{"line":103,"column":3}}},"2":{"name":"(anonymous_2)","decl":{"start":{"line":105,"column":2},"end":{"line":105,"column":7}},"loc":{"start":{"line":105,"column":75},"end":{"line":143,"column":3}}},"3":{"name":"(anonymous_3)","decl":{"start":{"line":145,"column":2},"end":{"line":145,"column":7}},"loc":{"start":{"line":145,"column":45},"end":{"line":151,"column":3}}}},"branchMap":{"0":{"loc":{"start":{"line":17,"column":6},"end":{"line":19,"column":7}},"type":"if","locations":[{"start":{"line":17,"column":6},"end":{"line":19,"column":7}}]},"1":{"loc":{"start":{"line":22,"column":6},"end":{"line":24,"column":7}},"type":"if","locations":[{"start":{"line":22,"column":6},"end":{"line":24,"column":7}}]},"2":{"loc":{"start":{"line":53,"column":6},"end":{"line":55,"column":7}},"type":"if","locations":[{"start":{"line":53,"column":6},"end":{"line":55,"column":7}}]},"3":{"loc":{"start":{"line":58,"column":6},"end":{"line":60,"column":7}},"type":"if","locations":[{"start":{"line":58,"column":6},"end":{"line":60,"column":7}}]},"4":{"loc":{"start":{"line":69,"column":6},"end":{"line":71,"column":7}},"type":"if","locations":[{"start":{"line":69,"column":6},"end":{"line":71,"column":7}}]},"5":{"loc":{"start":{"line":92,"column":116},"end":{"line":92,"column":126}},"type":"binary-expr","locations":[{"start":{"line":92,"column":116},"end":{"line":92,"column":118}},{"start":{"line":92,"column":122},"end":{"line":92,"column":126}}]},"6":{"loc":{"start":{"line":115,"column":6},"end":{"line":117,"column":7}},"type":"if","locations":[{"start":{"line":115,"column":6},"end":{"line":117,"column":7}}]},"7":{"loc":{"start":{"line":120,"column":6},"end":{"line":122,"column":7}},"type":"if","locations":[{"start":{"line":120,"column":6},"end":{"line":122,"column":7}}]},"8":{"loc":{"start":{"line":132,"column":116},"end":{"line":132,"column":126}},"type":"binary-expr","locations":[{"start":{"line":132,"column":116},"end":{"line":132,"column":118}},{"start":{"line":132,"column":122},"end":{"line":132,"column":126}}]}},"s":{"0":1,"1":1,"2":0,"3":0,"4":0,"5":0,"6":0,"7":0,"8":0,"9":0,"10":0,"11":0,"12":0,"13":0,"14":0,"15":0,"16":0,"17":0,"18":0,"19":0,"20":0,"21":0,"22":0,"23":0,"24":0,"25":0,"26":0,"27":0,"28":0,"29":0,"30":0,"31":0,"32":0,"33":0,"34":0,"35":0,"36":0,"37":0,"38":0,"39":0,"40":0,"41":0,"42":0,"43":0,"44":0,"45":0,"46":0,"47":0,"48":0,"49":0,"50":0,"51":0,"52":0,"53":0,"54":0,"55":0,"56":0,"57":1,"58":1},"f":{"0":0,"1":0,"2":0,"3":0},"b":{"0":[0],"1":[0],"2":[0],"3":[0],"4":[0],"5":[0,0],"6":[0],"7":[0],"8":[0,0]}}
,"C:\\finalproject\\disasteraid-v2\\backend\\src\\system\\state\\system.state.service.ts": {"path":"C:\\finalproject\\disasteraid-v2\\backend\\src\\system\\state\\system.state.service.ts","statementMap":{"0":{"start":{"line":1,"column":0},"end":{"line":1,"column":48}},"1":{"start":{"line":2,"column":0},"end":{"line":2,"column":120}},"2":{"start":{"line":3,"column":0},"end":{"line":3,"column":59}},"3":{"start":{"line":7,"column":4},"end":{"line":7,"column":39}},"4":{"start":{"line":11,"column":19},"end":{"line":11,"column":55}},"5":{"start":{"line":12,"column":4},"end":{"line":12,"column":38}},"6":{"start":{"line":12,"column":26},"end":{"line":12,"column":38}},"7":{"start":{"line":13,"column":4},"end":{"line":13,"column":35}},"8":{"start":{"line":17,"column":4},"end":{"line":17,"column":54}},"9":{"start":{"line":21,"column":19},"end":{"line":21,"column":55}},"10":{"start":{"line":22,"column":4},"end":{"line":22,"column":39}},"11":{"start":{"line":22,"column":26},"end":{"line":22,"column":39}},"12":{"start":{"line":23,"column":4},"end":{"line":23,"column":30}},"13":{"start":{"line":31,"column":21},"end":{"line":31,"column":43}},"14":{"start":{"line":33,"column":4},"end":{"line":33,"column":68}},"15":{"start":{"line":35,"column":4},"end":{"line":35,"column":78}},"16":{"start":{"line":36,"column":4},"end":{"line":36,"column":65}},"17":{"start":{"line":45,"column":4},"end":{"line":62,"column":5}},"18":{"start":{"line":46,"column":6},"end":{"line":59,"column":8}},"19":{"start":{"line":66,"column":13},"end":{"line":66,"column":59}}},"fnMap":{"0":{"name":"(anonymous_0)","decl":{"start":{"line":6,"column":2},"end":{"line":6,"column":17}},"loc":{"start":{"line":6,"column":17},"end":{"line":8,"column":3}}},"1":{"name":"(anonymous_1)","decl":{"start":{"line":10,"column":2},"end":{"line":10,"column":11}},"loc":{"start":{"line":10,"column":41},"end":{"line":14,"column":3}}},"2":{"name":"(anonymous_2)","decl":{"start":{"line":16,"column":2},"end":{"line":16,"column":22}},"loc":{"start":{"line":16,"column":22},"end":{"line":18,"column":3}}},"3":{"name":"(anonymous_3)","decl":{"start":{"line":20,"column":2},"end":{"line":20,"column":19}},"loc":{"start":{"line":20,"column":19},"end":{"line":24,"column":3}}},"4":{"name":"(anonymous_4)","decl":{"start":{"line":26,"column":2},"end":{"line":26,"column":7}},"loc":{"start":{"line":29,"column":19},"end":{"line":37,"column":3}}},"5":{"name":"(anonymous_5)","decl":{"start":{"line":39,"column":10},"end":{"line":39,"column":15}},"loc":{"start":{"line":43,"column":19},"end":{"line":63,"column":3}}}},"branchMap":{"0":{"loc":{"start":{"line":12,"column":4},"end":{"line":12,"column":38}},"type":"if","locations":[{"start":{"line":12,"column":4},"end":{"line":12,"column":38}}]},"1":{"loc":{"start":{"line":22,"column":4},"end":{"line":22,"column":39}},"type":"if","locations":[{"start":{"line":22,"column":4},"end":{"line":22,"column":39}}]},"2":{"loc":{"start":{"line":55,"column":20},"end":{"line":55,"column":34}},"type":"binary-expr","locations":[{"start":{"line":55,"column":20},"end":{"line":55,"column":26}},{"start":{"line":55,"column":30},"end":{"line":55,"column":34}}]}},"s":{"0":1,"1":1,"2":1,"3":0,"4":0,"5":0,"6":0,"7":0,"8":0,"9":0,"10":0,"11":0,"12":0,"13":0,"14":0,"15":0,"16":0,"17":0,"18":0,"19":1},"f":{"0":0,"1":0,"2":0,"3":0,"4":0,"5":0},"b":{"0":[0],"1":[0],"2":[0,0]}}
,"C:\\finalproject\\disasteraid-v2\\backend\\src\\system\\state\\system.state.store.ts": {"path":"C:\\finalproject\\disasteraid-v2\\backend\\src\\system\\state\\system.state.store.ts","statementMap":{"0":{"start":{"line":1,"column":0},"end":{"line":1,"column":48}},"1":{"start":{"line":14,"column":36},"end":{"line":14,"column":88}},"2":{"start":{"line":17,"column":33},"end":{"line":17,"column":41}},"3":{"start":{"line":18,"column":41},"end":{"line":18,"column":45}},"4":{"start":{"line":19,"column":43},"end":{"line":19,"column":47}},"5":{"start":{"line":20,"column":49},"end":{"line":20,"column":58}},"6":{"start":{"line":27,"column":4},"end":{"line":27,"column":29}},"7":{"start":{"line":29,"column":4},"end":{"line":69,"column":5}},"8":{"start":{"line":30,"column":21},"end":{"line":31,"column":null}},"9":{"start":{"line":34,"column":6},"end":{"line":40,"column":7}},"10":{"start":{"line":35,"column":8},"end":{"line":35,"column":37}},"11":{"start":{"line":36,"column":8},"end":{"line":36,"column":43}},"12":{"start":{"line":37,"column":8},"end":{"line":37,"column":35}},"13":{"start":{"line":38,"column":8},"end":{"line":38,"column":86}},"14":{"start":{"line":39,"column":8},"end":{"line":39,"column":15}},"15":{"start":{"line":42,"column":21},"end":{"line":42,"column":41}},"16":{"start":{"line":44,"column":6},"end":{"line":50,"column":7}},"17":{"start":{"line":45,"column":8},"end":{"line":45,"column":41}},"18":{"start":{"line":46,"column":8},"end":{"line":46,"column":44}},"19":{"start":{"line":47,"column":8},"end":{"line":47,"column":82}},"20":{"start":{"line":48,"column":8},"end":{"line":48,"column":37}},"21":{"start":{"line":49,"column":8},"end":{"line":49,"column":15}},"22":{"start":{"line":52,"column":6},"end":{"line":52,"column":34}},"23":{"start":{"line":53,"column":6},"end":{"line":53,"column":53}},"24":{"start":{"line":54,"column":6},"end":{"line":54,"column":42}},"25":{"start":{"line":55,"column":6},"end":{"line":55,"column":33}},"26":{"start":{"line":57,"column":6},"end":{"line":60,"column":8}},"27":{"start":{"line":62,"column":6},"end":{"line":64,"column":7}},"28":{"start":{"line":63,"column":8},"end":{"line":63,"column":85}},"29":{"start":{"line":66,"column":6},"end":{"line":66,"column":39}},"30":{"start":{"line":67,"column":6},"end":{"line":67,"column":41}},"31":{"start":{"line":68,"column":6},"end":{"line":68,"column":96}},"32":{"start":{"line":73,"column":4},"end":{"line":83,"column":5}},"33":{"start":{"line":74,"column":6},"end":{"line":80,"column":9}},"34":{"start":{"line":82,"column":6},"end":{"line":82,"column":79}},"35":{"start":{"line":87,"column":4},"end":{"line":87,"column":24}},"36":{"start":{"line":91,"column":4},"end":{"line":91,"column":30}},"37":{"start":{"line":95,"column":4},"end":{"line":95,"column":31}},"38":{"start":{"line":99,"column":4},"end":{"line":99,"column":34}},"39":{"start":{"line":107,"column":4},"end":{"line":107,"column":52}},"40":{"start":{"line":110,"column":4},"end":{"line":117,"column":5}},"41":{"start":{"line":111,"column":6},"end":{"line":114,"column":8}},"42":{"start":{"line":116,"column":6},"end":{"line":116,"column":80}},"43":{"start":{"line":120,"column":4},"end":{"line":120,"column":28}},"44":{"start":{"line":121,"column":4},"end":{"line":121,"column":50}},"45":{"start":{"line":122,"column":4},"end":{"line":122,"column":40}},"46":{"start":{"line":123,"column":4},"end":{"line":123,"column":31}},"47":{"start":{"line":127,"column":36},"end":{"line":132,"column":6}},"48":{"start":{"line":134,"column":4},"end":{"line":141,"column":6}},"49":{"start":{"line":149,"column":4},"end":{"line":165,"column":5}},"50":{"start":{"line":150,"column":6},"end":{"line":162,"column":8}},"51":{"start":{"line":169,"column":13},"end":{"line":169,"column":55}}},"fnMap":{"0":{"name":"(anonymous_0)","decl":{"start":{"line":26,"column":2},"end":{"line":26,"column":7}},"loc":{"start":{"line":26,"column":12},"end":{"line":70,"column":3}}},"1":{"name":"(anonymous_1)","decl":{"start":{"line":72,"column":10},"end":{"line":72,"column":15}},"loc":{"start":{"line":72,"column":27},"end":{"line":84,"column":3}}},"2":{"name":"(anonymous_2)","decl":{"start":{"line":86,"column":2},"end":{"line":86,"column":10}},"loc":{"start":{"line":86,"column":10},"end":{"line":88,"column":3}}},"3":{"name":"(anonymous_3)","decl":{"start":{"line":90,"column":2},"end":{"line":90,"column":18}},"loc":{"start":{"line":90,"column":18},"end":{"line":92,"column":3}}},"4":{"name":"(anonymous_4)","decl":{"start":{"line":94,"column":2},"end":{"line":94,"column":19}},"loc":{"start":{"line":94,"column":19},"end":{"line":96,"column":3}}},"5":{"name":"(anonymous_5)","decl":{"start":{"line":98,"column":2},"end":{"line":98,"column":22}},"loc":{"start":{"line":98,"column":22},"end":{"line":100,"column":3}}},"6":{"name":"(anonymous_6)","decl":{"start":{"line":106,"column":2},"end":{"line":106,"column":7}},"loc":{"start":{"line":106,"column":75},"end":{"line":124,"column":3}}},"7":{"name":"(anonymous_7)","decl":{"start":{"line":126,"column":10},"end":{"line":126,"column":15}},"loc":{"start":{"line":126,"column":79},"end":{"line":142,"column":3}}},"8":{"name":"(anonymous_8)","decl":{"start":{"line":144,"column":10},"end":{"line":144,"column":15}},"loc":{"start":{"line":147,"column":19},"end":{"line":166,"column":3}}}},"branchMap":{"0":{"loc":{"start":{"line":34,"column":6},"end":{"line":40,"column":7}},"type":"if","locations":[{"start":{"line":34,"column":6},"end":{"line":40,"column":7}}]},"1":{"loc":{"start":{"line":44,"column":6},"end":{"line":50,"column":7}},"type":"if","locations":[{"start":{"line":44,"column":6},"end":{"line":50,"column":7}}]},"2":{"loc":{"start":{"line":44,"column":10},"end":{"line":44,"column":57}},"type":"binary-expr","locations":[{"start":{"line":44,"column":10},"end":{"line":44,"column":17}},{"start":{"line":44,"column":21},"end":{"line":44,"column":57}}]},"3":{"loc":{"start":{"line":53,"column":27},"end":{"line":53,"column":52}},"type":"binary-expr","locations":[{"start":{"line":53,"column":27},"end":{"line":53,"column":44}},{"start":{"line":53,"column":48},"end":{"line":53,"column":52}}]},"4":{"loc":{"start":{"line":59,"column":11},"end":{"line":59,"column":74}},"type":"cond-expr","locations":[{"start":{"line":59,"column":32},"end":{"line":59,"column":69}},{"start":{"line":59,"column":72},"end":{"line":59,"column":74}}]},"5":{"loc":{"start":{"line":62,"column":6},"end":{"line":64,"column":7}},"type":"if","locations":[{"start":{"line":62,"column":6},"end":{"line":64,"column":7}}]},"6":{"loc":{"start":{"line":62,"column":10},"end":{"line":62,"column":56}},"type":"binary-expr","locations":[{"start":{"line":62,"column":10},"end":{"line":62,"column":35}},{"start":{"line":62,"column":39},"end":{"line":62,"column":56}}]},"7":{"loc":{"start":{"line":130,"column":10},"end":{"line":130,"column":62}},"type":"binary-expr","locations":[{"start":{"line":130,"column":10},"end":{"line":130,"column":33}},{"start":{"line":130,"column":37},"end":{"line":130,"column":62}}]},"8":{"loc":{"start":{"line":131,"column":10},"end":{"line":131,"column":44}},"type":"binary-expr","locations":[{"start":{"line":131,"column":10},"end":{"line":131,"column":30}},{"start":{"line":131,"column":34},"end":{"line":131,"column":44}}]},"9":{"loc":{"start":{"line":158,"column":20},"end":{"line":158,"column":34}},"type":"binary-expr","locations":[{"start":{"line":158,"column":20},"end":{"line":158,"column":26}},{"start":{"line":158,"column":30},"end":{"line":158,"column":34}}]}},"s":{"0":1,"1":1,"2":1,"3":1,"4":1,"5":1,"6":0,"7":0,"8":0,"9":0,"10":0,"11":0,"12":0,"13":0,"14":0,"15":0,"16":0,"17":0,"18":0,"19":0,"20":0,"21":0,"22":0,"23":0,"24":0,"25":0,"26":0,"27":0,"28":0,"29":0,"30":0,"31":0,"32":0,"33":0,"34":0,"35":0,"36":0,"37":0,"38":0,"39":0,"40":0,"41":0,"42":0,"43":0,"44":0,"45":0,"46":0,"47":0,"48":0,"49":0,"50":0,"51":1},"f":{"0":0,"1":0,"2":0,"3":0,"4":0,"5":0,"6":0,"7":0,"8":0},"b":{"0":[0],"1":[0],"2":[0,0],"3":[0,0],"4":[0,0],"5":[0],"6":[0,0],"7":[0,0],"8":[0,0],"9":[0,0]}}
,"C:\\finalproject\\disasteraid-v2\\backend\\src\\system\\state\\system.state.ts": {"path":"C:\\finalproject\\disasteraid-v2\\backend\\src\\system\\state\\system.state.ts","statementMap":{"0":{"start":{"line":31,"column":13},"end":{"line":47,"column":2}},"1":{"start":{"line":49,"column":13},"end":{"line":54,"column":2}},"2":{"start":{"line":56,"column":13},"end":{"line":61,"column":2}}},"fnMap":{},"branchMap":{},"s":{"0":1,"1":1,"2":1},"f":{},"b":{}}
}
