TN:
SF:src\server.ts
FN:45,(anonymous_1)
FN:52,(anonymous_2)
FN:81,(anonymous_3)
FN:110,(anonymous_4)
FN:120,(anonymous_5)
FN:128,(anonymous_6)
FN:131,(anonymous_7)
FN:139,(anonymous_8)
FN:145,(anonymous_9)
FN:146,(anonymous_10)
FNF:10
FNH:2
FNDA:6,(anonymous_1)
FNDA:0,(anonymous_2)
FNDA:0,(anonymous_3)
FNDA:0,(anonymous_4)
FNDA:6,(anonymous_5)
FNDA:0,(anonymous_6)
FNDA:0,(anonymous_7)
FNDA:0,(anonymous_8)
FNDA:0,(anonymous_9)
FNDA:0,(anonymous_10)
DA:1,1
DA:2,1
DA:3,1
DA:4,1
DA:5,1
DA:7,1
DA:8,1
DA:9,1
DA:10,1
DA:11,1
DA:12,1
DA:15,1
DA:16,1
DA:17,1
DA:18,1
DA:19,1
DA:20,1
DA:21,1
DA:22,1
DA:23,1
DA:24,1
DA:25,1
DA:26,1
DA:27,1
DA:28,1
DA:29,1
DA:30,1
DA:33,1
DA:34,1
DA:36,1
DA:39,1
DA:42,1
DA:45,6
DA:46,1
DA:48,1
DA:53,0
DA:54,0
DA:56,0
DA:57,0
DA:59,0
DA:60,0
DA:68,1
DA:71,1
DA:74,1
DA:77,1
DA:78,1
DA:81,1
DA:82,0
DA:83,0
DA:92,1
DA:93,1
DA:94,1
DA:95,1
DA:96,1
DA:97,1
DA:98,1
DA:99,1
DA:100,1
DA:101,1
DA:102,1
DA:103,1
DA:104,1
DA:105,1
DA:106,1
DA:107,1
DA:110,1
DA:111,0
DA:115,1
DA:118,1
DA:120,6
DA:125,1
DA:128,1
DA:129,0
DA:131,0
DA:132,0
DA:133,0
DA:134,0
DA:135,0
DA:139,0
DA:140,0
DA:141,0
DA:145,1
DA:146,1
DA:148,1
LF:84
LH:66
BRDA:49,0,0,1
BRDA:49,0,1,0
BRDA:53,1,0,0
BRDA:56,2,0,0
BRDA:83,3,0,0
BRDA:83,3,1,0
BRDA:84,4,0,0
BRDA:84,4,1,0
BRDA:87,5,0,0
BRDA:87,5,1,0
BRF:10
BRH:1
end_of_record
TN:
SF:src\admin\commands\admin.command.router.ts
FN:12,executeAdminCommand
FNF:1
FNH:0
FNDA:0,executeAdminCommand
DA:2,1
DA:3,1
DA:4,1
DA:5,1
DA:6,1
DA:7,1
DA:8,1
DA:9,1
DA:10,1
DA:12,1
DA:13,0
DA:14,0
DA:20,0
DA:21,0
DA:24,0
DA:27,0
DA:31,0
DA:35,0
DA:38,0
DA:41,0
DA:44,0
DA:47,0
LF:22
LH:10
BRDA:13,0,0,0
BRDA:20,1,0,0
BRDA:24,2,0,0
BRDA:24,2,1,0
BRDA:24,2,2,0
BRDA:24,2,3,0
BRDA:24,2,4,0
BRDA:24,2,5,0
BRDA:24,2,6,0
BRDA:24,2,7,0
BRDA:24,2,8,0
BRDA:24,2,9,0
BRF:12
BRH:0
end_of_record
TN:
SF:src\admin\commands\campaigns.command.ts
FN:5,handleCampaignCommand
FNF:1
FNH:0
FNDA:0,handleCampaignCommand
DA:2,1
DA:5,1
DA:6,0
LF:3
LH:2
BRF:0
BRH:0
end_of_record
TN:
SF:src\admin\commands\deliveries.command.ts
FN:5,writeAuditLog
FN:23,handleDeliveryCommand
FNF:2
FNH:0
FNDA:0,writeAuditLog
FNDA:0,handleDeliveryCommand
DA:1,1
DA:2,1
DA:12,0
DA:13,0
DA:23,1
DA:24,0
DA:34,0
DA:35,0
DA:36,0
DA:37,0
DA:39,0
DA:43,0
LF:12
LH:3
BRDA:16,0,0,0
BRDA:16,0,1,0
BRDA:34,1,0,0
BRDA:34,1,1,0
BRDA:34,2,0,0
BRDA:34,2,1,0
BRDA:36,3,0,0
BRDA:37,4,0,0
BRF:8
BRH:0
end_of_record
TN:
SF:src\admin\commands\donations.command.ts
FN:4,handleDonationCommand
FNF:1
FNH:0
FNDA:0,handleDonationCommand
DA:1,1
DA:4,1
DA:7,0
DA:8,0
DA:10,0
LF:5
LH:2
BRDA:7,0,0,0
BRF:1
BRH:0
end_of_record
TN:
SF:src\admin\commands\set-system-state.command.ts
FN:4,handleSetSystemStateCommand
FNF:1
FNH:0
FNDA:0,handleSetSystemStateCommand
DA:1,1
DA:4,1
DA:5,0
LF:3
LH:2
BRF:0
BRH:0
end_of_record
TN:
SF:src\admin\commands\tasks.command.ts
FN:5,handleTaskCommand
FNF:1
FNH:0
FNDA:0,handleTaskCommand
DA:2,1
DA:5,1
DA:6,0
LF:3
LH:2
BRF:0
BRH:0
end_of_record
TN:
SF:src\admin\commands\users.command.ts
FN:5,writeAuditLog
FN:23,handleUserCommand
FNF:2
FNH:0
FNDA:0,writeAuditLog
FNDA:0,handleUserCommand
DA:1,1
DA:2,1
DA:12,0
DA:13,0
DA:23,1
DA:26,0
DA:27,0
DA:28,0
DA:29,0
DA:31,0
DA:32,0
DA:33,0
LF:12
LH:3
BRDA:16,0,0,0
BRDA:16,0,1,0
BRDA:26,1,0,0
BRDA:28,2,0,0
BRDA:28,2,1,0
BRF:5
BRH:0
end_of_record
TN:
SF:src\admin\commands\withdrawals.command.ts
FN:4,handleWithdrawalCommand
FNF:1
FNH:0
FNDA:0,handleWithdrawalCommand
DA:1,1
DA:4,1
DA:7,0
DA:8,0
DA:10,0
LF:5
LH:2
BRDA:7,0,0,0
BRF:1
BRH:0
end_of_record
TN:
SF:src\common\logger.ts
FN:6,(anonymous_1)
FNF:1
FNH:1
FNDA:6,(anonymous_1)
DA:1,1
DA:2,1
DA:4,1
DA:6,1
DA:7,6
DA:8,6
DA:9,6
DA:10,6
DA:11,6
DA:12,6
DA:14,6
DA:17,1
LF:12
LH:12
BRDA:8,0,0,6
BRDA:9,1,0,0
BRDA:10,2,0,0
BRDA:11,3,0,6
BRDA:18,4,0,1
BRDA:18,4,1,0
BRDA:21,5,0,1
BRDA:21,5,1,0
BRF:8
BRH:4
end_of_record
TN:
SF:src\common\mappers\campaign.mapper.ts
FN:5,(anonymous_0)
FN:25,(anonymous_1)
FNF:2
FNH:0
FNDA:0,(anonymous_0)
FNDA:0,(anonymous_1)
DA:5,1
DA:6,0
DA:25,1
DA:26,0
LF:4
LH:2
BRDA:8,0,0,0
BRDA:8,0,1,0
BRDA:9,1,0,0
BRDA:9,1,1,0
BRDA:10,2,0,0
BRDA:10,2,1,0
BRDA:11,3,0,0
BRDA:11,3,1,0
BRDA:12,4,0,0
BRDA:12,4,1,0
BRDA:13,5,0,0
BRDA:13,5,1,0
BRDA:14,6,0,0
BRDA:14,6,1,0
BRDA:15,7,0,0
BRDA:15,7,1,0
BRDA:16,8,0,0
BRDA:16,8,1,0
BRDA:17,9,0,0
BRDA:17,9,1,0
BRDA:18,10,0,0
BRDA:18,10,1,0
BRDA:19,11,0,0
BRDA:19,11,1,0
BRDA:20,12,0,0
BRDA:20,12,1,0
BRDA:21,13,0,0
BRDA:21,13,1,0
BRF:28
BRH:0
end_of_record
TN:
SF:src\common\mappers\chat.mapper.ts
FN:4,(anonymous_0)
FN:18,(anonymous_1)
FN:29,(anonymous_2)
FN:36,(anonymous_3)
FNF:4
FNH:0
FNDA:0,(anonymous_0)
FNDA:0,(anonymous_1)
FNDA:0,(anonymous_2)
FNDA:0,(anonymous_3)
DA:4,1
DA:5,0
DA:18,1
DA:19,0
DA:29,1
DA:30,0
DA:36,1
DA:37,0
LF:8
LH:4
BRDA:8,0,0,0
BRDA:8,0,1,0
BRDA:9,1,0,0
BRDA:9,1,1,0
BRDA:10,2,0,0
BRDA:10,2,1,0
BRDA:11,3,0,0
BRDA:11,3,1,0
BRDA:12,4,0,0
BRDA:12,4,1,0
BRDA:13,5,0,0
BRDA:13,5,1,0
BRDA:14,6,0,0
BRDA:14,6,1,0
BRDA:23,7,0,0
BRDA:23,7,1,0
BRDA:24,8,0,0
BRDA:24,8,1,0
BRDA:25,9,0,0
BRDA:25,9,1,0
BRF:20
BRH:0
end_of_record
TN:
SF:src\common\mappers\delivery.mapper.ts
FN:4,(anonymous_0)
FN:19,(anonymous_1)
FNF:2
FNH:0
FNDA:0,(anonymous_0)
FNDA:0,(anonymous_1)
DA:4,1
DA:5,0
DA:19,1
DA:20,0
LF:4
LH:2
BRDA:9,0,0,0
BRDA:9,0,1,0
BRDA:10,1,0,0
BRDA:10,1,1,0
BRDA:11,2,0,0
BRDA:11,2,1,0
BRDA:12,3,0,0
BRDA:12,3,1,0
BRDA:13,4,0,0
BRDA:13,4,1,0
BRDA:14,5,0,0
BRDA:14,5,1,0
BRDA:15,6,0,0
BRDA:15,6,1,0
BRF:14
BRH:0
end_of_record
TN:
SF:src\common\mappers\donation.mapper.ts
FN:4,(anonymous_0)
FN:22,(anonymous_1)
FNF:2
FNH:0
FNDA:0,(anonymous_0)
FNDA:0,(anonymous_1)
DA:4,1
DA:5,0
DA:22,1
DA:23,0
LF:4
LH:2
BRDA:7,0,0,0
BRDA:7,0,1,0
BRDA:8,1,0,0
BRDA:8,1,1,0
BRDA:9,2,0,0
BRDA:9,2,1,0
BRDA:10,3,0,0
BRDA:10,3,1,0
BRDA:11,4,0,0
BRDA:11,4,1,0
BRDA:12,5,0,0
BRDA:12,5,1,0
BRDA:13,6,0,0
BRDA:13,6,1,0
BRDA:14,7,0,0
BRDA:14,7,1,0
BRDA:15,8,0,0
BRDA:15,8,1,0
BRDA:16,9,0,0
BRDA:16,9,1,0
BRDA:17,10,0,0
BRDA:17,10,1,0
BRDA:18,11,0,0
BRDA:18,11,1,0
BRF:24
BRH:0
end_of_record
TN:
SF:src\common\mappers\task.mapper.ts
FN:4,(anonymous_0)
FN:40,(anonymous_1)
FNF:2
FNH:0
FNDA:0,(anonymous_0)
FNDA:0,(anonymous_1)
DA:4,1
DA:5,0
DA:40,1
DA:41,0
LF:4
LH:2
BRDA:7,0,0,0
BRDA:7,0,1,0
BRDA:8,1,0,0
BRDA:8,1,1,0
BRDA:9,2,0,0
BRDA:9,2,1,0
BRDA:10,3,0,0
BRDA:10,3,1,0
BRDA:11,4,0,0
BRDA:11,4,1,0
BRDA:12,5,0,0
BRDA:12,5,1,0
BRDA:13,6,0,0
BRDA:13,6,1,0
BRDA:14,7,0,0
BRDA:14,7,1,0
BRDA:15,8,0,0
BRDA:15,8,1,0
BRDA:16,9,0,0
BRDA:16,9,1,0
BRDA:17,10,0,0
BRDA:17,10,1,0
BRDA:18,11,0,0
BRDA:18,11,1,0
BRDA:19,12,0,0
BRDA:19,12,1,0
BRDA:20,13,0,0
BRDA:20,13,1,0
BRDA:21,14,0,0
BRDA:21,14,1,0
BRDA:22,15,0,0
BRDA:22,15,1,0
BRDA:23,16,0,0
BRDA:23,16,1,0
BRDA:24,17,0,0
BRDA:24,17,1,0
BRDA:25,18,0,0
BRDA:25,18,1,0
BRDA:26,19,0,0
BRDA:26,19,1,0
BRDA:27,20,0,0
BRDA:27,20,1,0
BRDA:28,21,0,0
BRDA:28,21,1,0
BRDA:29,22,0,0
BRDA:29,22,1,0
BRDA:30,23,0,0
BRDA:30,23,1,0
BRDA:31,24,0,0
BRDA:31,24,1,0
BRDA:32,25,0,0
BRDA:32,25,1,0
BRDA:33,26,0,0
BRDA:33,26,1,0
BRDA:34,27,0,0
BRDA:34,27,1,0
BRDA:35,28,0,0
BRDA:35,28,1,0
BRDA:36,29,0,0
BRDA:36,29,1,0
BRF:60
BRH:0
end_of_record
TN:
SF:src\common\mappers\user.mapper.ts
FN:5,(anonymous_0)
FN:19,(anonymous_1)
FNF:2
FNH:0
FNDA:0,(anonymous_0)
FNDA:0,(anonymous_1)
DA:5,1
DA:6,0
DA:19,1
DA:20,0
LF:4
LH:2
BRDA:8,0,0,0
BRDA:8,0,1,0
BRDA:9,1,0,0
BRDA:9,1,1,0
BRDA:10,2,0,0
BRDA:10,2,1,0
BRDA:11,3,0,0
BRDA:11,3,1,0
BRDA:12,4,0,0
BRDA:12,4,1,0
BRDA:13,5,0,0
BRDA:13,5,1,0
BRDA:14,6,0,0
BRDA:14,6,1,0
BRDA:15,7,0,0
BRDA:15,7,1,0
BRF:16
BRH:0
end_of_record
TN:
SF:src\common\mappers\withdrawal.mapper.ts
FN:4,(anonymous_0)
FN:20,(anonymous_1)
FNF:2
FNH:0
FNDA:0,(anonymous_0)
FNDA:0,(anonymous_1)
DA:4,1
DA:5,0
DA:20,1
DA:21,0
LF:4
LH:2
BRDA:7,0,0,0
BRDA:7,0,1,0
BRDA:8,1,0,0
BRDA:8,1,1,0
BRDA:9,2,0,0
BRDA:9,2,1,0
BRDA:10,3,0,0
BRDA:10,3,1,0
BRDA:11,4,0,0
BRDA:11,4,1,0
BRDA:12,5,0,0
BRDA:12,5,1,0
BRDA:13,6,0,0
BRDA:13,6,1,0
BRDA:14,7,0,0
BRDA:14,7,1,0
BRDA:15,8,0,0
BRDA:15,8,1,0
BRDA:16,9,0,0
BRDA:16,9,1,0
BRF:20
BRH:0
end_of_record
TN:
SF:src\config\database.ts
FN:20,(anonymous_0)
FN:27,checkDatabaseHealth
FNF:2
FNH:0
FNDA:0,(anonymous_0)
FNDA:0,checkDatabaseHealth
DA:1,1
DA:2,1
DA:4,1
DA:16,1
DA:20,1
DA:21,0
DA:27,1
DA:31,0
DA:32,0
DA:33,0
DA:34,0
DA:36,0
DA:37,0
DA:39,0
LF:14
LH:6
BRF:0
BRH:0
end_of_record
TN:
SF:src\config\env.ts
FN:35,(anonymous_1)
FNF:1
FNH:1
FNDA:1,(anonymous_1)
DA:1,1
DA:2,1
DA:3,1
DA:5,1
DA:6,1
DA:7,1
DA:9,1
DA:35,1
DA:50,1
DA:52,1
DA:53,0
DA:54,0
DA:55,0
DA:58,1
LF:14
LH:11
BRDA:52,0,0,0
BRF:1
BRH:0
end_of_record
TN:
SF:src\middleware\auth.ts
FN:24,authenticate
FNF:1
FNH:1
FNDA:2,authenticate
DA:2,1
DA:3,1
DA:4,1
DA:24,1
DA:29,2
DA:30,2
DA:31,2
DA:32,2
DA:33,2
DA:36,0
DA:37,0
DA:38,0
DA:39,0
DA:42,0
DA:45,0
DA:53,0
DA:54,0
DA:55,0
DA:58,0
DA:59,0
DA:60,0
DA:61,0
DA:64,0
DA:65,0
DA:67,0
DA:68,0
DA:69,0
DA:71,0
DA:72,0
DA:73,0
DA:75,0
LF:31
LH:9
BRDA:31,0,0,2
BRDA:31,1,0,2
BRDA:31,1,1,0
BRDA:37,2,0,0
BRDA:53,3,0,0
BRDA:59,4,0,0
BRDA:67,5,0,0
BRDA:71,6,0,0
BRF:8
BRH:2
end_of_record
TN:
SF:src\middleware\authorize.ts
FN:8,authorize
FN:9,(anonymous_1)
FNF:2
FNH:1
FNDA:47,authorize
FNDA:0,(anonymous_1)
DA:8,1
DA:9,47
DA:10,0
DA:11,0
DA:12,0
DA:15,0
DA:16,0
DA:21,0
DA:24,0
LF:9
LH:2
BRDA:10,0,0,0
BRDA:15,1,0,0
BRF:2
BRH:0
end_of_record
TN:
SF:src\middleware\errorHandler.ts
FN:15,errorHandler
FN:48,createError
FNF:2
FNH:0
FNDA:0,errorHandler
FNDA:0,createError
DA:2,1
DA:3,1
DA:15,1
DA:23,0
DA:24,0
DA:25,0
DA:26,0
DA:28,0
DA:36,0
DA:48,1
DA:49,0
DA:50,0
DA:51,0
DA:52,0
LF:14
LH:4
BRDA:23,0,0,0
BRDA:23,0,1,0
BRDA:23,0,2,0
BRDA:28,1,0,0
BRDA:28,1,1,0
BRDA:33,2,0,0
BRDA:33,2,1,0
BRDA:37,3,0,0
BRDA:37,3,1,0
BRDA:37,4,0,0
BRDA:37,4,1,0
BRDA:41,5,0,0
BRDA:41,5,1,0
BRF:13
BRH:0
end_of_record
TN:
SF:src\middleware\rateLimiter.ts
FN:17,(anonymous_1)
FNF:1
FNH:1
FNDA:3,(anonymous_1)
DA:1,1
DA:2,1
DA:8,1
DA:18,3
LF:4
LH:4
BRDA:18,0,0,3
BRDA:18,0,1,0
BRDA:18,0,2,0
BRF:3
BRH:1
end_of_record
TN:
SF:src\middleware\requestLogger.ts
FN:6,(anonymous_0)
FN:22,(anonymous_1)
FNF:2
FNH:2
FNDA:3,(anonymous_0)
FNDA:3,(anonymous_1)
DA:2,1
DA:3,1
DA:6,1
DA:7,3
DA:8,3
DA:9,3
DA:11,3
DA:12,3
DA:13,3
DA:15,3
DA:22,3
DA:23,3
DA:24,3
DA:26,3
DA:36,3
LF:15
LH:15
BRF:0
BRH:0
end_of_record
TN:
SF:src\middleware\validate.ts
FN:8,validate
FN:13,(anonymous_1)
FN:29,(anonymous_2)
FNF:3
FNH:3
FNDA:39,validate
FNDA:1,(anonymous_1)
FNDA:1,(anonymous_2)
DA:2,1
DA:8,1
DA:13,39
DA:14,1
DA:15,1
DA:16,1
DA:18,0
DA:19,0
DA:21,0
DA:22,0
DA:24,0
DA:26,1
DA:27,1
DA:29,1
DA:34,1
DA:36,0
LF:16
LH:10
BRDA:15,0,0,1
BRDA:18,1,0,0
BRDA:21,2,0,0
BRDA:26,3,0,1
BRF:4
BRH:2
end_of_record
TN:
SF:src\modules\admin\admin.controller.ts
FN:12,(anonymous_0)
FN:21,(anonymous_1)
FN:37,(anonymous_2)
FN:53,(anonymous_3)
FN:67,(anonymous_4)
FN:85,(anonymous_5)
FN:99,(anonymous_6)
FN:113,(anonymous_7)
FN:126,(anonymous_8)
FN:139,(anonymous_9)
FN:154,(anonymous_10)
FN:163,(anonymous_11)
FN:177,(anonymous_12)
FN:187,(anonymous_13)
FN:199,(anonymous_14)
FN:230,(anonymous_15)
FN:238,(anonymous_16)
FN:245,(anonymous_17)
FN:253,(anonymous_18)
FN:266,(anonymous_19)
FN:274,(anonymous_20)
FN:287,(anonymous_21)
FN:293,(anonymous_22)
FN:308,(anonymous_23)
FN:317,(anonymous_24)
FN:329,(anonymous_25)
FN:344,(anonymous_26)
FN:357,(anonymous_27)
FN:370,(anonymous_28)
FN:375,(anonymous_29)
FN:381,(anonymous_30)
FN:387,(anonymous_31)
FNF:32
FNH:0
FNDA:0,(anonymous_0)
FNDA:0,(anonymous_1)
FNDA:0,(anonymous_2)
FNDA:0,(anonymous_3)
FNDA:0,(anonymous_4)
FNDA:0,(anonymous_5)
FNDA:0,(anonymous_6)
FNDA:0,(anonymous_7)
FNDA:0,(anonymous_8)
FNDA:0,(anonymous_9)
FNDA:0,(anonymous_10)
FNDA:0,(anonymous_11)
FNDA:0,(anonymous_12)
FNDA:0,(anonymous_13)
FNDA:0,(anonymous_14)
FNDA:0,(anonymous_15)
FNDA:0,(anonymous_16)
FNDA:0,(anonymous_17)
FNDA:0,(anonymous_18)
FNDA:0,(anonymous_19)
FNDA:0,(anonymous_20)
FNDA:0,(anonymous_21)
FNDA:0,(anonymous_22)
FNDA:0,(anonymous_23)
FNDA:0,(anonymous_24)
FNDA:0,(anonymous_25)
FNDA:0,(anonymous_26)
FNDA:0,(anonymous_27)
FNDA:0,(anonymous_28)
FNDA:0,(anonymous_29)
FNDA:0,(anonymous_30)
FNDA:0,(anonymous_31)
DA:3,1
DA:4,1
DA:5,1
DA:6,1
DA:7,1
DA:8,1
DA:9,1
DA:11,1
DA:13,0
DA:22,0
DA:23,0
DA:24,0
DA:33,0
DA:38,0
DA:39,0
DA:40,0
DA:49,0
DA:54,0
DA:55,0
DA:56,0
DA:63,0
DA:68,0
DA:69,0
DA:70,0
DA:81,0
DA:86,0
DA:87,0
DA:88,0
DA:89,0
DA:90,0
DA:95,0
DA:100,0
DA:101,0
DA:102,0
DA:103,0
DA:104,0
DA:109,0
DA:114,0
DA:115,0
DA:116,0
DA:117,0
DA:122,0
DA:127,0
DA:128,0
DA:129,0
DA:130,0
DA:135,0
DA:140,0
DA:141,0
DA:143,0
DA:153,0
DA:154,0
DA:155,0
DA:156,0
DA:160,0
DA:162,0
DA:163,0
DA:173,0
DA:178,0
DA:179,0
DA:180,0
DA:181,0
DA:183,0
DA:188,0
DA:189,0
DA:190,0
DA:191,0
DA:193,0
DA:203,0
DA:204,0
DA:207,0
DA:208,0
DA:211,0
DA:212,0
DA:214,0
DA:215,0
DA:216,0
DA:217,0
DA:219,0
DA:223,0
DA:231,0
DA:232,0
DA:233,0
DA:234,0
DA:236,0
DA:238,0
DA:239,0
DA:241,0
DA:242,0
DA:246,0
DA:247,0
DA:248,0
DA:249,0
DA:251,0
DA:253,0
DA:254,0
DA:262,0
DA:263,0
DA:267,0
DA:268,0
DA:269,0
DA:270,0
DA:272,0
DA:274,0
DA:275,0
DA:283,0
DA:284,0
DA:288,0
DA:289,0
DA:290,0
DA:291,0
DA:293,0
DA:294,0
DA:302,0
DA:303,0
DA:309,0
DA:310,0
DA:311,0
DA:313,0
DA:318,0
DA:319,0
DA:320,0
DA:321,0
DA:322,0
DA:323,0
DA:325,0
DA:330,0
DA:331,0
DA:332,0
DA:333,0
DA:334,0
DA:335,0
DA:336,0
DA:338,0
DA:345,0
DA:346,0
DA:347,0
DA:348,0
DA:349,0
DA:350,0
DA:351,0
DA:353,0
DA:358,0
DA:359,0
DA:360,0
DA:361,0
DA:362,0
DA:363,0
DA:364,0
DA:366,0
DA:371,0
DA:372,0
DA:373,0
DA:375,0
DA:381,0
DA:387,0
DA:399,0
DA:404,1
LF:158
LH:9
BRDA:14,0,0,0
BRDA:14,0,1,0
BRDA:15,1,0,0
BRDA:15,1,1,0
BRDA:17,2,0,0
BRDA:17,2,1,0
BRDA:26,3,0,0
BRDA:26,3,1,0
BRDA:42,4,0,0
BRDA:42,4,1,0
BRDA:59,5,0,0
BRDA:59,5,1,0
BRDA:60,6,0,0
BRDA:60,6,1,0
BRDA:144,7,0,0
BRDA:144,7,1,0
BRDA:147,8,0,0
BRDA:147,8,1,0
BRDA:155,9,0,0
BRDA:203,10,0,0
BRDA:203,11,0,0
BRDA:203,11,1,0
BRDA:207,12,0,0
BRDA:219,13,0,0
BRDA:219,13,1,0
BRDA:234,14,0,0
BRDA:234,14,1,0
BRDA:236,15,0,0
BRDA:249,16,0,0
BRDA:249,16,1,0
BRDA:251,17,0,0
BRDA:251,17,1,0
BRDA:270,18,0,0
BRDA:270,18,1,0
BRDA:272,19,0,0
BRDA:272,19,1,0
BRDA:291,20,0,0
BRDA:291,20,1,0
BRDA:321,21,0,0
BRDA:321,21,1,0
BRDA:334,22,0,0
BRDA:334,22,1,0
BRDA:335,23,0,0
BRDA:335,23,1,0
BRDA:349,24,0,0
BRDA:349,24,1,0
BRDA:362,25,0,0
BRDA:362,25,1,0
BRF:48
BRH:0
end_of_record
TN:
SF:src\modules\admin\admin.report.controller.ts
FN:6,(anonymous_0)
FN:9,(anonymous_1)
FN:10,(anonymous_2)
FN:18,(anonymous_3)
FN:30,(anonymous_4)
FN:42,(anonymous_5)
FNF:6
FNH:0
FNDA:0,(anonymous_0)
FNDA:0,(anonymous_1)
FNDA:0,(anonymous_2)
FNDA:0,(anonymous_3)
FNDA:0,(anonymous_4)
FNDA:0,(anonymous_5)
DA:3,1
DA:5,1
DA:7,0
DA:8,0
DA:9,0
DA:10,0
DA:11,0
DA:12,0
DA:15,0
DA:19,0
DA:20,0
DA:21,0
DA:22,0
DA:23,0
DA:24,0
DA:26,0
DA:31,0
DA:32,0
DA:33,0
DA:34,0
DA:35,0
DA:36,0
DA:38,0
DA:43,0
DA:44,0
DA:45,0
DA:46,0
DA:47,0
DA:48,0
DA:50,0
DA:55,1
LF:31
LH:3
BRDA:7,0,0,0
BRDA:11,1,0,0
BRF:2
BRH:0
end_of_record
TN:
SF:src\modules\admin\admin.routes.ts
FN:14,(anonymous_0)
FN:15,(anonymous_1)
FN:17,(anonymous_2)
FN:18,(anonymous_3)
FN:20,(anonymous_4)
FN:21,(anonymous_5)
FN:23,(anonymous_6)
FN:24,(anonymous_7)
FN:26,(anonymous_8)
FN:27,(anonymous_9)
FN:29,(anonymous_10)
FN:30,(anonymous_11)
FN:33,(anonymous_12)
FN:34,(anonymous_13)
FN:35,(anonymous_14)
FN:36,(anonymous_15)
FN:39,(anonymous_16)
FN:40,(anonymous_17)
FN:41,(anonymous_18)
FN:44,(anonymous_19)
FN:45,(anonymous_20)
FN:48,(anonymous_21)
FN:49,(anonymous_22)
FN:50,(anonymous_23)
FN:52,(anonymous_24)
FN:53,(anonymous_25)
FN:55,(anonymous_26)
FN:56,(anonymous_27)
FNF:28
FNH:0
FNDA:0,(anonymous_0)
FNDA:0,(anonymous_1)
FNDA:0,(anonymous_2)
FNDA:0,(anonymous_3)
FNDA:0,(anonymous_4)
FNDA:0,(anonymous_5)
FNDA:0,(anonymous_6)
FNDA:0,(anonymous_7)
FNDA:0,(anonymous_8)
FNDA:0,(anonymous_9)
FNDA:0,(anonymous_10)
FNDA:0,(anonymous_11)
FNDA:0,(anonymous_12)
FNDA:0,(anonymous_13)
FNDA:0,(anonymous_14)
FNDA:0,(anonymous_15)
FNDA:0,(anonymous_16)
FNDA:0,(anonymous_17)
FNDA:0,(anonymous_18)
FNDA:0,(anonymous_19)
FNDA:0,(anonymous_20)
FNDA:0,(anonymous_21)
FNDA:0,(anonymous_22)
FNDA:0,(anonymous_23)
FNDA:0,(anonymous_24)
FNDA:0,(anonymous_25)
FNDA:0,(anonymous_26)
FNDA:0,(anonymous_27)
DA:1,1
DA:2,1
DA:3,1
DA:4,1
DA:5,1
DA:6,1
DA:7,1
DA:9,1
DA:11,1
DA:12,1
DA:14,1
DA:15,1
DA:17,1
DA:18,1
DA:20,1
DA:21,1
DA:23,1
DA:24,1
DA:26,1
DA:27,1
DA:29,1
DA:30,1
DA:33,1
DA:34,1
DA:35,1
DA:36,1
DA:39,1
DA:40,1
DA:41,1
DA:44,1
DA:45,1
DA:48,1
DA:49,1
DA:50,1
DA:52,1
DA:53,1
DA:55,1
DA:56,1
DA:58,1
LF:39
LH:39
BRF:0
BRH:0
end_of_record
TN:
SF:src\modules\admin\admin.service.ts
FN:22,(anonymous_0)
FN:41,(anonymous_1)
FN:55,(anonymous_2)
FN:69,(anonymous_3)
FN:81,(anonymous_4)
FN:97,(anonymous_5)
FN:121,(anonymous_6)
FN:144,(anonymous_7)
FN:162,(anonymous_8)
FN:179,(anonymous_9)
FN:233,(anonymous_10)
FN:269,(anonymous_11)
FN:305,(anonymous_12)
FN:316,(anonymous_13)
FN:345,(anonymous_14)
FN:376,(anonymous_15)
FN:404,(anonymous_16)
FN:432,(anonymous_17)
FNF:18
FNH:0
FNDA:0,(anonymous_0)
FNDA:0,(anonymous_1)
FNDA:0,(anonymous_2)
FNDA:0,(anonymous_3)
FNDA:0,(anonymous_4)
FNDA:0,(anonymous_5)
FNDA:0,(anonymous_6)
FNDA:0,(anonymous_7)
FNDA:0,(anonymous_8)
FNDA:0,(anonymous_9)
FNDA:0,(anonymous_10)
FNDA:0,(anonymous_11)
FNDA:0,(anonymous_12)
FNDA:0,(anonymous_13)
FNDA:0,(anonymous_14)
FNDA:0,(anonymous_15)
FNDA:0,(anonymous_16)
FNDA:0,(anonymous_17)
DA:1,1
DA:2,1
DA:21,1
DA:23,0
DA:24,0
DA:25,0
DA:27,0
DA:28,0
DA:31,0
DA:32,0
DA:34,0
DA:35,0
DA:42,0
DA:52,0
DA:56,0
DA:66,0
DA:70,0
DA:78,0
DA:82,0
DA:94,0
DA:98,0
DA:104,0
DA:105,0
DA:106,0
DA:107,0
DA:110,0
DA:111,0
DA:113,0
DA:115,0
DA:122,0
DA:127,0
DA:128,0
DA:129,0
DA:130,0
DA:133,0
DA:134,0
DA:136,0
DA:138,0
DA:145,0
DA:152,0
DA:153,0
DA:154,0
DA:156,0
DA:163,0
DA:169,0
DA:170,0
DA:171,0
DA:173,0
DA:180,0
DA:186,0
DA:187,0
DA:189,0
DA:190,0
DA:191,0
DA:193,0
DA:194,0
DA:195,0
DA:197,0
DA:198,0
DA:199,0
DA:201,0
DA:202,0
DA:203,0
DA:205,0
DA:206,0
DA:207,0
DA:209,0
DA:210,0
DA:211,0
DA:213,0
DA:214,0
DA:215,0
DA:216,0
DA:221,0
DA:222,0
DA:224,0
DA:225,0
DA:227,0
DA:234,0
DA:241,0
DA:242,0
DA:244,0
DA:254,0
DA:262,0
DA:270,0
DA:279,0
DA:280,0
DA:282,0
DA:288,0
DA:296,0
DA:306,0
DA:313,0
DA:317,0
DA:318,0
DA:319,0
DA:321,0
DA:326,0
DA:327,0
DA:329,0
DA:335,0
DA:336,0
DA:338,0
DA:339,0
DA:341,0
DA:346,0
DA:347,0
DA:348,0
DA:350,0
DA:355,0
DA:356,0
DA:358,0
DA:364,0
DA:365,0
DA:367,0
DA:368,0
DA:370,0
DA:377,0
DA:378,0
DA:379,0
DA:381,0
DA:386,0
DA:388,0
DA:394,0
DA:395,0
DA:397,0
DA:398,0
DA:400,0
DA:405,0
DA:406,0
DA:407,0
DA:409,0
DA:414,0
DA:416,0
DA:422,0
DA:423,0
DA:425,0
DA:426,0
DA:428,0
DA:433,0
DA:434,0
DA:437,0
DA:443,0
DA:451,1
LF:143
LH:4
BRDA:23,0,0,0
BRDA:23,0,1,0
BRDA:24,1,0,0
BRDA:24,1,1,0
BRDA:27,2,0,0
BRDA:27,2,1,0
BRDA:28,3,0,0
BRDA:28,3,1,0
BRDA:32,4,0,0
BRDA:32,4,1,0
BRDA:97,5,0,0
BRDA:105,6,0,0
BRDA:105,7,0,0
BRDA:105,7,1,0
BRDA:113,8,0,0
BRDA:113,8,1,0
BRDA:113,9,0,0
BRDA:113,9,1,0
BRDA:121,10,0,0
BRDA:128,11,0,0
BRDA:128,12,0,0
BRDA:128,12,1,0
BRDA:136,13,0,0
BRDA:136,13,1,0
BRDA:136,14,0,0
BRDA:136,14,1,0
BRDA:144,15,0,0
BRDA:162,16,0,0
BRDA:179,17,0,0
BRDA:179,18,0,0
BRDA:189,19,0,0
BRDA:193,20,0,0
BRDA:197,21,0,0
BRDA:201,22,0,0
BRDA:205,23,0,0
BRDA:209,24,0,0
BRDA:213,25,0,0
BRDA:241,26,0,0
BRDA:279,27,0,0
BRDA:326,28,0,0
BRDA:355,29,0,0
BRDA:386,30,0,0
BRDA:414,31,0,0
BRF:43
BRH:0
end_of_record
TN:
SF:src\modules\admin\admin.snapshot.controller.ts
FN:6,(anonymous_0)
FN:15,(anonymous_1)
FNF:2
FNH:0
FNDA:0,(anonymous_0)
FNDA:0,(anonymous_1)
DA:3,1
DA:5,1
DA:7,0
DA:8,0
DA:9,0
DA:11,0
DA:16,0
DA:17,0
DA:18,0
DA:20,0
DA:25,1
LF:11
LH:3
BRF:0
BRH:0
end_of_record
TN:
SF:src\modules\admin\admin.snapshot.service.ts
FN:7,(anonymous_0)
FN:86,(anonymous_1)
FN:103,(anonymous_2)
FN:135,(anonymous_3)
FNF:4
FNH:0
FNDA:0,(anonymous_0)
FNDA:0,(anonymous_1)
FNDA:0,(anonymous_2)
FNDA:0,(anonymous_3)
DA:1,1
DA:2,1
DA:3,1
DA:4,1
DA:6,1
DA:8,0
DA:48,0
DA:49,0
DA:50,0
DA:51,0
DA:53,0
DA:87,0
DA:88,0
DA:104,0
DA:132,0
DA:133,0
DA:135,0
DA:136,0
DA:137,0
DA:140,0
DA:163,1
LF:21
LH:6
BRDA:136,0,0,0
BRF:1
BRH:0
end_of_record
TN:
SF:src\modules\admin\admin.system.controller.ts
FN:8,(anonymous_0)
FN:20,(anonymous_1)
FNF:2
FNH:0
FNDA:0,(anonymous_0)
FNDA:0,(anonymous_1)
DA:3,1
DA:4,1
DA:5,1
DA:7,1
DA:9,0
DA:10,0
DA:11,0
DA:17,0
DA:21,0
DA:22,0
DA:23,0
DA:24,0
DA:30,0
DA:31,0
DA:35,1
LF:15
LH:5
BRDA:22,0,0,0
BRF:1
BRH:0
end_of_record
TN:
SF:src\modules\auth\auth.controller.ts
FN:8,(anonymous_0)
FN:21,(anonymous_1)
FN:34,(anonymous_2)
FNF:3
FNH:0
FNDA:0,(anonymous_0)
FNDA:0,(anonymous_1)
FNDA:0,(anonymous_2)
DA:3,1
DA:5,1
DA:7,1
DA:9,0
DA:10,0
DA:11,0
DA:12,0
DA:17,0
DA:22,0
DA:23,0
DA:24,0
DA:25,0
DA:30,0
DA:35,0
DA:36,0
DA:37,0
DA:38,0
DA:40,0
DA:41,0
DA:43,0
DA:48,1
LF:21
LH:4
BRDA:36,0,0,0
BRF:1
BRH:0
end_of_record
TN:
SF:src\modules\auth\auth.routes.ts
FN:16,(anonymous_0)
FN:25,(anonymous_1)
FN:35,(anonymous_2)
FNF:3
FNH:0
FNDA:0,(anonymous_0)
FNDA:0,(anonymous_1)
FNDA:0,(anonymous_2)
DA:1,1
DA:2,1
DA:3,1
DA:4,1
DA:5,1
DA:7,1
DA:13,1
DA:16,0
DA:22,1
DA:25,0
DA:32,1
DA:35,0
DA:38,1
LF:13
LH:10
BRF:0
BRH:0
end_of_record
TN:
SF:src\modules\auth\auth.schema.ts
FN:11,(anonymous_0)
FN:19,(anonymous_1)
FNF:2
FNH:1
FNDA:1,(anonymous_0)
FNDA:0,(anonymous_1)
DA:1,1
DA:3,1
DA:11,1
DA:15,1
DA:19,0
LF:5
LH:4
BRDA:11,0,0,1
BRDA:11,0,1,0
BRDA:19,1,0,0
BRDA:19,1,1,0
BRF:4
BRH:1
end_of_record
TN:
SF:src\modules\auth\auth.service.ts
FN:12,(anonymous_1)
FN:93,(anonymous_2)
FN:138,(anonymous_3)
FN:158,(anonymous_4)
FNF:4
FNH:0
FNDA:0,(anonymous_1)
FNDA:0,(anonymous_2)
FNDA:0,(anonymous_3)
FNDA:0,(anonymous_4)
DA:1,1
DA:2,1
DA:3,1
DA:4,1
DA:5,1
DA:8,1
DA:14,0
DA:15,0
DA:19,0
DA:20,0
DA:24,0
DA:25,0
DA:28,0
DA:29,0
DA:33,0
DA:34,0
DA:39,0
DA:43,0
DA:44,0
DA:46,0
DA:49,0
DA:52,0
DA:67,0
DA:70,0
DA:71,0
DA:75,0
DA:76,0
DA:82,0
DA:84,0
DA:94,0
DA:95,0
DA:97,0
DA:105,0
DA:106,0
DA:109,0
DA:111,0
DA:112,0
DA:115,0
DA:117,0
DA:118,0
DA:121,0
DA:123,0
DA:139,0
DA:148,0
DA:149,0
DA:152,0
DA:159,0
DA:169,1
LF:48
LH:7
BRDA:14,0,0,0
BRDA:19,1,0,0
BRDA:24,2,0,0
BRDA:28,3,0,0
BRDA:33,4,0,0
BRDA:43,5,0,0
BRDA:57,6,0,0
BRDA:57,6,1,0
BRDA:58,7,0,0
BRDA:58,7,1,0
BRDA:62,8,0,0
BRDA:62,8,1,0
BRDA:70,9,0,0
BRDA:70,9,1,0
BRDA:75,10,0,0
BRDA:94,11,0,0
BRDA:94,11,1,0
BRDA:95,12,0,0
BRDA:95,12,1,0
BRDA:105,13,0,0
BRDA:111,14,0,0
BRDA:117,15,0,0
BRDA:148,16,0,0
BRF:23
BRH:0
end_of_record
TN:
SF:src\modules\campaigns\campaigns.controller.ts
FN:12,(anonymous_0)
FN:32,(anonymous_1)
FN:40,(anonymous_2)
FN:48,(anonymous_3)
FN:56,(anonymous_4)
FNF:5
FNH:0
FNDA:0,(anonymous_0)
FNDA:0,(anonymous_1)
FNDA:0,(anonymous_2)
FNDA:0,(anonymous_3)
FNDA:0,(anonymous_4)
DA:3,1
DA:5,1
DA:6,1
DA:7,1
DA:11,1
DA:13,0
DA:14,0
DA:18,0
DA:19,0
DA:20,0
DA:23,0
DA:28,0
DA:29,0
DA:33,0
DA:34,0
DA:35,0
DA:36,0
DA:37,0
DA:41,0
DA:42,0
DA:43,0
DA:44,0
DA:45,0
DA:49,0
DA:50,0
DA:51,0
DA:52,0
DA:53,0
DA:57,0
DA:58,0
DA:59,0
DA:60,0
DA:61,0
DA:62,0
DA:69,0
DA:70,0
DA:74,1
LF:37
LH:6
BRDA:14,0,0,0
BRDA:18,1,0,0
BRDA:20,2,0,0
BRDA:20,2,1,0
BRDA:58,3,0,0
BRDA:61,4,0,0
BRF:6
BRH:0
end_of_record
TN:
SF:src\modules\campaigns\campaigns.routes.ts
FN:22,(anonymous_0)
FN:34,(anonymous_1)
FN:44,(anonymous_2)
FN:55,(anonymous_3)
FN:66,(anonymous_4)
FNF:5
FNH:0
FNDA:0,(anonymous_0)
FNDA:0,(anonymous_1)
FNDA:0,(anonymous_2)
FNDA:0,(anonymous_3)
FNDA:0,(anonymous_4)
DA:1,1
DA:2,1
DA:3,1
DA:4,1
DA:5,1
DA:6,1
DA:7,1
DA:9,1
DA:13,1
DA:19,1
DA:22,0
DA:29,1
DA:34,0
DA:40,1
DA:44,0
DA:50,1
DA:55,0
DA:61,1
DA:66,0
DA:69,1
LF:20
LH:15
BRF:0
BRH:0
end_of_record
TN:
SF:src\modules\campaigns\campaigns.schema.ts
FNF:0
FNH:0
DA:1,1
DA:3,1
DA:11,1
DA:20,1
LF:4
LH:4
BRF:0
BRH:0
end_of_record
TN:
SF:src\modules\campaigns\campaigns.service.ts
FN:9,(anonymous_0)
FN:14,(anonymous_1)
FN:41,(anonymous_2)
FN:61,(anonymous_3)
FN:82,(anonymous_4)
FNF:5
FNH:0
FNDA:0,(anonymous_0)
FNDA:0,(anonymous_1)
FNDA:0,(anonymous_2)
FNDA:0,(anonymous_3)
FNDA:0,(anonymous_4)
DA:1,1
DA:2,1
DA:5,1
DA:10,0
DA:11,0
DA:19,0
DA:27,0
DA:28,0
DA:31,0
DA:38,0
DA:42,0
DA:43,0
DA:45,0
DA:58,0
DA:62,0
DA:75,0
DA:76,0
DA:79,0
DA:83,0
DA:84,0
DA:85,0
DA:88,0
DA:89,0
DA:90,0
DA:92,0
DA:93,0
DA:96,0
DA:97,0
DA:98,0
DA:103,0
DA:104,0
DA:107,0
DA:108,0
DA:109,0
DA:111,0
DA:112,0
DA:113,0
DA:115,0
DA:116,0
DA:117,0
DA:119,0
DA:120,0
DA:121,0
DA:123,0
DA:124,0
DA:125,0
DA:126,0
DA:129,0
DA:130,0
DA:133,0
DA:134,0
DA:139,0
DA:140,0
DA:144,0
DA:145,0
DA:152,0
DA:156,1
LF:57
LH:4
BRDA:11,0,0,0
BRDA:11,0,1,0
BRDA:20,1,0,0
BRDA:20,1,1,0
BRDA:23,2,0,0
BRDA:23,2,1,0
BRDA:27,3,0,0
BRDA:27,4,0,0
BRDA:27,4,1,0
BRDA:33,5,0,0
BRDA:33,5,1,0
BRDA:33,6,0,0
BRDA:33,6,1,0
BRDA:42,7,0,0
BRDA:42,7,1,0
BRDA:43,8,0,0
BRDA:43,8,1,0
BRDA:75,9,0,0
BRDA:89,10,0,0
BRDA:96,11,0,0
BRDA:96,12,0,0
BRDA:96,12,1,0
BRDA:97,13,0,0
BRDA:103,14,0,0
BRDA:107,15,0,0
BRDA:111,16,0,0
BRDA:115,17,0,0
BRDA:119,18,0,0
BRDA:123,19,0,0
BRDA:123,20,0,0
BRDA:123,20,1,0
BRDA:129,21,0,0
BRDA:139,22,0,0
BRDA:144,23,0,0
BRDA:144,24,0,0
BRDA:144,24,1,0
BRDA:144,24,2,0
BRDA:148,25,0,0
BRDA:148,25,1,0
BRF:39
BRH:0
end_of_record
TN:
SF:src\modules\chat\chat.controller.ts
FN:7,(anonymous_0)
FN:20,(anonymous_1)
FN:30,(anonymous_2)
FN:41,(anonymous_3)
FN:49,(anonymous_4)
FNF:5
FNH:0
FNDA:0,(anonymous_0)
FNDA:0,(anonymous_1)
FNDA:0,(anonymous_2)
FNDA:0,(anonymous_3)
FNDA:0,(anonymous_4)
DA:3,1
DA:4,1
DA:6,1
DA:8,0
DA:9,0
DA:10,0
DA:11,0
DA:12,0
DA:13,0
DA:15,0
DA:16,0
DA:17,0
DA:21,0
DA:22,0
DA:23,0
DA:24,0
DA:25,0
DA:26,0
DA:27,0
DA:31,0
DA:32,0
DA:33,0
DA:34,0
DA:35,0
DA:36,0
DA:37,0
DA:38,0
DA:42,0
DA:43,0
DA:44,0
DA:45,0
DA:46,0
DA:50,0
DA:51,0
DA:52,0
DA:53,0
DA:54,0
DA:55,0
DA:57,0
DA:58,0
DA:59,0
DA:63,1
LF:42
LH:4
BRDA:9,0,0,0
BRDA:10,1,0,0
BRDA:10,1,1,0
BRDA:11,2,0,0
BRDA:11,3,0,0
BRDA:11,3,1,0
BRDA:22,4,0,0
BRDA:32,5,0,0
BRDA:34,6,0,0
BRDA:34,6,1,0
BRDA:35,7,0,0
BRDA:35,7,1,0
BRDA:43,8,0,0
BRDA:51,9,0,0
BRDA:53,10,0,0
BRF:15
BRH:0
end_of_record
TN:
SF:src\modules\chat\chat.gateway.ts
FN:17,initializeChatGateway
FN:21,(anonymous_2)
FN:32,(anonymous_3)
FN:33,(anonymous_4)
FN:40,(anonymous_5)
FN:49,(anonymous_6)
FN:74,(anonymous_7)
FN:79,(anonymous_8)
FN:97,(anonymous_9)
FN:106,(anonymous_10)
FN:115,emitToUser
FNF:11
FNH:1
FNDA:1,initializeChatGateway
FNDA:0,(anonymous_2)
FNDA:0,(anonymous_3)
FNDA:0,(anonymous_4)
FNDA:0,(anonymous_5)
FNDA:0,(anonymous_6)
FNDA:0,(anonymous_7)
FNDA:0,(anonymous_8)
FNDA:0,(anonymous_9)
FNDA:0,(anonymous_10)
FNDA:0,emitToUser
DA:2,1
DA:3,1
DA:4,1
DA:5,1
DA:12,1
DA:17,1
DA:18,1
DA:21,1
DA:22,0
DA:23,0
DA:24,0
DA:27,0
DA:28,0
DA:29,0
DA:31,0
DA:32,0
DA:33,0
DA:34,0
DA:36,0
DA:40,1
DA:41,0
DA:43,0
DA:46,0
DA:49,0
DA:50,0
DA:52,0
DA:54,0
DA:61,0
DA:62,0
DA:63,0
DA:66,0
DA:67,0
DA:69,0
DA:74,0
DA:75,0
DA:79,0
DA:80,0
DA:82,0
DA:83,0
DA:90,0
DA:92,0
DA:97,0
DA:98,0
DA:106,0
DA:107,0
DA:115,1
DA:116,0
DA:117,0
LF:48
LH:10
BRDA:22,0,0,0
BRDA:22,0,1,0
BRDA:23,1,0,0
BRDA:23,2,0,0
BRDA:23,2,1,0
BRDA:32,3,0,0
BRDA:32,3,1,0
BRDA:41,4,0,0
BRDA:50,5,0,0
BRDA:61,6,0,0
BRDA:80,7,0,0
BRDA:100,8,0,0
BRDA:100,8,1,0
BRDA:116,9,0,0
BRF:14
BRH:0
end_of_record
TN:
SF:src\modules\chat\chat.routes.ts
FN:14,(anonymous_0)
FN:24,(anonymous_1)
FN:34,(anonymous_2)
FN:44,(anonymous_3)
FN:54,(anonymous_4)
FNF:5
FNH:0
FNDA:0,(anonymous_0)
FNDA:0,(anonymous_1)
FNDA:0,(anonymous_2)
FNDA:0,(anonymous_3)
FNDA:0,(anonymous_4)
DA:1,1
DA:2,1
DA:3,1
DA:5,1
DA:11,1
DA:14,0
DA:21,1
DA:24,0
DA:31,1
DA:34,0
DA:41,1
DA:44,0
DA:51,1
DA:54,0
DA:57,1
LF:15
LH:10
BRF:0
BRH:0
end_of_record
TN:
SF:src\modules\chat\chat.service.ts
FN:8,(anonymous_0)
FN:62,(anonymous_1)
FN:103,(anonymous_2)
FN:129,(anonymous_3)
FN:157,(anonymous_4)
FNF:5
FNH:0
FNDA:0,(anonymous_0)
FNDA:0,(anonymous_1)
FNDA:0,(anonymous_2)
FNDA:0,(anonymous_3)
FNDA:0,(anonymous_4)
DA:1,1
DA:2,1
DA:4,1
DA:9,0
DA:12,0
DA:17,0
DA:18,0
DA:21,0
DA:23,0
DA:27,0
DA:29,0
DA:33,0
DA:38,0
DA:39,0
DA:42,0
DA:50,0
DA:56,0
DA:63,0
DA:79,0
DA:81,0
DA:86,0
DA:88,0
DA:89,0
DA:91,0
DA:94,0
DA:97,0
DA:105,0
DA:112,0
DA:113,0
DA:116,0
DA:123,0
DA:131,0
DA:138,0
DA:139,0
DA:142,0
DA:151,0
DA:158,0
DA:167,0
DA:171,1
LF:39
LH:4
BRDA:9,0,0,0
BRDA:17,1,0,0
BRDA:23,2,0,0
BRDA:23,2,1,0
BRDA:23,2,2,0
BRDA:27,3,0,0
BRDA:38,4,0,0
BRDA:79,5,0,0
BRDA:86,6,0,0
BRDA:89,7,0,0
BRDA:89,7,1,0
BRDA:89,7,2,0
BRDA:91,8,0,0
BRDA:112,9,0,0
BRDA:129,10,0,0
BRDA:129,11,0,0
BRDA:138,12,0,0
BRF:17
BRH:0
end_of_record
TN:
SF:src\modules\coordinator\broadcast.service.ts
FN:17,(anonymous_0)
FN:54,(anonymous_1)
FNF:2
FNH:0
FNDA:0,(anonymous_0)
FNDA:0,(anonymous_1)
DA:1,1
DA:2,1
DA:13,1
DA:19,0
DA:38,0
DA:41,0
DA:42,0
DA:51,0
DA:55,0
DA:56,0
DA:57,0
DA:59,0
DA:62,0
DA:63,0
DA:64,0
DA:67,0
DA:68,0
DA:69,0
DA:72,0
DA:73,0
DA:74,0
DA:76,0
DA:79,0
DA:80,0
DA:81,0
DA:82,0
DA:83,0
DA:85,0
DA:89,1
LF:29
LH:4
BRDA:59,0,0,0
BRDA:59,0,1,0
BRDA:59,0,2,0
BRDA:59,0,3,0
BRDA:82,1,0,0
BRDA:83,2,0,0
BRF:6
BRH:0
end_of_record
TN:
SF:src\modules\coordinator\coordinator.controller.ts
FN:6,(anonymous_0)
FNF:1
FNH:0
FNDA:0,(anonymous_0)
DA:3,1
DA:5,1
DA:7,0
DA:8,0
DA:9,0
DA:10,0
DA:12,0
DA:17,1
LF:8
LH:3
BRDA:8,0,0,0
BRF:1
BRH:0
end_of_record
TN:
SF:src\modules\coordinator\coordinator.intelligence.controller.ts
FN:7,(anonymous_0)
FN:15,(anonymous_1)
FN:23,(anonymous_2)
FN:33,(anonymous_3)
FN:43,(anonymous_4)
FN:52,(anonymous_5)
FN:61,(anonymous_6)
FN:69,(anonymous_7)
FNF:8
FNH:0
FNDA:0,(anonymous_0)
FNDA:0,(anonymous_1)
FNDA:0,(anonymous_2)
FNDA:0,(anonymous_3)
FNDA:0,(anonymous_4)
FNDA:0,(anonymous_5)
FNDA:0,(anonymous_6)
FNDA:0,(anonymous_7)
DA:3,1
DA:4,1
DA:6,1
DA:8,0
DA:9,0
DA:10,0
DA:11,0
DA:12,0
DA:16,0
DA:17,0
DA:18,0
DA:19,0
DA:20,0
DA:24,0
DA:25,0
DA:26,0
DA:27,0
DA:28,0
DA:29,0
DA:30,0
DA:34,0
DA:35,0
DA:36,0
DA:37,0
DA:38,0
DA:39,0
DA:40,0
DA:44,0
DA:45,0
DA:46,0
DA:47,0
DA:48,0
DA:49,0
DA:53,0
DA:54,0
DA:55,0
DA:56,0
DA:57,0
DA:58,0
DA:62,0
DA:63,0
DA:64,0
DA:65,0
DA:66,0
DA:70,0
DA:71,0
DA:72,0
DA:73,0
DA:74,0
DA:75,0
DA:79,1
LF:51
LH:4
BRDA:9,0,0,0
BRDA:17,1,0,0
BRDA:25,2,0,0
BRDA:27,3,0,0
BRDA:27,3,1,0
BRDA:35,4,0,0
BRDA:37,5,0,0
BRDA:37,5,1,0
BRDA:45,6,0,0
BRDA:46,7,0,0
BRDA:46,7,1,0
BRDA:54,8,0,0
BRDA:55,9,0,0
BRDA:55,9,1,0
BRDA:63,10,0,0
BRDA:71,11,0,0
BRDA:72,12,0,0
BRDA:72,12,1,0
BRF:18
BRH:0
end_of_record
TN:
SF:src\modules\coordinator\coordinator.intelligence.service.ts
FN:8,(anonymous_0)
FN:63,(anonymous_1)
FN:68,(anonymous_2)
FN:79,(anonymous_3)
FN:106,(anonymous_4)
FN:110,(anonymous_5)
FN:120,(anonymous_6)
FN:132,(anonymous_7)
FN:153,(anonymous_8)
FN:205,(anonymous_9)
FN:224,(anonymous_10)
FNF:11
FNH:0
FNDA:0,(anonymous_0)
FNDA:0,(anonymous_1)
FNDA:0,(anonymous_2)
FNDA:0,(anonymous_3)
FNDA:0,(anonymous_4)
FNDA:0,(anonymous_5)
FNDA:0,(anonymous_6)
FNDA:0,(anonymous_7)
FNDA:0,(anonymous_8)
FNDA:0,(anonymous_9)
FNDA:0,(anonymous_10)
DA:1,1
DA:2,1
DA:4,1
DA:9,0
DA:57,0
DA:63,0
DA:68,0
DA:80,0
DA:105,0
DA:106,0
DA:110,0
DA:121,0
DA:126,0
DA:133,0
DA:140,0
DA:141,0
DA:142,0
DA:143,0
DA:147,0
DA:160,0
DA:178,0
DA:179,0
DA:186,0
DA:187,0
DA:192,0
DA:193,0
DA:196,0
DA:199,0
DA:206,0
DA:207,0
DA:218,0
DA:225,0
DA:231,0
DA:235,1
LF:34
LH:4
BRDA:60,0,0,0
BRDA:60,0,1,0
BRDA:61,1,0,0
BRDA:61,1,1,0
BRDA:65,2,0,0
BRDA:65,2,1,0
BRDA:66,3,0,0
BRDA:66,3,1,0
BRDA:70,4,0,0
BRDA:70,4,1,0
BRDA:71,5,0,0
BRDA:71,5,1,0
BRDA:108,6,0,0
BRDA:108,6,1,0
BRDA:112,7,0,0
BRDA:112,7,1,0
BRDA:140,8,0,0
BRDA:140,9,0,0
BRDA:140,9,1,0
BRDA:141,10,0,0
BRDA:141,10,1,0
BRDA:142,11,0,0
BRDA:178,12,0,0
BRDA:178,13,0,0
BRDA:178,13,1,0
BRDA:206,14,0,0
BRDA:206,14,1,0
BRF:27
BRH:0
end_of_record
TN:
SF:src\modules\coordinator\coordinator.routes.ts
FN:15,(anonymous_0)
FN:20,(anonymous_1)
FN:21,(anonymous_2)
FN:22,(anonymous_3)
FN:23,(anonymous_4)
FN:24,(anonymous_5)
FN:25,(anonymous_6)
FN:26,(anonymous_7)
FN:27,(anonymous_8)
FNF:9
FNH:0
FNDA:0,(anonymous_0)
FNDA:0,(anonymous_1)
FNDA:0,(anonymous_2)
FNDA:0,(anonymous_3)
FNDA:0,(anonymous_4)
FNDA:0,(anonymous_5)
FNDA:0,(anonymous_6)
FNDA:0,(anonymous_7)
FNDA:0,(anonymous_8)
DA:1,1
DA:2,1
DA:3,1
DA:4,1
DA:5,1
DA:7,1
DA:9,1
DA:10,1
DA:15,1
DA:20,1
DA:21,1
DA:22,1
DA:23,1
DA:24,1
DA:25,1
DA:26,1
DA:27,1
DA:29,1
LF:18
LH:18
BRF:0
BRH:0
end_of_record
TN:
SF:src\modules\coordinator\coordinator.service.ts
FN:7,(anonymous_0)
FNF:1
FNH:0
FNDA:0,(anonymous_0)
DA:1,1
DA:3,1
DA:8,0
DA:22,0
DA:26,1
LF:5
LH:3
BRF:0
BRH:0
end_of_record
TN:
SF:src\modules\deliveries\deliveries.controller.ts
FN:9,(anonymous_0)
FN:20,(anonymous_1)
FN:41,(anonymous_2)
FN:49,(anonymous_3)
FNF:4
FNH:0
FNDA:0,(anonymous_0)
FNDA:0,(anonymous_1)
FNDA:0,(anonymous_2)
FNDA:0,(anonymous_3)
DA:3,1
DA:5,1
DA:6,1
DA:8,1
DA:10,0
DA:11,0
DA:12,0
DA:16,0
DA:17,0
DA:21,0
DA:22,0
DA:23,0
DA:24,0
DA:26,0
DA:27,0
DA:35,0
DA:37,0
DA:38,0
DA:42,0
DA:43,0
DA:44,0
DA:45,0
DA:46,0
DA:50,0
DA:51,0
DA:52,0
DA:53,0
DA:58,0
DA:59,0
DA:63,1
LF:30
LH:5
BRDA:11,0,0,0
BRDA:22,1,0,0
BRDA:26,2,0,0
BRDA:26,2,1,0
BRDA:51,3,0,0
BRF:5
BRH:0
end_of_record
TN:
SF:src\modules\deliveries\deliveries.routes.ts
FN:19,(anonymous_0)
FN:31,(anonymous_1)
FN:41,(anonymous_2)
FN:53,(anonymous_3)
FNF:4
FNH:0
FNDA:0,(anonymous_0)
FNDA:0,(anonymous_1)
FNDA:0,(anonymous_2)
FNDA:0,(anonymous_3)
DA:1,1
DA:2,1
DA:3,1
DA:4,1
DA:5,1
DA:6,1
DA:8,1
DA:14,1
DA:19,0
DA:26,1
DA:31,0
DA:38,1
DA:41,0
DA:48,1
DA:53,0
DA:56,1
LF:16
LH:12
BRF:0
BRH:0
end_of_record
TN:
SF:src\modules\deliveries\deliveries.schema.ts
FNF:0
FNH:0
DA:1,1
DA:3,1
DA:11,1
DA:17,1
LF:4
LH:4
BRF:0
BRH:0
end_of_record
TN:
SF:src\modules\deliveries\deliveries.service.ts
FN:10,(anonymous_0)
FN:97,(anonymous_1)
FN:246,(anonymous_2)
FN:319,(anonymous_3)
FNF:4
FNH:0
FNDA:0,(anonymous_0)
FNDA:0,(anonymous_1)
FNDA:0,(anonymous_2)
FNDA:0,(anonymous_3)
DA:1,1
DA:2,1
DA:4,1
DA:6,1
DA:11,0
DA:13,0
DA:14,0
DA:17,0
DA:22,0
DA:23,0
DA:26,0
DA:28,0
DA:29,0
DA:32,0
DA:33,0
DA:37,0
DA:52,0
DA:58,0
DA:65,0
DA:66,0
DA:67,0
DA:75,0
DA:76,0
DA:84,0
DA:85,0
DA:87,0
DA:88,0
DA:90,0
DA:102,0
DA:104,0
DA:105,0
DA:108,0
DA:117,0
DA:118,0
DA:121,0
DA:124,0
DA:128,0
DA:130,0
DA:131,0
DA:135,0
DA:136,0
DA:141,0
DA:144,0
DA:146,0
DA:151,0
DA:157,0
DA:164,0
DA:174,0
DA:181,0
DA:182,0
DA:187,0
DA:189,0
DA:194,0
DA:199,0
DA:201,0
DA:206,0
DA:214,0
DA:215,0
DA:233,0
DA:234,0
DA:236,0
DA:237,0
DA:239,0
DA:251,0
DA:252,0
DA:253,0
DA:256,0
DA:264,0
DA:265,0
DA:268,0
DA:271,0
DA:272,0
DA:276,0
DA:277,0
DA:281,0
DA:285,0
DA:286,0
DA:290,0
DA:298,0
DA:299,0
DA:306,0
DA:307,0
DA:309,0
DA:310,0
DA:312,0
DA:320,0
DA:331,0
DA:335,1
LF:88
LH:5
BRDA:22,0,0,0
BRDA:28,1,0,0
BRDA:32,2,0,0
BRDA:47,3,0,0
BRDA:47,3,1,0
BRDA:66,4,0,0
BRDA:75,5,0,0
BRDA:117,6,0,0
BRDA:130,7,0,0
BRDA:135,8,0,0
BRDA:141,9,0,0
BRDA:141,9,1,0
BRDA:141,10,0,0
BRDA:141,10,1,0
BRDA:144,11,0,0
BRDA:144,11,1,0
BRDA:181,12,0,0
BRDA:187,13,0,0
BRDA:187,13,1,0
BRDA:199,14,0,0
BRDA:229,15,0,0
BRDA:229,15,1,0
BRDA:264,16,0,0
BRDA:271,17,0,0
BRDA:276,18,0,0
BRDA:285,19,0,0
BRDA:294,20,0,0
BRDA:294,20,1,0
BRDA:294,21,0,0
BRDA:294,21,1,0
BRDA:298,22,0,0
BRF:31
BRH:0
end_of_record
TN:
SF:src\modules\donations\donations.controller.ts
FN:9,(anonymous_0)
FN:20,(anonymous_1)
FN:29,(anonymous_2)
FN:38,(anonymous_3)
FN:46,(anonymous_4)
FNF:5
FNH:0
FNDA:0,(anonymous_0)
FNDA:0,(anonymous_1)
FNDA:0,(anonymous_2)
FNDA:0,(anonymous_3)
FNDA:0,(anonymous_4)
DA:3,1
DA:5,1
DA:6,1
DA:8,1
DA:10,0
DA:11,0
DA:12,0
DA:16,0
DA:17,0
DA:21,0
DA:22,0
DA:23,0
DA:24,0
DA:25,0
DA:26,0
DA:30,0
DA:31,0
DA:32,0
DA:33,0
DA:34,0
DA:35,0
DA:39,0
DA:40,0
DA:41,0
DA:42,0
DA:43,0
DA:47,0
DA:48,0
DA:49,0
DA:50,0
DA:51,0
DA:55,1
LF:32
LH:5
BRDA:11,0,0,0
BRDA:22,1,0,0
BRDA:31,2,0,0
BRDA:40,3,0,0
BRF:4
BRH:0
end_of_record
TN:
SF:src\modules\donations\donations.routes.ts
FN:14,(anonymous_0)
FN:20,(anonymous_1)
FN:28,(anonymous_2)
FN:36,(anonymous_3)
FN:42,(anonymous_4)
FNF:5
FNH:0
FNDA:0,(anonymous_0)
FNDA:0,(anonymous_1)
FNDA:0,(anonymous_2)
FNDA:0,(anonymous_3)
FNDA:0,(anonymous_4)
DA:1,1
DA:2,1
DA:3,1
DA:4,1
DA:5,1
DA:6,1
DA:8,1
DA:10,1
DA:14,0
DA:17,1
DA:20,0
DA:23,1
DA:28,0
DA:31,1
DA:36,0
DA:39,1
DA:42,0
DA:45,1
LF:18
LH:13
BRF:0
BRH:0
end_of_record
TN:
SF:src\modules\donations\donations.schema.ts
FNF:0
FNH:0
DA:1,1
DA:3,1
DA:10,1
LF:3
LH:3
BRF:0
BRH:0
end_of_record
TN:
SF:src\modules\donations\donations.service.ts
FN:6,(anonymous_0)
FN:36,(anonymous_1)
FN:87,(anonymous_2)
FN:127,(anonymous_3)
FN:139,(anonymous_4)
FNF:5
FNH:0
FNDA:0,(anonymous_0)
FNDA:0,(anonymous_1)
FNDA:0,(anonymous_2)
FNDA:0,(anonymous_3)
FNDA:0,(anonymous_4)
DA:1,1
DA:2,1
DA:5,1
DA:8,0
DA:13,0
DA:14,0
DA:16,0
DA:17,0
DA:20,0
DA:21,0
DA:27,0
DA:29,0
DA:30,0
DA:32,0
DA:37,0
DA:38,0
DA:39,0
DA:41,0
DA:46,0
DA:47,0
DA:50,0
DA:51,0
DA:52,0
DA:55,0
DA:60,0
DA:65,0
DA:71,0
DA:77,0
DA:78,0
DA:80,0
DA:81,0
DA:83,0
DA:88,0
DA:89,0
DA:90,0
DA:92,0
DA:97,0
DA:98,0
DA:101,0
DA:102,0
DA:103,0
DA:106,0
DA:111,0
DA:117,0
DA:118,0
DA:120,0
DA:121,0
DA:123,0
DA:128,0
DA:136,0
DA:140,0
DA:148,0
DA:152,1
LF:53
LH:4
BRDA:13,0,0,0
BRDA:16,1,0,0
BRDA:25,2,0,0
BRDA:25,2,1,0
BRDA:29,3,0,0
BRDA:46,4,0,0
BRDA:51,5,0,0
BRDA:74,6,0,0
BRDA:74,6,1,0
BRDA:97,7,0,0
BRDA:102,8,0,0
BRDA:114,9,0,0
BRDA:114,9,1,0
BRF:13
BRH:0
end_of_record
TN:
SF:src\modules\goodsCampaigns\goodsCampaigns.controller.ts
FN:10,(anonymous_0)
FN:17,(anonymous_1)
FN:25,(anonymous_2)
FN:33,(anonymous_3)
FN:44,(anonymous_4)
FN:57,(anonymous_5)
FNF:6
FNH:0
FNDA:0,(anonymous_0)
FNDA:0,(anonymous_1)
FNDA:0,(anonymous_2)
FNDA:0,(anonymous_3)
FNDA:0,(anonymous_4)
FNDA:0,(anonymous_5)
DA:3,1
DA:9,1
DA:11,0
DA:12,0
DA:13,0
DA:14,0
DA:18,0
DA:19,0
DA:20,0
DA:21,0
DA:22,0
DA:26,0
DA:27,0
DA:28,0
DA:29,0
DA:30,0
DA:34,0
DA:35,0
DA:36,0
DA:40,0
DA:41,0
DA:45,0
DA:46,0
DA:47,0
DA:48,0
DA:53,0
DA:54,0
DA:58,0
DA:59,0
DA:60,0
DA:61,0
DA:62,0
DA:63,0
DA:67,1
LF:34
LH:3
BRDA:27,0,0,0
BRDA:35,1,0,0
BRDA:46,2,0,0
BRDA:59,3,0,0
BRF:4
BRH:0
end_of_record
TN:
SF:src\modules\goodsCampaigns\goodsCampaigns.routes.ts
FN:19,(anonymous_0)
FN:28,(anonymous_1)
FN:36,(anonymous_2)
FN:45,(anonymous_3)
FN:54,(anonymous_4)
FN:63,(anonymous_5)
FNF:6
FNH:0
FNDA:0,(anonymous_0)
FNDA:0,(anonymous_1)
FNDA:0,(anonymous_2)
FNDA:0,(anonymous_3)
FNDA:0,(anonymous_4)
FNDA:0,(anonymous_5)
DA:1,1
DA:2,1
DA:3,1
DA:4,1
DA:5,1
DA:6,1
DA:12,1
DA:17,1
DA:19,0
DA:23,1
DA:28,0
DA:32,1
DA:36,0
DA:42,1
DA:45,0
DA:49,1
DA:54,0
DA:58,1
DA:63,0
DA:66,1
LF:20
LH:14
BRF:0
BRH:0
end_of_record
TN:
SF:src\modules\goodsCampaigns\goodsCampaigns.schema.ts
FNF:0
FNH:0
DA:1,1
DA:3,1
DA:18,1
DA:24,1
LF:4
LH:4
BRF:0
BRH:0
end_of_record
TN:
SF:src\modules\goodsCampaigns\goodsCampaigns.service.ts
FN:15,(anonymous_0)
FN:24,(anonymous_1)
FN:33,(anonymous_2)
FN:43,(anonymous_3)
FN:69,(anonymous_4)
FN:110,(anonymous_5)
FNF:6
FNH:0
FNDA:0,(anonymous_0)
FNDA:0,(anonymous_1)
FNDA:0,(anonymous_2)
FNDA:0,(anonymous_3)
FNDA:0,(anonymous_4)
FNDA:0,(anonymous_5)
DA:1,1
DA:2,1
DA:8,1
DA:14,1
DA:16,0
DA:21,0
DA:25,0
DA:29,0
DA:30,0
DA:34,0
DA:40,0
DA:44,0
DA:66,0
DA:70,0
DA:71,0
DA:72,0
DA:75,0
DA:81,0
DA:82,0
DA:84,0
DA:85,0
DA:86,0
DA:87,0
DA:91,0
DA:93,0
DA:94,0
DA:96,0
DA:97,0
DA:99,0
DA:106,0
DA:107,0
DA:111,0
DA:112,0
DA:113,0
DA:116,0
DA:120,0
DA:121,0
DA:126,0
DA:130,1
LF:39
LH:5
BRDA:29,0,0,0
BRDA:55,1,0,0
BRDA:55,1,1,0
BRDA:60,2,0,0
BRDA:60,2,1,0
BRDA:61,3,0,0
BRDA:61,3,1,0
BRDA:63,4,0,0
BRDA:63,4,1,0
BRDA:71,5,0,0
BRDA:85,6,0,0
BRDA:91,7,0,0
BRDA:106,8,0,0
BRDA:112,9,0,0
BRDA:120,10,0,0
BRF:15
BRH:0
end_of_record
TN:
SF:src\modules\goodsDonations\goodsDonations.admin.routes.ts
FN:18,(anonymous_0)
FN:27,(anonymous_1)
FNF:2
FNH:0
FNDA:0,(anonymous_0)
FNDA:0,(anonymous_1)
DA:1,1
DA:2,1
DA:3,1
DA:4,1
DA:5,1
DA:6,1
DA:11,1
DA:14,1
DA:18,0
DA:22,1
DA:27,0
DA:30,1
LF:12
LH:10
BRF:0
BRH:0
end_of_record
TN:
SF:src\modules\goodsDonations\goodsDonations.controller.ts
FN:14,(anonymous_0)
FN:25,(anonymous_1)
FN:35,(anonymous_2)
FN:45,(anonymous_3)
FN:52,(anonymous_4)
FN:61,(anonymous_5)
FN:76,(anonymous_6)
FN:83,(anonymous_7)
FN:92,(anonymous_8)
FN:107,(anonymous_9)
FN:117,(anonymous_10)
FN:124,(anonymous_11)
FNF:12
FNH:0
FNDA:0,(anonymous_0)
FNDA:0,(anonymous_1)
FNDA:0,(anonymous_2)
FNDA:0,(anonymous_3)
FNDA:0,(anonymous_4)
FNDA:0,(anonymous_5)
FNDA:0,(anonymous_6)
FNDA:0,(anonymous_7)
FNDA:0,(anonymous_8)
FNDA:0,(anonymous_9)
FNDA:0,(anonymous_10)
FNDA:0,(anonymous_11)
DA:3,1
DA:11,1
DA:15,0
DA:16,0
DA:17,0
DA:21,0
DA:22,0
DA:26,0
DA:27,0
DA:28,0
DA:29,0
DA:30,0
DA:36,0
DA:37,0
DA:38,0
DA:39,0
DA:40,0
DA:46,0
DA:47,0
DA:48,0
DA:49,0
DA:53,0
DA:54,0
DA:55,0
DA:56,0
DA:57,0
DA:58,0
DA:62,0
DA:63,0
DA:64,0
DA:65,0
DA:70,0
DA:71,0
DA:77,0
DA:78,0
DA:79,0
DA:80,0
DA:84,0
DA:85,0
DA:86,0
DA:87,0
DA:88,0
DA:89,0
DA:93,0
DA:94,0
DA:95,0
DA:96,0
DA:101,0
DA:102,0
DA:108,0
DA:109,0
DA:110,0
DA:111,0
DA:112,0
DA:118,0
DA:119,0
DA:120,0
DA:121,0
DA:125,0
DA:126,0
DA:127,0
DA:128,0
DA:133,0
DA:134,0
DA:138,1
LF:65
LH:3
BRDA:16,0,0,0
BRDA:27,1,0,0
BRDA:54,2,0,0
BRDA:63,3,0,0
BRDA:85,4,0,0
BRDA:94,5,0,0
BRDA:109,6,0,0
BRDA:126,7,0,0
BRF:8
BRH:0
end_of_record
TN:
SF:src\modules\goodsDonations\goodsDonations.routes.ts
FN:22,(anonymous_0)
FN:30,(anonymous_1)
FN:38,(anonymous_2)
FN:46,(anonymous_3)
FN:55,(anonymous_4)
FN:66,(anonymous_5)
FN:75,(anonymous_6)
FN:84,(anonymous_7)
FN:93,(anonymous_8)
FN:102,(anonymous_9)
FNF:10
FNH:0
FNDA:0,(anonymous_0)
FNDA:0,(anonymous_1)
FNDA:0,(anonymous_2)
FNDA:0,(anonymous_3)
FNDA:0,(anonymous_4)
FNDA:0,(anonymous_5)
FNDA:0,(anonymous_6)
FNDA:0,(anonymous_7)
FNDA:0,(anonymous_8)
FNDA:0,(anonymous_9)
DA:1,1
DA:2,1
DA:3,1
DA:4,1
DA:5,1
DA:6,1
DA:13,1
DA:18,1
DA:22,0
DA:26,1
DA:30,0
DA:34,1
DA:38,0
DA:42,1
DA:46,0
DA:50,1
DA:55,0
DA:61,1
DA:66,0
DA:70,1
DA:75,0
DA:79,1
DA:84,0
DA:88,1
DA:93,0
DA:97,1
DA:102,0
DA:105,1
LF:28
LH:18
BRF:0
BRH:0
end_of_record
TN:
SF:src\modules\goodsDonations\goodsDonations.schema.ts
FNF:0
FNH:0
DA:1,1
DA:3,1
DA:17,1
DA:23,1
DA:27,1
DA:33,1
LF:6
LH:6
BRF:0
BRH:0
end_of_record
TN:
SF:src\modules\goodsDonations\goodsDonations.service.ts
FN:25,logStatus
FN:43,(anonymous_1)
FN:95,(anonymous_2)
FN:107,(anonymous_3)
FN:118,(anonymous_4)
FN:127,(anonymous_5)
FN:159,(anonymous_6)
FN:200,(anonymous_7)
FN:209,(anonymous_8)
FN:246,(anonymous_9)
FN:282,(anonymous_10)
FN:294,(anonymous_11)
FN:302,(anonymous_12)
FNF:13
FNH:0
FNDA:0,logStatus
FNDA:0,(anonymous_1)
FNDA:0,(anonymous_2)
FNDA:0,(anonymous_3)
FNDA:0,(anonymous_4)
FNDA:0,(anonymous_5)
FNDA:0,(anonymous_6)
FNDA:0,(anonymous_7)
FNDA:0,(anonymous_8)
FNDA:0,(anonymous_9)
FNDA:0,(anonymous_10)
FNDA:0,(anonymous_11)
FNDA:0,(anonymous_12)
DA:2,1
DA:3,1
DA:11,1
DA:33,0
DA:40,1
DA:44,0
DA:48,0
DA:49,0
DA:50,0
DA:52,0
DA:53,0
DA:56,0
DA:57,0
DA:58,0
DA:60,0
DA:82,0
DA:83,0
DA:85,0
DA:86,0
DA:88,0
DA:89,0
DA:91,0
DA:96,0
DA:102,0
DA:108,0
DA:112,0
DA:113,0
DA:119,0
DA:124,0
DA:128,0
DA:129,0
DA:130,0
DA:133,0
DA:134,0
DA:135,0
DA:137,0
DA:144,0
DA:145,0
DA:148,0
DA:149,0
DA:150,0
DA:152,0
DA:153,0
DA:155,0
DA:160,0
DA:161,0
DA:162,0
DA:164,0
DA:165,0
DA:168,0
DA:169,0
DA:170,0
DA:172,0
DA:185,0
DA:188,0
DA:189,0
DA:191,0
DA:192,0
DA:194,0
DA:201,0
DA:206,0
DA:210,0
DA:211,0
DA:212,0
DA:215,0
DA:216,0
DA:217,0
DA:219,0
DA:227,0
DA:228,0
DA:235,0
DA:236,0
DA:237,0
DA:239,0
DA:240,0
DA:242,0
DA:247,0
DA:248,0
DA:249,0
DA:252,0
DA:253,0
DA:254,0
DA:256,0
DA:267,0
DA:270,0
DA:271,0
DA:273,0
DA:274,0
DA:276,0
DA:283,0
DA:289,0
DA:295,0
DA:299,0
DA:303,0
DA:305,0
DA:306,0
DA:307,0
DA:309,0
DA:319,0
DA:320,0
DA:321,0
DA:329,0
DA:332,0
DA:333,0
DA:335,0
DA:336,0
DA:338,0
DA:343,1
LF:108
LH:5
BRDA:36,0,0,0
BRDA:36,0,1,0
BRDA:48,1,0,0
BRDA:49,2,0,0
BRDA:52,3,0,0
BRDA:72,4,0,0
BRDA:72,4,1,0
BRDA:76,5,0,0
BRDA:76,5,1,0
BRDA:77,6,0,0
BRDA:77,6,1,0
BRDA:112,7,0,0
BRDA:129,8,0,0
BRDA:144,9,0,0
BRDA:161,10,0,0
BRDA:164,11,0,0
BRDA:182,12,0,0
BRDA:182,12,1,0
BRDA:211,13,0,0
BRDA:227,14,0,0
BRDA:227,14,1,0
BRDA:248,15,0,0
BRDA:316,16,0,0
BRDA:316,16,1,0
BRDA:319,17,0,0
BRDA:319,18,0,0
BRDA:319,18,1,0
BRDA:320,19,0,0
BRDA:320,19,1,0
BRF:29
BRH:0
end_of_record
TN:
SF:src\modules\inkind\inkind.controller.ts
FN:6,(anonymous_0)
FN:15,(anonymous_1)
FN:24,(anonymous_2)
FN:33,(anonymous_3)
FN:42,(anonymous_4)
FN:55,(anonymous_5)
FN:64,(anonymous_6)
FN:77,(anonymous_7)
FN:86,(anonymous_8)
FNF:9
FNH:0
FNDA:0,(anonymous_0)
FNDA:0,(anonymous_1)
FNDA:0,(anonymous_2)
FNDA:0,(anonymous_3)
FNDA:0,(anonymous_4)
FNDA:0,(anonymous_5)
FNDA:0,(anonymous_6)
FNDA:0,(anonymous_7)
FNDA:0,(anonymous_8)
DA:3,1
DA:5,1
DA:7,0
DA:8,0
DA:9,0
DA:11,0
DA:16,0
DA:17,0
DA:18,0
DA:20,0
DA:25,0
DA:26,0
DA:27,0
DA:29,0
DA:34,0
DA:35,0
DA:36,0
DA:38,0
DA:43,0
DA:44,0
DA:49,0
DA:51,0
DA:56,0
DA:57,0
DA:58,0
DA:60,0
DA:65,0
DA:66,0
DA:71,0
DA:73,0
DA:78,0
DA:79,0
DA:80,0
DA:82,0
DA:87,0
DA:88,0
DA:89,0
DA:91,0
DA:96,1
LF:39
LH:3
BRF:0
BRH:0
end_of_record
TN:
SF:src\modules\inkind\inkind.routes.ts
FN:21,(anonymous_0)
FN:29,(anonymous_1)
FN:37,(anonymous_2)
FN:46,(anonymous_3)
FN:54,(anonymous_4)
FN:63,(anonymous_5)
FN:72,(anonymous_6)
FN:81,(anonymous_7)
FN:90,(anonymous_8)
FNF:9
FNH:0
FNDA:0,(anonymous_0)
FNDA:0,(anonymous_1)
FNDA:0,(anonymous_2)
FNDA:0,(anonymous_3)
FNDA:0,(anonymous_4)
FNDA:0,(anonymous_5)
FNDA:0,(anonymous_6)
FNDA:0,(anonymous_7)
FNDA:0,(anonymous_8)
DA:1,1
DA:2,1
DA:3,1
DA:4,1
DA:5,1
DA:6,1
DA:14,1
DA:17,1
DA:21,0
DA:25,1
DA:29,0
DA:33,1
DA:37,0
DA:41,1
DA:46,0
DA:50,1
DA:54,0
DA:58,1
DA:63,0
DA:67,1
DA:72,0
DA:76,1
DA:81,0
DA:85,1
DA:90,0
DA:93,1
LF:26
LH:17
BRF:0
BRH:0
end_of_record
TN:
SF:src\modules\inkind\inkind.schema.ts
FNF:0
FNH:0
DA:1,1
DA:3,1
DA:12,1
DA:18,1
DA:22,1
DA:23,1
LF:6
LH:6
BRF:0
BRH:0
end_of_record
TN:
SF:src\modules\inkind\inkind.service.ts
FN:10,(anonymous_0)
FN:29,(anonymous_1)
FN:40,(anonymous_2)
FN:55,(anonymous_3)
FN:67,(anonymous_4)
FN:92,(anonymous_5)
FN:111,(anonymous_6)
FN:167,(anonymous_7)
FN:201,(anonymous_8)
FNF:9
FNH:0
FNDA:0,(anonymous_0)
FNDA:0,(anonymous_1)
FNDA:0,(anonymous_2)
FNDA:0,(anonymous_3)
FNDA:0,(anonymous_4)
FNDA:0,(anonymous_5)
FNDA:0,(anonymous_6)
FNDA:0,(anonymous_7)
FNDA:0,(anonymous_8)
DA:1,1
DA:2,1
DA:9,1
DA:11,0
DA:26,0
DA:30,0
DA:37,0
DA:41,0
DA:52,0
DA:56,0
DA:63,0
DA:64,0
DA:68,0
DA:72,0
DA:73,0
DA:74,0
DA:77,0
DA:78,0
DA:85,0
DA:87,0
DA:88,0
DA:93,0
DA:97,0
DA:98,0
DA:100,0
DA:108,0
DA:112,0
DA:113,0
DA:114,0
DA:117,0
DA:126,0
DA:128,0
DA:129,0
DA:130,0
DA:131,0
DA:133,0
DA:136,0
DA:144,0
DA:150,0
DA:157,0
DA:158,0
DA:160,0
DA:161,0
DA:163,0
DA:168,0
DA:169,0
DA:170,0
DA:172,0
DA:181,0
DA:182,0
DA:183,0
DA:184,0
DA:186,0
DA:191,0
DA:192,0
DA:194,0
DA:195,0
DA:197,0
DA:202,0
DA:221,0
DA:225,1
LF:61
LH:4
BRDA:19,0,0,0
BRDA:19,0,1,0
BRDA:20,1,0,0
BRDA:20,1,1,0
BRDA:63,2,0,0
BRDA:72,3,0,0
BRDA:73,4,0,0
BRDA:83,5,0,0
BRDA:83,5,1,0
BRDA:83,6,0,0
BRDA:83,6,1,0
BRDA:87,7,0,0
BRDA:97,8,0,0
BRDA:98,9,0,0
BRDA:126,10,0,0
BRDA:129,11,0,0
BRDA:130,12,0,0
BRDA:131,13,0,0
BRDA:140,14,0,0
BRDA:140,14,1,0
BRDA:158,15,0,0
BRDA:158,15,1,0
BRDA:181,16,0,0
BRDA:183,17,0,0
BRDA:184,18,0,0
BRF:25
BRH:0
end_of_record
TN:
SF:src\modules\media\cloudinary.service.ts
FN:16,(anonymous_0)
FN:17,(anonymous_1)
FN:25,(anonymous_2)
FN:44,(anonymous_3)
FNF:4
FNH:0
FNDA:0,(anonymous_0)
FNDA:0,(anonymous_1)
FNDA:0,(anonymous_2)
FNDA:0,(anonymous_3)
DA:1,1
DA:2,1
DA:3,1
DA:4,1
DA:6,1
DA:12,1
DA:17,0
DA:18,0
DA:26,0
DA:27,0
DA:28,0
DA:30,0
DA:31,0
DA:33,0
DA:37,0
DA:45,0
DA:46,0
DA:48,0
DA:53,1
LF:19
LH:7
BRDA:16,0,0,0
BRDA:26,1,0,0
BRDA:30,2,0,0
BRF:3
BRH:0
end_of_record
TN:
SF:src\modules\media\media.controller.ts
FN:7,(anonymous_0)
FNF:1
FNH:0
FNDA:0,(anonymous_0)
DA:3,1
DA:4,1
DA:6,1
DA:8,0
DA:9,0
DA:10,0
DA:14,0
DA:16,0
DA:18,0
DA:20,0
DA:25,1
LF:11
LH:4
BRDA:9,0,0,0
BRDA:14,1,0,0
BRDA:14,1,1,0
BRF:3
BRH:0
end_of_record
TN:
SF:src\modules\media\media.routes.ts
FN:15,(anonymous_1)
FN:32,(anonymous_2)
FNF:2
FNH:0
FNDA:0,(anonymous_1)
FNDA:0,(anonymous_2)
DA:1,1
DA:2,1
DA:3,1
DA:4,1
DA:6,1
DA:9,1
DA:10,1
DA:16,0
DA:17,0
DA:19,0
DA:28,1
DA:32,0
DA:35,1
LF:13
LH:9
BRDA:16,0,0,0
BRDA:16,0,1,0
BRF:2
BRH:0
end_of_record
TN:
SF:src\modules\ngo\ngo.controller.ts
FN:7,(anonymous_0)
FN:15,(anonymous_1)
FN:23,(anonymous_2)
FN:31,(anonymous_3)
FNF:4
FNH:0
FNDA:0,(anonymous_0)
FNDA:0,(anonymous_1)
FNDA:0,(anonymous_2)
FNDA:0,(anonymous_3)
DA:3,1
DA:4,1
DA:6,1
DA:8,0
DA:9,0
DA:10,0
DA:11,0
DA:12,0
DA:16,0
DA:17,0
DA:18,0
DA:19,0
DA:20,0
DA:24,0
DA:25,0
DA:26,0
DA:27,0
DA:28,0
DA:32,0
DA:33,0
DA:34,0
DA:35,0
DA:36,0
DA:40,1
LF:24
LH:4
BRDA:9,0,0,0
BRDA:17,1,0,0
BRDA:25,2,0,0
BRF:3
BRH:0
end_of_record
TN:
SF:src\modules\ngo\ngo.routes.ts
FN:11,(anonymous_0)
FN:19,(anonymous_1)
FN:20,(anonymous_2)
FN:21,(anonymous_3)
FNF:4
FNH:0
FNDA:0,(anonymous_0)
FNDA:0,(anonymous_1)
FNDA:0,(anonymous_2)
FNDA:0,(anonymous_3)
DA:1,1
DA:2,1
DA:3,1
DA:4,1
DA:6,1
DA:11,1
DA:16,1
DA:17,1
DA:19,1
DA:20,1
DA:21,1
DA:23,1
LF:12
LH:12
BRF:0
BRH:0
end_of_record
TN:
SF:src\modules\ngo\ngo.service.ts
FN:8,(anonymous_0)
FN:16,(anonymous_1)
FN:60,(anonymous_2)
FN:75,(anonymous_3)
FN:91,(anonymous_4)
FNF:5
FNH:0
FNDA:0,(anonymous_0)
FNDA:0,(anonymous_1)
FNDA:0,(anonymous_2)
FNDA:0,(anonymous_3)
FNDA:0,(anonymous_4)
DA:1,1
DA:2,1
DA:4,1
DA:9,0
DA:10,0
DA:17,0
DA:18,0
DA:20,0
DA:40,0
DA:41,0
DA:43,0
DA:61,0
DA:68,0
DA:69,0
DA:76,0
DA:77,0
DA:79,0
DA:85,0
DA:92,0
DA:102,0
DA:104,0
DA:111,1
LF:22
LH:4
BRDA:10,0,0,0
BRDA:10,0,1,0
BRDA:18,1,0,0
BRDA:68,2,0,0
BRDA:77,3,0,0
BRDA:102,4,0,0
BRF:6
BRH:0
end_of_record
TN:
SF:src\modules\notifications\notification.service.ts
FN:18,(anonymous_0)
FN:32,(anonymous_1)
FN:46,(anonymous_2)
FN:60,(anonymous_3)
FN:74,(anonymous_4)
FNF:5
FNH:0
FNDA:0,(anonymous_0)
FNDA:0,(anonymous_1)
FNDA:0,(anonymous_2)
FNDA:0,(anonymous_3)
FNDA:0,(anonymous_4)
DA:1,1
DA:14,1
DA:19,0
DA:26,0
DA:33,0
DA:40,0
DA:47,0
DA:54,0
DA:61,0
DA:68,0
DA:75,0
DA:82,0
DA:86,1
LF:13
LH:3
BRF:0
BRH:0
end_of_record
TN:
SF:src\modules\tasks\tasks.controller.ts
FN:8,(anonymous_0)
FN:16,(anonymous_1)
FN:25,(anonymous_2)
FN:39,(anonymous_3)
FN:47,(anonymous_4)
FN:55,(anonymous_5)
FN:64,(anonymous_6)
FN:76,(anonymous_7)
FN:88,(anonymous_8)
FN:100,(anonymous_9)
FN:105,(anonymous_10)
FNF:11
FNH:0
FNDA:0,(anonymous_0)
FNDA:0,(anonymous_1)
FNDA:0,(anonymous_2)
FNDA:0,(anonymous_3)
FNDA:0,(anonymous_4)
FNDA:0,(anonymous_5)
FNDA:0,(anonymous_6)
FNDA:0,(anonymous_7)
FNDA:0,(anonymous_8)
FNDA:0,(anonymous_9)
FNDA:0,(anonymous_10)
DA:3,1
DA:5,1
DA:7,1
DA:9,0
DA:10,0
DA:11,0
DA:12,0
DA:13,0
DA:17,0
DA:18,0
DA:20,0
DA:21,0
DA:22,0
DA:26,0
DA:27,0
DA:28,0
DA:31,0
DA:32,0
DA:35,0
DA:36,0
DA:40,0
DA:41,0
DA:42,0
DA:43,0
DA:44,0
DA:48,0
DA:49,0
DA:50,0
DA:51,0
DA:52,0
DA:56,0
DA:57,0
DA:58,0
DA:59,0
DA:60,0
DA:61,0
DA:65,0
DA:66,0
DA:67,0
DA:68,0
DA:69,0
DA:73,0
DA:77,0
DA:78,0
DA:79,0
DA:80,0
DA:81,0
DA:85,0
DA:89,0
DA:90,0
DA:91,0
DA:92,0
DA:93,0
DA:97,0
DA:101,0
DA:102,0
DA:103,0
DA:104,0
DA:105,0
DA:114,0
DA:118,1
LF:61
LH:4
BRDA:10,0,0,0
BRDA:31,1,0,0
BRDA:41,2,0,0
BRDA:49,3,0,0
BRDA:57,4,0,0
BRDA:66,5,0,0
BRDA:78,6,0,0
BRDA:90,7,0,0
BRDA:109,8,0,0
BRDA:109,8,1,0
BRF:10
BRH:0
end_of_record
TN:
SF:src\modules\tasks\tasks.routes.ts
FN:18,(anonymous_0)
FN:29,(anonymous_1)
FN:40,(anonymous_2)
FN:52,(anonymous_3)
FN:63,(anonymous_4)
FN:75,(anonymous_5)
FN:88,(anonymous_6)
FN:100,(anonymous_7)
FN:112,(anonymous_8)
FN:123,(anonymous_9)
FNF:10
FNH:0
FNDA:0,(anonymous_0)
FNDA:0,(anonymous_1)
FNDA:0,(anonymous_2)
FNDA:0,(anonymous_3)
FNDA:0,(anonymous_4)
FNDA:0,(anonymous_5)
FNDA:0,(anonymous_6)
FNDA:0,(anonymous_7)
FNDA:0,(anonymous_8)
FNDA:0,(anonymous_9)
DA:1,1
DA:2,1
DA:3,1
DA:4,1
DA:5,1
DA:6,1
DA:8,1
DA:15,1
DA:18,0
DA:25,1
DA:29,0
DA:36,1
DA:40,0
DA:47,1
DA:52,0
DA:59,1
DA:63,0
DA:70,1
DA:75,0
DA:83,1
DA:88,0
DA:95,1
DA:100,0
DA:107,1
DA:112,0
DA:119,1
DA:123,0
DA:126,1
LF:28
LH:18
BRF:0
BRH:0
end_of_record
TN:
SF:src\modules\tasks\tasks.schema.ts
FN:38,(anonymous_0)
FNF:1
FNH:0
FNDA:0,(anonymous_0)
DA:1,1
DA:3,1
DA:20,1
DA:39,0
DA:44,1
LF:5
LH:4
BRDA:39,0,0,0
BRDA:39,0,1,0
BRDA:39,0,2,0
BRDA:39,0,3,0
BRF:4
BRH:0
end_of_record
TN:
SF:src\modules\tasks\tasks.service.ts
FN:40,(anonymous_0)
FN:85,(anonymous_1)
FN:118,(anonymous_2)
FN:144,(anonymous_3)
FN:162,(anonymous_4)
FN:196,(anonymous_5)
FN:315,(anonymous_6)
FN:414,(anonymous_7)
FN:447,(anonymous_8)
FN:507,(anonymous_9)
FN:525,(anonymous_10)
FNF:11
FNH:0
FNDA:0,(anonymous_0)
FNDA:0,(anonymous_1)
FNDA:0,(anonymous_2)
FNDA:0,(anonymous_3)
FNDA:0,(anonymous_4)
FNDA:0,(anonymous_5)
FNDA:0,(anonymous_6)
FNDA:0,(anonymous_7)
FNDA:0,(anonymous_8)
FNDA:0,(anonymous_9)
FNDA:0,(anonymous_10)
DA:1,1
DA:2,1
DA:4,1
DA:5,1
DA:36,1
DA:41,0
DA:70,0
DA:73,0
DA:79,0
DA:86,0
DA:87,0
DA:89,0
DA:90,0
DA:91,0
DA:94,0
DA:112,0
DA:119,0
DA:134,0
DA:135,0
DA:138,0
DA:145,0
DA:156,0
DA:163,0
DA:189,0
DA:198,0
DA:203,0
DA:204,0
DA:207,0
DA:210,0
DA:212,0
DA:213,0
DA:217,0
DA:218,0
DA:223,0
DA:224,0
DA:230,0
DA:231,0
DA:235,0
DA:236,0
DA:237,0
DA:239,0
DA:242,0
DA:243,0
DA:246,0
DA:247,0
DA:248,0
DA:249,0
DA:252,0
DA:253,0
DA:254,0
DA:255,0
DA:256,0
DA:258,0
DA:259,0
DA:261,0
DA:265,0
DA:266,0
DA:269,0
DA:270,0
DA:275,0
DA:278,0
DA:279,0
DA:288,0
DA:289,0
DA:298,0
DA:299,0
DA:305,0
DA:316,0
DA:317,0
DA:319,0
DA:320,0
DA:323,0
DA:331,0
DA:332,0
DA:333,0
DA:336,0
DA:338,0
DA:339,0
DA:340,0
DA:346,0
DA:347,0
DA:348,0
DA:352,0
DA:363,0
DA:370,0
DA:375,0
DA:377,0
DA:380,0
DA:381,0
DA:382,0
DA:383,0
DA:390,0
DA:395,0
DA:396,0
DA:398,0
DA:402,0
DA:404,0
DA:405,0
DA:407,0
DA:415,0
DA:416,0
DA:424,0
DA:425,0
DA:428,0
DA:434,0
DA:435,0
DA:437,0
DA:440,0
DA:448,0
DA:449,0
DA:450,0
DA:451,0
DA:453,0
DA:458,0
DA:459,0
DA:460,0
DA:463,0
DA:465,0
DA:466,0
DA:467,0
DA:470,0
DA:471,0
DA:472,0
DA:475,0
DA:483,0
DA:489,0
DA:494,0
DA:495,0
DA:497,0
DA:498,0
DA:500,0
DA:508,0
DA:516,0
DA:526,0
DA:534,0
DA:538,1
LF:136
LH:6
BRDA:52,0,0,0
BRDA:52,0,1,0
BRDA:53,1,0,0
BRDA:53,1,1,0
BRDA:57,2,0,0
BRDA:57,2,1,0
BRDA:58,3,0,0
BRDA:58,3,1,0
BRDA:63,4,0,0
BRDA:63,4,1,0
BRDA:89,5,0,0
BRDA:134,6,0,0
BRDA:203,7,0,0
BRDA:210,8,0,0
BRDA:210,9,0,0
BRDA:210,9,1,0
BRDA:212,10,0,0
BRDA:217,11,0,0
BRDA:223,12,0,0
BRDA:230,13,0,0
BRDA:242,14,0,0
BRDA:242,15,0,0
BRDA:242,15,1,0
BRDA:253,16,0,0
BRDA:254,17,0,0
BRDA:254,17,1,0
BRDA:265,18,0,0
BRDA:278,19,0,0
BRDA:278,20,0,0
BRDA:278,20,1,0
BRDA:288,21,0,0
BRDA:288,22,0,0
BRDA:288,22,1,0
BRDA:298,23,0,0
BRDA:298,23,1,0
BRDA:316,24,0,0
BRDA:331,25,0,0
BRDA:338,26,0,0
BRDA:346,27,0,0
BRDA:380,28,0,0
BRDA:387,29,0,0
BRDA:387,29,1,0
BRDA:415,30,0,0
BRDA:424,31,0,0
BRDA:448,32,0,0
BRDA:458,33,0,0
BRDA:465,34,0,0
BRDA:470,35,0,0
BRF:48
BRH:0
end_of_record
TN:
SF:src\modules\users\users.controller.ts
FN:6,(anonymous_0)
FN:17,(anonymous_1)
FNF:2
FNH:0
FNDA:0,(anonymous_0)
FNDA:0,(anonymous_1)
DA:3,1
DA:5,1
DA:7,0
DA:8,0
DA:9,0
DA:10,0
DA:11,0
DA:13,0
DA:18,0
DA:19,0
DA:20,0
DA:21,0
DA:22,0
DA:24,0
DA:29,1
LF:15
LH:3
BRDA:8,0,0,0
BRDA:19,1,0,0
BRF:2
BRH:0
end_of_record
TN:
SF:src\modules\users\users.routes.ts
FN:11,(anonymous_0)
FN:12,(anonymous_1)
FNF:2
FNH:0
FNDA:0,(anonymous_0)
FNDA:0,(anonymous_1)
DA:1,1
DA:2,1
DA:3,1
DA:4,1
DA:6,1
DA:8,1
DA:9,1
DA:11,1
DA:12,1
DA:14,1
LF:10
LH:10
BRF:0
BRH:0
end_of_record
TN:
SF:src\modules\users\users.service.ts
FN:5,(anonymous_0)
FN:23,(anonymous_1)
FNF:2
FNH:0
FNDA:0,(anonymous_0)
FNDA:0,(anonymous_1)
DA:1,1
DA:2,1
DA:4,1
DA:7,0
DA:12,0
DA:13,0
DA:14,0
DA:16,0
DA:20,0
DA:24,0
DA:28,0
DA:29,0
DA:33,1
LF:13
LH:4
BRDA:12,0,0,0
BRDA:13,1,0,0
BRDA:14,2,0,0
BRDA:28,3,0,0
BRF:4
BRH:0
end_of_record
TN:
SF:src\modules\withdrawals\withdrawals.controller.ts
FN:9,(anonymous_0)
FN:20,(anonymous_1)
FN:29,(anonymous_2)
FN:38,(anonymous_3)
FNF:4
FNH:0
FNDA:0,(anonymous_0)
FNDA:0,(anonymous_1)
FNDA:0,(anonymous_2)
FNDA:0,(anonymous_3)
DA:3,1
DA:5,1
DA:6,1
DA:8,1
DA:10,0
DA:11,0
DA:12,0
DA:16,0
DA:17,0
DA:21,0
DA:22,0
DA:23,0
DA:24,0
DA:25,0
DA:26,0
DA:30,0
DA:31,0
DA:32,0
DA:33,0
DA:34,0
DA:35,0
DA:39,0
DA:40,0
DA:41,0
DA:42,0
DA:43,0
DA:47,1
LF:27
LH:5
BRDA:11,0,0,0
BRDA:22,1,0,0
BRDA:31,2,0,0
BRDA:40,3,0,0
BRF:4
BRH:0
end_of_record
TN:
SF:src\modules\withdrawals\withdrawals.routes.ts
FN:15,(anonymous_0)
FN:22,(anonymous_1)
FN:30,(anonymous_2)
FN:38,(anonymous_3)
FNF:4
FNH:0
FNDA:0,(anonymous_0)
FNDA:0,(anonymous_1)
FNDA:0,(anonymous_2)
FNDA:0,(anonymous_3)
DA:1,1
DA:2,1
DA:3,1
DA:4,1
DA:5,1
DA:6,1
DA:8,1
DA:10,1
DA:15,0
DA:18,1
DA:22,0
DA:25,1
DA:30,0
DA:33,1
DA:38,0
DA:41,1
LF:16
LH:12
BRF:0
BRH:0
end_of_record
TN:
SF:src\modules\withdrawals\withdrawals.schema.ts
FNF:0
FNH:0
DA:1,1
DA:3,1
DA:8,1
LF:3
LH:3
BRF:0
BRH:0
end_of_record
TN:
SF:src\modules\withdrawals\withdrawals.service.ts
FN:6,(anonymous_0)
FN:43,(anonymous_1)
FN:105,(anonymous_2)
FN:145,(anonymous_3)
FNF:4
FNH:0
FNDA:0,(anonymous_0)
FNDA:0,(anonymous_1)
FNDA:0,(anonymous_2)
FNDA:0,(anonymous_3)
DA:1,1
DA:2,1
DA:5,1
DA:7,0
DA:8,0
DA:9,0
DA:12,0
DA:17,0
DA:18,0
DA:21,0
DA:22,0
DA:23,0
DA:26,0
DA:33,0
DA:34,0
DA:36,0
DA:37,0
DA:39,0
DA:44,0
DA:45,0
DA:46,0
DA:48,0
DA:53,0
DA:54,0
DA:57,0
DA:58,0
DA:59,0
DA:63,0
DA:68,0
DA:69,0
DA:70,0
DA:73,0
DA:78,0
DA:83,0
DA:89,0
DA:95,0
DA:96,0
DA:98,0
DA:99,0
DA:101,0
DA:106,0
DA:107,0
DA:108,0
DA:110,0
DA:115,0
DA:116,0
DA:119,0
DA:120,0
DA:121,0
DA:124,0
DA:129,0
DA:135,0
DA:136,0
DA:138,0
DA:139,0
DA:141,0
DA:146,0
DA:150,0
DA:154,1
LF:59
LH:4
BRDA:17,0,0,0
BRDA:22,1,0,0
BRDA:53,2,0,0
BRDA:58,3,0,0
BRDA:69,4,0,0
BRDA:92,5,0,0
BRDA:92,5,1,0
BRDA:115,6,0,0
BRDA:120,7,0,0
BRDA:132,8,0,0
BRDA:132,8,1,0
BRF:11
BRH:0
end_of_record
TN:
SF:src\system\state\system.state.service.ts
FN:6,(anonymous_0)
FN:10,(anonymous_1)
FN:16,(anonymous_2)
FN:20,(anonymous_3)
FN:26,(anonymous_4)
FN:39,(anonymous_5)
FNF:6
FNH:0
FNDA:0,(anonymous_0)
FNDA:0,(anonymous_1)
FNDA:0,(anonymous_2)
FNDA:0,(anonymous_3)
FNDA:0,(anonymous_4)
FNDA:0,(anonymous_5)
DA:1,1
DA:2,1
DA:3,1
DA:7,0
DA:11,0
DA:12,0
DA:13,0
DA:17,0
DA:21,0
DA:22,0
DA:23,0
DA:31,0
DA:33,0
DA:35,0
DA:36,0
DA:45,0
DA:46,0
DA:66,1
LF:18
LH:4
BRDA:12,0,0,0
BRDA:22,1,0,0
BRDA:55,2,0,0
BRDA:55,2,1,0
BRF:4
BRH:0
end_of_record
TN:
SF:src\system\state\system.state.store.ts
FN:26,(anonymous_0)
FN:72,(anonymous_1)
FN:86,(anonymous_2)
FN:90,(anonymous_3)
FN:94,(anonymous_4)
FN:98,(anonymous_5)
FN:106,(anonymous_6)
FN:126,(anonymous_7)
FN:144,(anonymous_8)
FNF:9
FNH:0
FNDA:0,(anonymous_0)
FNDA:0,(anonymous_1)
FNDA:0,(anonymous_2)
FNDA:0,(anonymous_3)
FNDA:0,(anonymous_4)
FNDA:0,(anonymous_5)
FNDA:0,(anonymous_6)
FNDA:0,(anonymous_7)
FNDA:0,(anonymous_8)
DA:1,1
DA:14,1
DA:17,1
DA:18,1
DA:19,1
DA:20,1
DA:27,0
DA:29,0
DA:30,0
DA:34,0
DA:35,0
DA:36,0
DA:37,0
DA:38,0
DA:39,0
DA:42,0
DA:44,0
DA:45,0
DA:46,0
DA:47,0
DA:48,0
DA:49,0
DA:52,0
DA:53,0
DA:54,0
DA:55,0
DA:57,0
DA:62,0
DA:63,0
DA:66,0
DA:67,0
DA:68,0
DA:73,0
DA:74,0
DA:82,0
DA:87,0
DA:91,0
DA:95,0
DA:99,0
DA:107,0
DA:110,0
DA:111,0
DA:116,0
DA:120,0
DA:121,0
DA:122,0
DA:123,0
DA:127,0
DA:134,0
DA:149,0
DA:150,0
DA:169,1
LF:52
LH:7
BRDA:34,0,0,0
BRDA:44,1,0,0
BRDA:44,2,0,0
BRDA:44,2,1,0
BRDA:53,3,0,0
BRDA:53,3,1,0
BRDA:59,4,0,0
BRDA:59,4,1,0
BRDA:62,5,0,0
BRDA:62,6,0,0
BRDA:62,6,1,0
BRDA:130,7,0,0
BRDA:130,7,1,0
BRDA:131,8,0,0
BRDA:131,8,1,0
BRDA:158,9,0,0
BRDA:158,9,1,0
BRF:17
BRH:0
end_of_record
TN:
SF:src\system\state\system.state.ts
FNF:0
FNH:0
DA:31,1
DA:49,1
DA:56,1
LF:3
LH:3
BRF:0
BRH:0
end_of_record
