TN:
SF:src\server.ts
FN:31,(anonymous_1)
FN:38,(anonymous_2)
FN:67,(anonymous_3)
FN:86,(anonymous_4)
FN:96,(anonymous_5)
FN:104,(anonymous_6)
FN:107,(anonymous_7)
FN:115,(anonymous_8)
FN:121,(anonymous_9)
FN:122,(anonymous_10)
FNF:10
FNH:2
FNDA:4,(anonymous_1)
FNDA:0,(anonymous_2)
FNDA:0,(anonymous_3)
FNDA:0,(anonymous_4)
FNDA:1,(anonymous_5)
FNDA:0,(anonymous_6)
FNDA:0,(anonymous_7)
FNDA:0,(anonymous_8)
FNDA:0,(anonymous_9)
FNDA:0,(anonymous_10)
DA:1,1
DA:2,1
DA:3,1
DA:4,1
DA:5,1
DA:7,1
DA:8,1
DA:9,1
DA:10,1
DA:11,1
DA:14,1
DA:15,1
DA:16,1
DA:17,1
DA:18,1
DA:19,1
DA:22,1
DA:23,1
DA:25,1
DA:28,1
DA:31,4
DA:32,1
DA:34,1
DA:39,0
DA:40,0
DA:42,0
DA:43,0
DA:45,0
DA:46,0
DA:54,1
DA:57,1
DA:60,1
DA:63,1
DA:64,1
DA:67,1
DA:68,0
DA:69,0
DA:78,1
DA:79,1
DA:80,1
DA:81,1
DA:82,1
DA:83,1
DA:86,1
DA:87,0
DA:91,1
DA:94,1
DA:96,1
DA:101,1
DA:104,1
DA:105,0
DA:107,0
DA:108,0
DA:109,0
DA:110,0
DA:111,0
DA:115,0
DA:116,0
DA:117,0
DA:121,1
DA:122,1
DA:124,1
LF:62
LH:44
BRDA:35,0,0,1
BRDA:35,0,1,0
BRDA:39,1,0,0
BRDA:42,2,0,0
BRDA:69,3,0,0
BRDA:69,3,1,0
BRDA:70,4,0,0
BRDA:70,4,1,0
BRDA:73,5,0,0
BRDA:73,5,1,0
BRF:10
BRH:1
end_of_record
TN:
SF:src\config\database.ts
FN:18,(anonymous_0)
FN:26,checkDatabaseHealth
FNF:2
FNH:0
FNDA:0,(anonymous_0)
FNDA:0,checkDatabaseHealth
DA:1,1
DA:2,1
DA:4,1
DA:15,1
DA:18,1
DA:19,0
DA:20,0
DA:26,1
DA:27,0
DA:28,0
DA:29,0
DA:31,0
DA:32,0
LF:13
LH:6
BRF:0
BRH:0
end_of_record
TN:
SF:src\config\env.ts
FNF:0
FNH:0
DA:1,1
DA:2,1
DA:4,1
DA:6,1
DA:44,1
DA:46,1
DA:47,0
DA:48,0
DA:49,0
DA:52,1
LF:10
LH:7
BRDA:46,0,0,0
BRF:1
BRH:0
end_of_record
TN:
SF:src\middleware\auth.ts
FN:23,authenticate
FNF:1
FNH:1
FNDA:2,authenticate
DA:2,1
DA:3,1
DA:4,1
DA:23,1
DA:28,2
DA:29,2
DA:30,2
DA:31,2
DA:32,2
DA:35,0
DA:36,0
DA:37,0
DA:38,0
DA:41,0
DA:44,0
DA:52,0
DA:53,0
DA:54,0
DA:57,0
DA:58,0
DA:60,0
DA:61,0
DA:62,0
DA:64,0
DA:65,0
DA:66,0
DA:68,0
LF:27
LH:9
BRDA:30,0,0,2
BRDA:30,1,0,2
BRDA:30,1,1,0
BRDA:36,2,0,0
BRDA:52,3,0,0
BRDA:60,4,0,0
BRDA:64,5,0,0
BRF:7
BRH:2
end_of_record
TN:
SF:src\middleware\authorize.ts
FN:8,authorize
FN:9,(anonymous_1)
FNF:2
FNH:1
FNDA:8,authorize
FNDA:0,(anonymous_1)
DA:8,1
DA:9,8
DA:10,0
DA:11,0
DA:12,0
DA:15,0
DA:16,0
DA:21,0
DA:24,0
LF:9
LH:2
BRDA:10,0,0,0
BRDA:15,1,0,0
BRF:2
BRH:0
end_of_record
TN:
SF:src\middleware\errorHandler.ts
FN:12,errorHandler
FN:38,createError
FNF:2
FNH:0
FNDA:0,errorHandler
FNDA:0,createError
DA:2,1
DA:12,1
DA:18,0
DA:19,0
DA:21,0
DA:27,0
DA:38,1
DA:39,0
DA:40,0
DA:41,0
DA:42,0
LF:11
LH:3
BRDA:18,0,0,0
BRDA:18,0,1,0
BRDA:28,1,0,0
BRDA:28,1,1,0
BRDA:28,2,0,0
BRDA:28,2,1,0
BRDA:31,3,0,0
BRDA:31,3,1,0
BRF:8
BRH:0
end_of_record
TN:
SF:src\middleware\rateLimiter.ts
FN:17,(anonymous_1)
FNF:1
FNH:1
FNDA:3,(anonymous_1)
DA:1,1
DA:2,1
DA:8,1
DA:18,3
LF:4
LH:4
BRDA:18,0,0,3
BRDA:18,0,1,0
BRDA:18,0,2,0
BRF:3
BRH:1
end_of_record
TN:
SF:src\middleware\validate.ts
FN:8,validate
FN:13,(anonymous_1)
FN:29,(anonymous_2)
FNF:3
FNH:3
FNDA:14,validate
FNDA:1,(anonymous_1)
FNDA:1,(anonymous_2)
DA:2,1
DA:8,1
DA:13,14
DA:14,1
DA:15,1
DA:16,1
DA:18,0
DA:19,0
DA:21,0
DA:22,0
DA:24,0
DA:26,1
DA:27,1
DA:29,1
DA:34,1
DA:36,0
LF:16
LH:10
BRDA:15,0,0,1
BRDA:18,1,0,0
BRDA:21,2,0,0
BRDA:26,3,0,1
BRF:4
BRH:2
end_of_record
TN:
SF:src\modules\auth\auth.controller.ts
FN:7,(anonymous_0)
FN:17,(anonymous_1)
FN:27,(anonymous_2)
FNF:3
FNH:0
FNDA:0,(anonymous_0)
FNDA:0,(anonymous_1)
FNDA:0,(anonymous_2)
DA:3,1
DA:6,1
DA:8,0
DA:9,0
DA:10,0
DA:11,0
DA:13,0
DA:18,0
DA:19,0
DA:20,0
DA:21,0
DA:23,0
DA:28,0
DA:29,0
DA:30,0
DA:31,0
DA:33,0
DA:34,0
DA:36,0
DA:41,1
LF:20
LH:3
BRDA:29,0,0,0
BRF:1
BRH:0
end_of_record
TN:
SF:src\modules\auth\auth.routes.ts
FN:16,(anonymous_0)
FN:25,(anonymous_1)
FN:35,(anonymous_2)
FNF:3
FNH:0
FNDA:0,(anonymous_0)
FNDA:0,(anonymous_1)
FNDA:0,(anonymous_2)
DA:1,1
DA:2,1
DA:3,1
DA:4,1
DA:5,1
DA:7,1
DA:13,1
DA:16,0
DA:22,1
DA:25,0
DA:32,1
DA:35,0
DA:38,1
LF:13
LH:10
BRF:0
BRH:0
end_of_record
TN:
SF:src\modules\auth\auth.schema.ts
FN:11,(anonymous_0)
FN:19,(anonymous_1)
FNF:2
FNH:1
FNDA:1,(anonymous_0)
FNDA:0,(anonymous_1)
DA:1,1
DA:3,1
DA:11,1
DA:15,1
DA:19,0
LF:5
LH:4
BRDA:11,0,0,1
BRDA:11,0,1,0
BRDA:19,1,0,0
BRDA:19,1,1,0
BRF:4
BRH:1
end_of_record
TN:
SF:src\modules\auth\auth.service.ts
FN:12,(anonymous_1)
FN:93,(anonymous_2)
FN:133,(anonymous_3)
FN:153,(anonymous_4)
FNF:4
FNH:0
FNDA:0,(anonymous_1)
FNDA:0,(anonymous_2)
FNDA:0,(anonymous_3)
FNDA:0,(anonymous_4)
DA:1,1
DA:2,1
DA:3,1
DA:4,1
DA:5,1
DA:8,1
DA:14,0
DA:15,0
DA:19,0
DA:20,0
DA:24,0
DA:25,0
DA:28,0
DA:29,0
DA:33,0
DA:34,0
DA:39,0
DA:43,0
DA:44,0
DA:46,0
DA:49,0
DA:52,0
DA:67,0
DA:70,0
DA:71,0
DA:75,0
DA:76,0
DA:82,0
DA:84,0
DA:94,0
DA:95,0
DA:97,0
DA:105,0
DA:106,0
DA:109,0
DA:110,0
DA:112,0
DA:113,0
DA:116,0
DA:118,0
DA:134,0
DA:143,0
DA:144,0
DA:147,0
DA:154,0
DA:164,1
LF:46
LH:7
BRDA:14,0,0,0
BRDA:19,1,0,0
BRDA:24,2,0,0
BRDA:28,3,0,0
BRDA:33,4,0,0
BRDA:43,5,0,0
BRDA:57,6,0,0
BRDA:57,6,1,0
BRDA:58,7,0,0
BRDA:58,7,1,0
BRDA:62,8,0,0
BRDA:62,8,1,0
BRDA:70,9,0,0
BRDA:70,9,1,0
BRDA:75,10,0,0
BRDA:94,11,0,0
BRDA:94,11,1,0
BRDA:95,12,0,0
BRDA:95,12,1,0
BRDA:105,13,0,0
BRDA:112,14,0,0
BRDA:143,15,0,0
BRF:22
BRH:0
end_of_record
TN:
SF:src\modules\campaigns\campaigns.controller.ts
FN:9,(anonymous_0)
FN:29,(anonymous_1)
FN:37,(anonymous_2)
FN:45,(anonymous_3)
FNF:4
FNH:0
FNDA:0,(anonymous_0)
FNDA:0,(anonymous_1)
FNDA:0,(anonymous_2)
FNDA:0,(anonymous_3)
DA:3,1
DA:8,1
DA:10,0
DA:11,0
DA:15,0
DA:16,0
DA:17,0
DA:20,0
DA:25,0
DA:26,0
DA:30,0
DA:31,0
DA:32,0
DA:33,0
DA:34,0
DA:38,0
DA:39,0
DA:40,0
DA:41,0
DA:42,0
DA:46,0
DA:47,0
DA:48,0
DA:49,0
DA:50,0
DA:54,1
LF:26
LH:3
BRDA:11,0,0,0
BRDA:15,1,0,0
BRDA:17,2,0,0
BRDA:17,2,1,0
BRF:4
BRH:0
end_of_record
TN:
SF:src\modules\campaigns\campaigns.routes.ts
FN:17,(anonymous_0)
FN:29,(anonymous_1)
FN:39,(anonymous_2)
FN:50,(anonymous_3)
FNF:4
FNH:0
FNDA:0,(anonymous_0)
FNDA:0,(anonymous_1)
FNDA:0,(anonymous_2)
FNDA:0,(anonymous_3)
DA:1,1
DA:2,1
DA:3,1
DA:4,1
DA:5,1
DA:6,1
DA:8,1
DA:14,1
DA:17,0
DA:24,1
DA:29,0
DA:35,1
DA:39,0
DA:45,1
DA:50,0
DA:53,1
LF:16
LH:12
BRF:0
BRH:0
end_of_record
TN:
SF:src\modules\campaigns\campaigns.schema.ts
FNF:0
FNH:0
DA:1,1
DA:3,1
DA:11,1
DA:20,1
LF:4
LH:4
BRF:0
BRH:0
end_of_record
TN:
SF:src\modules\campaigns\campaigns.service.ts
FN:9,(anonymous_0)
FN:14,(anonymous_1)
FN:41,(anonymous_2)
FN:61,(anonymous_3)
FN:82,(anonymous_4)
FNF:5
FNH:0
FNDA:0,(anonymous_0)
FNDA:0,(anonymous_1)
FNDA:0,(anonymous_2)
FNDA:0,(anonymous_3)
FNDA:0,(anonymous_4)
DA:1,1
DA:2,1
DA:5,1
DA:10,0
DA:11,0
DA:19,0
DA:27,0
DA:28,0
DA:31,0
DA:38,0
DA:42,0
DA:43,0
DA:45,0
DA:58,0
DA:62,0
DA:75,0
DA:76,0
DA:79,0
DA:83,0
DA:84,0
DA:85,0
DA:87,0
DA:88,0
DA:89,0
DA:91,0
DA:92,0
DA:93,0
DA:95,0
DA:96,0
DA:97,0
DA:99,0
DA:100,0
DA:101,0
DA:103,0
DA:104,0
DA:105,0
DA:106,0
DA:109,0
DA:110,0
DA:113,0
DA:114,0
DA:119,0
DA:120,0
DA:123,0
DA:127,1
LF:45
LH:4
BRDA:11,0,0,0
BRDA:11,0,1,0
BRDA:20,1,0,0
BRDA:20,1,1,0
BRDA:23,2,0,0
BRDA:23,2,1,0
BRDA:27,3,0,0
BRDA:27,4,0,0
BRDA:27,4,1,0
BRDA:33,5,0,0
BRDA:33,5,1,0
BRDA:33,6,0,0
BRDA:33,6,1,0
BRDA:42,7,0,0
BRDA:42,7,1,0
BRDA:43,8,0,0
BRDA:43,8,1,0
BRDA:75,9,0,0
BRDA:87,10,0,0
BRDA:91,11,0,0
BRDA:95,12,0,0
BRDA:99,13,0,0
BRDA:103,14,0,0
BRDA:103,15,0,0
BRDA:103,15,1,0
BRDA:109,16,0,0
BRDA:119,17,0,0
BRF:27
BRH:0
end_of_record
TN:
SF:src\modules\chat\chat.controller.ts
FN:6,(anonymous_0)
FN:15,(anonymous_1)
FN:25,(anonymous_2)
FN:36,(anonymous_3)
FNF:4
FNH:0
FNDA:0,(anonymous_0)
FNDA:0,(anonymous_1)
FNDA:0,(anonymous_2)
FNDA:0,(anonymous_3)
DA:3,1
DA:5,1
DA:7,0
DA:8,0
DA:9,0
DA:10,0
DA:11,0
DA:12,0
DA:16,0
DA:17,0
DA:18,0
DA:19,0
DA:20,0
DA:21,0
DA:22,0
DA:26,0
DA:27,0
DA:28,0
DA:29,0
DA:30,0
DA:31,0
DA:32,0
DA:33,0
DA:37,0
DA:38,0
DA:39,0
DA:40,0
DA:41,0
DA:45,1
LF:29
LH:3
BRDA:8,0,0,0
BRDA:17,1,0,0
BRDA:27,2,0,0
BRDA:29,3,0,0
BRDA:29,3,1,0
BRDA:30,4,0,0
BRDA:30,4,1,0
BRDA:38,5,0,0
BRF:8
BRH:0
end_of_record
TN:
SF:src\modules\chat\chat.gateway.ts
FN:14,initializeChatGateway
FN:16,(anonymous_2)
FN:31,(anonymous_3)
FN:35,(anonymous_4)
FN:60,(anonymous_5)
FN:65,(anonymous_6)
FN:83,(anonymous_7)
FN:90,(anonymous_8)
FNF:8
FNH:1
FNDA:1,initializeChatGateway
FNDA:0,(anonymous_2)
FNDA:0,(anonymous_3)
FNDA:0,(anonymous_4)
FNDA:0,(anonymous_5)
FNDA:0,(anonymous_6)
FNDA:0,(anonymous_7)
FNDA:0,(anonymous_8)
DA:2,1
DA:3,1
DA:4,1
DA:5,1
DA:14,1
DA:16,1
DA:17,0
DA:18,0
DA:19,0
DA:22,0
DA:23,0
DA:24,0
DA:25,0
DA:27,0
DA:31,1
DA:32,0
DA:35,0
DA:36,0
DA:38,0
DA:40,0
DA:47,0
DA:48,0
DA:49,0
DA:52,0
DA:53,0
DA:55,0
DA:60,0
DA:61,0
DA:65,0
DA:66,0
DA:68,0
DA:69,0
DA:76,0
DA:78,0
DA:83,0
DA:84,0
DA:90,0
DA:91,0
LF:38
LH:7
BRDA:17,0,0,0
BRDA:17,0,1,0
BRDA:18,1,0,0
BRDA:18,2,0,0
BRDA:18,2,1,0
BRDA:36,3,0,0
BRDA:47,4,0,0
BRDA:66,5,0,0
BRF:8
BRH:0
end_of_record
TN:
SF:src\modules\chat\chat.routes.ts
FN:14,(anonymous_0)
FN:24,(anonymous_1)
FN:34,(anonymous_2)
FN:44,(anonymous_3)
FNF:4
FNH:0
FNDA:0,(anonymous_0)
FNDA:0,(anonymous_1)
FNDA:0,(anonymous_2)
FNDA:0,(anonymous_3)
DA:1,1
DA:2,1
DA:3,1
DA:5,1
DA:11,1
DA:14,0
DA:21,1
DA:24,0
DA:31,1
DA:34,0
DA:41,1
DA:44,0
DA:47,1
LF:13
LH:9
BRF:0
BRH:0
end_of_record
TN:
SF:src\modules\chat\chat.service.ts
FN:8,(anonymous_0)
FN:39,(anonymous_1)
FN:65,(anonymous_2)
FN:93,(anonymous_3)
FNF:4
FNH:0
FNDA:0,(anonymous_0)
FNDA:0,(anonymous_1)
FNDA:0,(anonymous_2)
FNDA:0,(anonymous_3)
DA:1,1
DA:2,1
DA:4,1
DA:10,0
DA:15,0
DA:16,0
DA:19,0
DA:27,0
DA:33,0
DA:41,0
DA:48,0
DA:49,0
DA:52,0
DA:59,0
DA:67,0
DA:74,0
DA:75,0
DA:78,0
DA:87,0
DA:94,0
DA:103,0
DA:107,1
LF:22
LH:4
BRDA:15,0,0,0
BRDA:48,1,0,0
BRDA:65,2,0,0
BRDA:65,3,0,0
BRDA:74,4,0,0
BRF:5
BRH:0
end_of_record
TN:
SF:src\modules\deliveries\deliveries.controller.ts
FN:7,(anonymous_0)
FN:18,(anonymous_1)
FN:31,(anonymous_2)
FNF:3
FNH:0
FNDA:0,(anonymous_0)
FNDA:0,(anonymous_1)
FNDA:0,(anonymous_2)
DA:3,1
DA:6,1
DA:8,0
DA:9,0
DA:10,0
DA:14,0
DA:15,0
DA:19,0
DA:20,0
DA:21,0
DA:22,0
DA:27,0
DA:28,0
DA:32,0
DA:33,0
DA:34,0
DA:35,0
DA:36,0
DA:40,1
LF:19
LH:3
BRDA:9,0,0,0
BRDA:20,1,0,0
BRF:2
BRH:0
end_of_record
TN:
SF:src\modules\deliveries\deliveries.routes.ts
FN:19,(anonymous_0)
FN:31,(anonymous_1)
FN:41,(anonymous_2)
FNF:3
FNH:0
FNDA:0,(anonymous_0)
FNDA:0,(anonymous_1)
FNDA:0,(anonymous_2)
DA:1,1
DA:2,1
DA:3,1
DA:4,1
DA:5,1
DA:6,1
DA:8,1
DA:14,1
DA:19,0
DA:26,1
DA:31,0
DA:38,1
DA:41,0
DA:44,1
LF:14
LH:11
BRF:0
BRH:0
end_of_record
TN:
SF:src\modules\deliveries\deliveries.schema.ts
FNF:0
FNH:0
DA:1,1
DA:3,1
DA:11,1
DA:16,1
LF:4
LH:4
BRF:0
BRH:0
end_of_record
TN:
SF:src\modules\deliveries\deliveries.service.ts
FN:9,(anonymous_0)
FN:76,(anonymous_1)
FN:175,(anonymous_2)
FNF:3
FNH:0
FNDA:0,(anonymous_0)
FNDA:0,(anonymous_1)
FNDA:0,(anonymous_2)
DA:1,1
DA:2,1
DA:5,1
DA:10,0
DA:12,0
DA:13,0
DA:16,0
DA:21,0
DA:22,0
DA:25,0
DA:27,0
DA:28,0
DA:31,0
DA:32,0
DA:36,0
DA:51,0
DA:57,0
DA:63,0
DA:64,0
DA:66,0
DA:67,0
DA:69,0
DA:77,0
DA:79,0
DA:80,0
DA:82,0
DA:90,0
DA:91,0
DA:94,0
DA:99,0
DA:100,0
DA:102,0
DA:103,0
DA:107,0
DA:108,0
DA:113,0
DA:118,0
DA:120,0
DA:126,0
DA:133,0
DA:143,0
DA:150,0
DA:155,0
DA:162,0
DA:163,0
DA:165,0
DA:166,0
DA:168,0
DA:176,0
DA:185,0
DA:189,1
LF:51
LH:4
BRDA:21,0,0,0
BRDA:27,1,0,0
BRDA:31,2,0,0
BRDA:46,3,0,0
BRDA:46,3,1,0
BRDA:90,4,0,0
BRDA:102,5,0,0
BRDA:107,6,0,0
BRDA:118,7,0,0
BRDA:118,7,1,0
BRF:10
BRH:0
end_of_record
TN:
SF:src\modules\donations\donations.controller.ts
FN:7,(anonymous_0)
FN:18,(anonymous_1)
FN:26,(anonymous_2)
FN:34,(anonymous_3)
FNF:4
FNH:0
FNDA:0,(anonymous_0)
FNDA:0,(anonymous_1)
FNDA:0,(anonymous_2)
FNDA:0,(anonymous_3)
DA:3,1
DA:6,1
DA:8,0
DA:9,0
DA:10,0
DA:14,0
DA:15,0
DA:19,0
DA:20,0
DA:21,0
DA:22,0
DA:23,0
DA:27,0
DA:28,0
DA:29,0
DA:30,0
DA:31,0
DA:35,0
DA:36,0
DA:37,0
DA:38,0
DA:39,0
DA:43,1
LF:23
LH:3
BRDA:9,0,0,0
BRDA:28,1,0,0
BRF:2
BRH:0
end_of_record
TN:
SF:src\modules\donations\donations.routes.ts
FN:18,(anonymous_0)
FN:28,(anonymous_1)
FN:40,(anonymous_2)
FN:50,(anonymous_3)
FNF:4
FNH:0
FNDA:0,(anonymous_0)
FNDA:0,(anonymous_1)
FNDA:0,(anonymous_2)
FNDA:0,(anonymous_3)
DA:1,1
DA:2,1
DA:3,1
DA:4,1
DA:5,1
DA:6,1
DA:8,1
DA:14,1
DA:18,0
DA:25,1
DA:28,0
DA:35,1
DA:40,0
DA:47,1
DA:50,0
DA:53,1
LF:16
LH:12
BRF:0
BRH:0
end_of_record
TN:
SF:src\modules\donations\donations.schema.ts
FNF:0
FNH:0
DA:1,1
DA:3,1
DA:9,1
DA:14,1
LF:4
LH:4
BRF:0
BRH:0
end_of_record
TN:
SF:src\modules\donations\donations.service.ts
FN:9,(anonymous_0)
FN:51,(anonymous_1)
FN:105,(anonymous_2)
FN:120,(anonymous_3)
FNF:4
FNH:0
FNDA:0,(anonymous_0)
FNDA:0,(anonymous_1)
FNDA:0,(anonymous_2)
FNDA:0,(anonymous_3)
DA:1,1
DA:2,1
DA:5,1
DA:10,0
DA:12,0
DA:13,0
DA:16,0
DA:21,0
DA:22,0
DA:25,0
DA:26,0
DA:30,0
DA:37,0
DA:38,0
DA:40,0
DA:41,0
DA:43,0
DA:52,0
DA:54,0
DA:55,0
DA:57,0
DA:62,0
DA:63,0
DA:66,0
DA:68,0
DA:69,0
DA:73,0
DA:79,0
DA:85,0
DA:91,0
DA:93,0
DA:95,0
DA:96,0
DA:98,0
DA:106,0
DA:114,0
DA:121,0
DA:129,0
DA:133,1
LF:39
LH:4
BRDA:21,0,0,0
BRDA:25,1,0,0
BRDA:34,2,0,0
BRDA:34,2,1,0
BRDA:62,3,0,0
BRDA:68,4,0,0
BRF:6
BRH:0
end_of_record
TN:
SF:src\modules\tasks\tasks.controller.ts
FN:7,(anonymous_0)
FN:15,(anonymous_1)
FN:22,(anonymous_2)
FN:36,(anonymous_3)
FN:44,(anonymous_4)
FN:53,(anonymous_5)
FNF:6
FNH:0
FNDA:0,(anonymous_0)
FNDA:0,(anonymous_1)
FNDA:0,(anonymous_2)
FNDA:0,(anonymous_3)
FNDA:0,(anonymous_4)
FNDA:0,(anonymous_5)
DA:3,1
DA:6,1
DA:8,0
DA:9,0
DA:10,0
DA:11,0
DA:12,0
DA:16,0
DA:17,0
DA:18,0
DA:19,0
DA:23,0
DA:24,0
DA:25,0
DA:28,0
DA:29,0
DA:32,0
DA:33,0
DA:37,0
DA:38,0
DA:39,0
DA:40,0
DA:41,0
DA:45,0
DA:46,0
DA:47,0
DA:48,0
DA:49,0
DA:50,0
DA:54,0
DA:55,0
DA:56,0
DA:57,0
DA:58,0
DA:62,1
LF:35
LH:3
BRDA:9,0,0,0
BRDA:28,1,0,0
BRDA:46,2,0,0
BRF:3
BRH:0
end_of_record
TN:
SF:src\modules\tasks\tasks.routes.ts
FN:18,(anonymous_0)
FN:30,(anonymous_1)
FN:41,(anonymous_2)
FN:53,(anonymous_3)
FN:66,(anonymous_4)
FN:77,(anonymous_5)
FNF:6
FNH:0
FNDA:0,(anonymous_0)
FNDA:0,(anonymous_1)
FNDA:0,(anonymous_2)
FNDA:0,(anonymous_3)
FNDA:0,(anonymous_4)
FNDA:0,(anonymous_5)
DA:1,1
DA:2,1
DA:3,1
DA:4,1
DA:5,1
DA:6,1
DA:8,1
DA:15,1
DA:18,0
DA:25,1
DA:30,0
DA:37,1
DA:41,0
DA:48,1
DA:53,0
DA:61,1
DA:66,0
DA:73,1
DA:77,0
DA:80,1
LF:20
LH:14
BRF:0
BRH:0
end_of_record
TN:
SF:src\modules\tasks\tasks.schema.ts
FNF:0
FNH:0
DA:1,1
DA:3,1
DA:20,1
DA:37,1
LF:4
LH:4
BRF:0
BRH:0
end_of_record
TN:
SF:src\modules\tasks\tasks.service.ts
FN:38,(anonymous_0)
FN:83,(anonymous_1)
FN:107,(anonymous_2)
FN:133,(anonymous_3)
FN:188,(anonymous_4)
FN:261,(anonymous_5)
FN:279,(anonymous_6)
FNF:7
FNH:0
FNDA:0,(anonymous_0)
FNDA:0,(anonymous_1)
FNDA:0,(anonymous_2)
FNDA:0,(anonymous_3)
FNDA:0,(anonymous_4)
FNDA:0,(anonymous_5)
FNDA:0,(anonymous_6)
DA:1,1
DA:2,1
DA:34,1
DA:39,0
DA:68,0
DA:71,0
DA:77,0
DA:84,0
DA:101,0
DA:108,0
DA:123,0
DA:124,0
DA:127,0
DA:134,0
DA:135,0
DA:136,0
DA:138,0
DA:141,0
DA:142,0
DA:145,0
DA:146,0
DA:147,0
DA:148,0
DA:151,0
DA:152,0
DA:153,0
DA:154,0
DA:155,0
DA:157,0
DA:158,0
DA:160,0
DA:164,0
DA:165,0
DA:168,0
DA:169,0
DA:174,0
DA:175,0
DA:178,0
DA:189,0
DA:191,0
DA:192,0
DA:195,0
DA:203,0
DA:204,0
DA:205,0
DA:208,0
DA:210,0
DA:211,0
DA:212,0
DA:218,0
DA:219,0
DA:220,0
DA:224,0
DA:235,0
DA:242,0
DA:247,0
DA:249,0
DA:251,0
DA:252,0
DA:254,0
DA:262,0
DA:270,0
DA:280,0
DA:288,0
DA:292,1
LF:65
LH:4
BRDA:50,0,0,0
BRDA:50,0,1,0
BRDA:51,1,0,0
BRDA:51,1,1,0
BRDA:55,2,0,0
BRDA:55,2,1,0
BRDA:56,3,0,0
BRDA:56,3,1,0
BRDA:61,4,0,0
BRDA:61,4,1,0
BRDA:123,5,0,0
BRDA:141,6,0,0
BRDA:141,7,0,0
BRDA:141,7,1,0
BRDA:152,8,0,0
BRDA:153,9,0,0
BRDA:153,9,1,0
BRDA:164,10,0,0
BRDA:174,11,0,0
BRDA:203,12,0,0
BRDA:210,13,0,0
BRDA:218,14,0,0
BRF:22
BRH:0
end_of_record
